[1.250s] Invoking command in '/home/ajdj/Workspaces/turtlebot3_ws/turtlebot3_modulo2/src/laser_scan_adjuster': PYTHONPATH=/home/ajdj/Workspaces/turtlebot3_ws/turtlebot3_modulo2/build/laser_scan_adjuster/prefix_override:/usr/lib/python3/dist-packages/colcon_core/task/python/colcon_distutils_commands:/home/ajdj/Workspaces/turtlebot3_ws/turtlebot3_modulo2/install/laser_scan_adjuster/lib/python3.10/site-packages:${PYTHONPATH} /usr/bin/python3 -W ignore:setup.py install is deprecated setup.py egg_info --egg-base ../../build/laser_scan_adjuster build --build-base /home/ajdj/Workspaces/turtlebot3_ws/turtlebot3_modulo2/build/laser_scan_adjuster/build install --record /home/ajdj/Workspaces/turtlebot3_ws/turtlebot3_modulo2/build/laser_scan_adjuster/install.log --single-version-externally-managed install_data
[1.588s] running egg_info
[1.589s] creating ../../build/laser_scan_adjuster/laser_scan_adjuster.egg-info
[1.589s] writing ../../build/laser_scan_adjuster/laser_scan_adjuster.egg-info/PKG-INFO
[1.589s] writing dependency_links to ../../build/laser_scan_adjuster/laser_scan_adjuster.egg-info/dependency_links.txt
[1.589s] writing entry points to ../../build/laser_scan_adjuster/laser_scan_adjuster.egg-info/entry_points.txt
[1.589s] writing requirements to ../../build/laser_scan_adjuster/laser_scan_adjuster.egg-info/requires.txt
[1.589s] writing top-level names to ../../build/laser_scan_adjuster/laser_scan_adjuster.egg-info/top_level.txt
[1.590s] writing manifest file '../../build/laser_scan_adjuster/laser_scan_adjuster.egg-info/SOURCES.txt'
[1.592s] reading manifest file '../../build/laser_scan_adjuster/laser_scan_adjuster.egg-info/SOURCES.txt'
[1.594s] writing manifest file '../../build/laser_scan_adjuster/laser_scan_adjuster.egg-info/SOURCES.txt'
[1.594s] running build
[1.595s] running build_py
[1.595s] creating /home/ajdj/Workspaces/turtlebot3_ws/turtlebot3_modulo2/build/laser_scan_adjuster/build
[1.595s] creating /home/ajdj/Workspaces/turtlebot3_ws/turtlebot3_modulo2/build/laser_scan_adjuster/build/lib
[1.595s] creating /home/ajdj/Workspaces/turtlebot3_ws/turtlebot3_modulo2/build/laser_scan_adjuster/build/lib/laser_scan_adjuster
[1.595s] copying laser_scan_adjuster/adjust_scan.py -> /home/ajdj/Workspaces/turtlebot3_ws/turtlebot3_modulo2/build/laser_scan_adjuster/build/lib/laser_scan_adjuster
[1.615s] copying laser_scan_adjuster/__init__.py -> /home/ajdj/Workspaces/turtlebot3_ws/turtlebot3_modulo2/build/laser_scan_adjuster/build/lib/laser_scan_adjuster
[1.615s] running install
[1.616s] running install_lib
[1.618s] creating /home/ajdj/Workspaces/turtlebot3_ws/turtlebot3_modulo2/install/laser_scan_adjuster/lib/python3.10/site-packages/laser_scan_adjuster
[1.618s] copying /home/ajdj/Workspaces/turtlebot3_ws/turtlebot3_modulo2/build/laser_scan_adjuster/build/lib/laser_scan_adjuster/adjust_scan.py -> /home/ajdj/Workspaces/turtlebot3_ws/turtlebot3_modulo2/install/laser_scan_adjuster/lib/python3.10/site-packages/laser_scan_adjuster
[1.618s] copying /home/ajdj/Workspaces/turtlebot3_ws/turtlebot3_modulo2/build/laser_scan_adjuster/build/lib/laser_scan_adjuster/__init__.py -> /home/ajdj/Workspaces/turtlebot3_ws/turtlebot3_modulo2/install/laser_scan_adjuster/lib/python3.10/site-packages/laser_scan_adjuster
[1.619s] byte-compiling /home/ajdj/Workspaces/turtlebot3_ws/turtlebot3_modulo2/install/laser_scan_adjuster/lib/python3.10/site-packages/laser_scan_adjuster/adjust_scan.py to adjust_scan.cpython-310.pyc
[1.620s] byte-compiling /home/ajdj/Workspaces/turtlebot3_ws/turtlebot3_modulo2/install/laser_scan_adjuster/lib/python3.10/site-packages/laser_scan_adjuster/__init__.py to __init__.cpython-310.pyc
[1.620s] running install_data
[1.620s] creating /home/ajdj/Workspaces/turtlebot3_ws/turtlebot3_modulo2/install/laser_scan_adjuster/share/ament_index
[1.620s] creating /home/ajdj/Workspaces/turtlebot3_ws/turtlebot3_modulo2/install/laser_scan_adjuster/share/ament_index/resource_index
[1.620s] creating /home/ajdj/Workspaces/turtlebot3_ws/turtlebot3_modulo2/install/laser_scan_adjuster/share/ament_index/resource_index/packages
[1.620s] copying resource/laser_scan_adjuster -> /home/ajdj/Workspaces/turtlebot3_ws/turtlebot3_modulo2/install/laser_scan_adjuster/share/ament_index/resource_index/packages
[1.620s] copying package.xml -> /home/ajdj/Workspaces/turtlebot3_ws/turtlebot3_modulo2/install/laser_scan_adjuster/share/laser_scan_adjuster
[1.621s] running install_egg_info
[1.624s] Copying ../../build/laser_scan_adjuster/laser_scan_adjuster.egg-info to /home/ajdj/Workspaces/turtlebot3_ws/turtlebot3_modulo2/install/laser_scan_adjuster/lib/python3.10/site-packages/laser_scan_adjuster-0.0.0-py3.10.egg-info
[1.624s] running install_scripts
[1.656s] Installing adjust_scan script to /home/ajdj/Workspaces/turtlebot3_ws/turtlebot3_modulo2/install/laser_scan_adjuster/lib/laser_scan_adjuster
[1.656s] writing list of installed files to '/home/ajdj/Workspaces/turtlebot3_ws/turtlebot3_modulo2/build/laser_scan_adjuster/install.log'
[1.705s] Invoked command in '/home/ajdj/Workspaces/turtlebot3_ws/turtlebot3_modulo2/src/laser_scan_adjuster' returned '0': PYTHONPATH=/home/ajdj/Workspaces/turtlebot3_ws/turtlebot3_modulo2/build/laser_scan_adjuster/prefix_override:/usr/lib/python3/dist-packages/colcon_core/task/python/colcon_distutils_commands:/home/ajdj/Workspaces/turtlebot3_ws/turtlebot3_modulo2/install/laser_scan_adjuster/lib/python3.10/site-packages:${PYTHONPATH} /usr/bin/python3 -W ignore:setup.py install is deprecated setup.py egg_info --egg-base ../../build/laser_scan_adjuster build --build-base /home/ajdj/Workspaces/turtlebot3_ws/turtlebot3_modulo2/build/laser_scan_adjuster/build install --record /home/ajdj/Workspaces/turtlebot3_ws/turtlebot3_modulo2/build/laser_scan_adjuster/install.log --single-version-externally-managed install_data
