[4.764s] Invoking command in '/home/ajdj/Workspaces/turtlebot3_ws/turtlebot3_modulo2/src/camara': PYTHONPATH=/home/ajdj/Workspaces/turtlebot3_ws/turtlebot3_modulo2/build/camara/prefix_override:/usr/lib/python3/dist-packages/colcon_core/task/python/colcon_distutils_commands:/home/ajdj/Workspaces/turtlebot3_ws/turtlebot3_modulo2/install/camara/lib/python3.10/site-packages:${PYTHONPATH} /usr/bin/python3 -W ignore:setup.py install is deprecated setup.py egg_info --egg-base ../../build/camara build --build-base /home/ajdj/Workspaces/turtlebot3_ws/turtlebot3_modulo2/build/camara/build install --record /home/ajdj/Workspaces/turtlebot3_ws/turtlebot3_modulo2/build/camara/install.log --single-version-externally-managed install_data
[6.581s] running egg_info
[6.587s] writing ../../build/camara/camara.egg-info/PKG-INFO
[6.588s] writing dependency_links to ../../build/camara/camara.egg-info/dependency_links.txt
[6.590s] writing entry points to ../../build/camara/camara.egg-info/entry_points.txt
[6.593s] writing requirements to ../../build/camara/camara.egg-info/requires.txt
[6.595s] writing top-level names to ../../build/camara/camara.egg-info/top_level.txt
[6.611s] reading manifest file '../../build/camara/camara.egg-info/SOURCES.txt'
[6.621s] writing manifest file '../../build/camara/camara.egg-info/SOURCES.txt'
[6.622s] running build
[6.622s] running build_py
[6.627s] running install
[6.633s] running install_lib
[6.654s] running install_data
[6.656s] running install_egg_info
[6.682s] removing '/home/ajdj/Workspaces/turtlebot3_ws/turtlebot3_modulo2/install/camara/lib/python3.10/site-packages/camara-0.0.0-py3.10.egg-info' (and everything under it)
[6.682s] Copying ../../build/camara/camara.egg-info to /home/ajdj/Workspaces/turtlebot3_ws/turtlebot3_modulo2/install/camara/lib/python3.10/site-packages/camara-0.0.0-py3.10.egg-info
[6.692s] running install_scripts
[6.908s] Installing camara_client script to /home/ajdj/Workspaces/turtlebot3_ws/turtlebot3_modulo2/install/camara/lib/camara
[6.908s] Installing camara_server script to /home/ajdj/Workspaces/turtlebot3_ws/turtlebot3_modulo2/install/camara/lib/camara
[6.930s] writing list of installed files to '/home/ajdj/Workspaces/turtlebot3_ws/turtlebot3_modulo2/build/camara/install.log'
[7.409s] Invoked command in '/home/ajdj/Workspaces/turtlebot3_ws/turtlebot3_modulo2/src/camara' returned '0': PYTHONPATH=/home/ajdj/Workspaces/turtlebot3_ws/turtlebot3_modulo2/build/camara/prefix_override:/usr/lib/python3/dist-packages/colcon_core/task/python/colcon_distutils_commands:/home/ajdj/Workspaces/turtlebot3_ws/turtlebot3_modulo2/install/camara/lib/python3.10/site-packages:${PYTHONPATH} /usr/bin/python3 -W ignore:setup.py install is deprecated setup.py egg_info --egg-base ../../build/camara build --build-base /home/ajdj/Workspaces/turtlebot3_ws/turtlebot3_modulo2/build/camara/build install --record /home/ajdj/Workspaces/turtlebot3_ws/turtlebot3_modulo2/build/camara/install.log --single-version-externally-managed install_data
