[0.015s] Invoking command in '/home/ajdj/Workspaces/turtlebot3_ws/turtlebot3_modulo2/build/interface_turtlebot': CMAKE_PREFIX_PATH=/opt/ros/humble /usr/bin/cmake /home/ajdj/Workspaces/turtlebot3_ws/turtlebot3_modulo2/src/interface_turtlebot -DCMAKE_INSTALL_PREFIX=/home/ajdj/Workspaces/turtlebot3_ws/turtlebot3_modulo2/install/interface_turtlebot
[1.673s] -- The C compiler identification is GNU 11.4.0
[2.283s] -- The CXX compiler identification is GNU 11.4.0
[2.622s] -- Detecting C compiler ABI info
[2.949s] -- Detecting C compiler ABI info - done
[2.960s] -- Check for working C compiler: /usr/bin/cc - skipped
[2.966s] -- Detecting C compile features
[3.052s] -- Detecting C compile features - done
[3.088s] -- Detecting CXX compiler ABI info
[3.265s] -- Detecting CXX compiler ABI info - done
[3.276s] -- Check for working CXX compiler: /usr/bin/c++ - skipped
[3.277s] -- Detecting CXX compile features
[3.278s] -- Detecting CXX compile features - done
[3.939s] -- Found ament_cmake: 1.3.10 (/opt/ros/humble/share/ament_cmake/cmake)
[5.021s] -- Found Python3: /usr/bin/python3 (found version "3.10.12") found components: Interpreter 
[6.966s] -- Found rclcpp: 16.0.10 (/opt/ros/humble/share/rclcpp/cmake)
[8.902s] -- Found rosidl_generator_c: 3.1.5 (/opt/ros/humble/share/rosidl_generator_c/cmake)
[9.084s] -- Found rosidl_adapter: 3.1.5 (/opt/ros/humble/share/rosidl_adapter/cmake)
[9.324s] -- Found rosidl_generator_cpp: 3.1.5 (/opt/ros/humble/share/rosidl_generator_cpp/cmake)
[9.641s] -- Using all available rosidl_typesupport_c: rosidl_typesupport_fastrtps_c;rosidl_typesupport_introspection_c
[10.013s] -- Using all available rosidl_typesupport_cpp: rosidl_typesupport_fastrtps_cpp;rosidl_typesupport_introspection_cpp
[11.311s] -- Found rmw_implementation_cmake: 6.1.2 (/opt/ros/humble/share/rmw_implementation_cmake/cmake)
[11.628s] -- Found rmw_fastrtps_cpp: 6.2.7 (/opt/ros/humble/share/rmw_fastrtps_cpp/cmake)
[13.515s] -- Found OpenSSL: /usr/lib/x86_64-linux-gnu/libcrypto.so (found version "3.0.2")  
[13.696s] -- Found FastRTPS: /opt/ros/humble/include  
[13.773s] -- Using RMW implementation 'rmw_fastrtps_cpp' as default
[14.312s] -- Looking for pthread.h
[15.160s] -- Looking for pthread.h - found
[15.160s] -- Performing Test CMAKE_HAVE_LIBC_PTHREAD
[15.339s] -- Performing Test CMAKE_HAVE_LIBC_PTHREAD - Success
[15.340s] -- Found Threads: TRUE  
[16.049s] -- Found image_transport: 3.1.9 (/opt/ros/humble/share/image_transport/cmake)
[17.311s] -- Found rviz_common: 11.2.13 (/opt/ros/humble/share/rviz_common/cmake)
[19.081s] -- Setting assimp_DIR to: '/opt/ros/humble/share/rviz_assimp_vendor/cmake/../../../opt/rviz_assimp_vendor/lib/cmake/assimp-4.1'
[19.640s] -- Setting OGRE_DIR to: '/opt/ros/humble/share/rviz_ogre_vendor/cmake/../../../opt/rviz_ogre_vendor/lib/OGRE/cmake'
[19.828s] -- Found OGRE
[19.828s] --   static     : OFF
[19.830s] --   components : HLMS;MeshLodGenerator;Overlay;Paging;Property;RTShaderSystem;Terrain;Volume
[19.830s] --   plugins    : Plugin_BSPSceneManager;Plugin_OctreeSceneManager;Plugin_PCZSceneManager;Plugin_ParticleFX;RenderSystem_GL;RenderSystem_GL3Plus;Codec_STBI
[19.830s] --   media      : /opt/ros/humble/opt/rviz_ogre_vendor/share/OGRE/Media
[19.830s] -- OGRE_LIBRARIES: OgreHLMS;OgreMeshLodGenerator;OgreOverlay;OgrePaging;OgreProperty;OgreRTShaderSystem;OgreTerrain;OgreVolume;OgreMain
[19.831s] -- OGRE_LIBRARY_DIRS: /opt/ros/humble/opt/rviz_ogre_vendor/lib
[19.831s] -- OGRE_PLUGINS: Plugin_BSPSceneManager;Plugin_OctreeSceneManager;Plugin_PCZSceneManager;Plugin_ParticleFX;RenderSystem_GL;RenderSystem_GL3Plus;Codec_STBI
[19.831s] -- OGRE_PLUGIN_DIR: /opt/ros/humble/opt/rviz_ogre_vendor/lib/OGRE
[19.832s] -- rviz_ogre_vendor::OgreOverlay for IMPORTED_LOCATION_RELEASE: /opt/ros/humble/opt/rviz_ogre_vendor/lib/libOgreOverlay.so
[19.832s] -- rviz_ogre_vendor::OgreOverlay for IMPORTED_LOCATION_DEBUG: /opt/ros/humble/opt/rviz_ogre_vendor/lib/libOgreOverlay.so
[19.832s] -- rviz_ogre_vendor::OgreMain for IMPORTED_LOCATION_RELEASE: /opt/ros/humble/opt/rviz_ogre_vendor/lib/libOgreMain.so
[19.832s] -- rviz_ogre_vendor::OgreMain for IMPORTED_LOCATION_DEBUG: /opt/ros/humble/opt/rviz_ogre_vendor/lib/libOgreMain.so
[20.367s] -- Found ZLIB: /usr/lib/x86_64-linux-gnu/libz.so (found version "1.2.11") 
[20.457s] -- Found OpenGL: /usr/lib/x86_64-linux-gnu/libOpenGL.so   
[23.213s] -- Found X11: /usr/include   
[23.446s] -- Looking for XOpenDisplay in /usr/lib/x86_64-linux-gnu/libX11.so;/usr/lib/x86_64-linux-gnu/libXext.so
[23.999s] -- Looking for XOpenDisplay in /usr/lib/x86_64-linux-gnu/libX11.so;/usr/lib/x86_64-linux-gnu/libXext.so - found
[23.999s] -- Looking for gethostbyname
[24.099s] -- Looking for gethostbyname - found
[24.100s] -- Looking for connect
[24.188s] -- Looking for connect - found
[24.188s] -- Looking for remove
[24.288s] -- Looking for remove - found
[24.288s] -- Looking for shmat
[24.404s] -- Looking for shmat - found
[24.404s] -- Looking for IceConnectionNumber in ICE
[24.510s] -- Looking for IceConnectionNumber in ICE - found
[25.213s] -- library: /usr/lib/x86_64-linux-gnu/libcurl.so
[25.561s] -- Found Eigen3: TRUE (found version "3.4.0") 
[25.561s] -- Ensuring Eigen3 include directory is part of orocos-kdl CMake target
[27.694s] -- Configuring done
[27.782s] [31mCMake Error at CMakeLists.txt:38 (add_executable):
[27.782s]   Cannot find source file:
[27.782s] 
[27.783s]     include/hazmat_interface/main_window.hpp
[27.783s] 
[27.783s]   Tried extensions .c .C .c++ .cc .cpp .cxx .cu .mpp .m .M .mm .ixx .cppm .h
[27.783s]   .hh .h++ .hm .hpp .hxx .in .txx .f .F .for .f77 .f90 .f95 .f03 .hip .ispc
[27.783s] 
[27.783s] [0m
[30.762s] -- Generating done
[30.766s] [0mCMake Generate step failed.  Build files cannot be regenerated correctly.[0m
[30.792s] Invoked command in '/home/ajdj/Workspaces/turtlebot3_ws/turtlebot3_modulo2/build/interface_turtlebot' returned '1': CMAKE_PREFIX_PATH=/opt/ros/humble /usr/bin/cmake /home/ajdj/Workspaces/turtlebot3_ws/turtlebot3_modulo2/src/interface_turtlebot -DCMAKE_INSTALL_PREFIX=/home/ajdj/Workspaces/turtlebot3_ws/turtlebot3_modulo2/install/interface_turtlebot
