[2.361s] Invoking command in '/home/ajdj/Workspaces/turtlebot3_ws/turtlebot3_modulo2/src/hazmat_marker': PYTHONPATH=/home/ajdj/Workspaces/turtlebot3_ws/turtlebot3_modulo2/build/hazmat_marker/prefix_override:/usr/lib/python3/dist-packages/colcon_core/task/python/colcon_distutils_commands:/home/ajdj/Workspaces/turtlebot3_ws/turtlebot3_modulo2/install/hazmat_marker/lib/python3.10/site-packages:${PYTHONPATH} /usr/bin/python3 -W ignore:setup.py install is deprecated setup.py egg_info --egg-base ../../build/hazmat_marker build --build-base /home/ajdj/Workspaces/turtlebot3_ws/turtlebot3_modulo2/build/hazmat_marker/build install --record /home/ajdj/Workspaces/turtlebot3_ws/turtlebot3_modulo2/build/hazmat_marker/install.log --single-version-externally-managed install_data
[2.851s] running egg_info
[2.855s] writing ../../build/hazmat_marker/hazmat_marker.egg-info/PKG-INFO
[2.855s] writing dependency_links to ../../build/hazmat_marker/hazmat_marker.egg-info/dependency_links.txt
[2.855s] writing entry points to ../../build/hazmat_marker/hazmat_marker.egg-info/entry_points.txt
[2.856s] writing requirements to ../../build/hazmat_marker/hazmat_marker.egg-info/requires.txt
[2.857s] writing top-level names to ../../build/hazmat_marker/hazmat_marker.egg-info/top_level.txt
[2.864s] reading manifest file '../../build/hazmat_marker/hazmat_marker.egg-info/SOURCES.txt'
[2.869s] writing manifest file '../../build/hazmat_marker/hazmat_marker.egg-info/SOURCES.txt'
[2.871s] running build
[2.872s] running build_py
[2.873s] running install
[2.876s] running install_lib
[2.878s] running install_data
[2.879s] running install_egg_info
[2.886s] removing '/home/ajdj/Workspaces/turtlebot3_ws/turtlebot3_modulo2/install/hazmat_marker/lib/python3.10/site-packages/hazmat_marker-0.1.0-py3.10.egg-info' (and everything under it)
[2.892s] Copying ../../build/hazmat_marker/hazmat_marker.egg-info to /home/ajdj/Workspaces/turtlebot3_ws/turtlebot3_modulo2/install/hazmat_marker/lib/python3.10/site-packages/hazmat_marker-0.1.0-py3.10.egg-info
[2.893s] running install_scripts
[2.943s] Installing hazmat_marker script to /home/ajdj/Workspaces/turtlebot3_ws/turtlebot3_modulo2/install/hazmat_marker/lib/hazmat_marker
[2.943s] Installing hazmat_marker_aj script to /home/ajdj/Workspaces/turtlebot3_ws/turtlebot3_modulo2/install/hazmat_marker/lib/hazmat_marker
[2.946s] Installing hazmat_marker_al script to /home/ajdj/Workspaces/turtlebot3_ws/turtlebot3_modulo2/install/hazmat_marker/lib/hazmat_marker
[2.946s] writing list of installed files to '/home/ajdj/Workspaces/turtlebot3_ws/turtlebot3_modulo2/build/hazmat_marker/install.log'
[3.069s] Invoked command in '/home/ajdj/Workspaces/turtlebot3_ws/turtlebot3_modulo2/src/hazmat_marker' returned '0': PYTHONPATH=/home/ajdj/Workspaces/turtlebot3_ws/turtlebot3_modulo2/build/hazmat_marker/prefix_override:/usr/lib/python3/dist-packages/colcon_core/task/python/colcon_distutils_commands:/home/ajdj/Workspaces/turtlebot3_ws/turtlebot3_modulo2/install/hazmat_marker/lib/python3.10/site-packages:${PYTHONPATH} /usr/bin/python3 -W ignore:setup.py install is deprecated setup.py egg_info --egg-base ../../build/hazmat_marker build --build-base /home/ajdj/Workspaces/turtlebot3_ws/turtlebot3_modulo2/build/hazmat_marker/build install --record /home/ajdj/Workspaces/turtlebot3_ws/turtlebot3_modulo2/build/hazmat_marker/install.log --single-version-externally-managed install_data
