running egg_info
creating ../../build/motor_position_controller/motor_position_controller.egg-info
writing ../../build/motor_position_controller/motor_position_controller.egg-info/PKG-INFO
writing dependency_links to ../../build/motor_position_controller/motor_position_controller.egg-info/dependency_links.txt
writing entry points to ../../build/motor_position_controller/motor_position_controller.egg-info/entry_points.txt
writing requirements to ../../build/motor_position_controller/motor_position_controller.egg-info/requires.txt
writing top-level names to ../../build/motor_position_controller/motor_position_controller.egg-info/top_level.txt
writing manifest file '../../build/motor_position_controller/motor_position_controller.egg-info/SOURCES.txt'
reading manifest file '../../build/motor_position_controller/motor_position_controller.egg-info/SOURCES.txt'
writing manifest file '../../build/motor_position_controller/motor_position_controller.egg-info/SOURCES.txt'
running build
running build_py
creating /home/ajdj/Workspaces/turtlebot3_ws/turtlebot3_modulo2/build/motor_position_controller/build
creating /home/ajdj/Workspaces/turtlebot3_ws/turtlebot3_modulo2/build/motor_position_controller/build/lib
creating /home/ajdj/Workspaces/turtlebot3_ws/turtlebot3_modulo2/build/motor_position_controller/build/lib/motor_position_controller
copying motor_position_controller/__init__.py -> /home/ajdj/Workspaces/turtlebot3_ws/turtlebot3_modulo2/build/motor_position_controller/build/lib/motor_position_controller
running install
running install_lib
creating /home/ajdj/Workspaces/turtlebot3_ws/turtlebot3_modulo2/install/motor_position_controller/lib/python3.10/site-packages/motor_position_controller
copying /home/ajdj/Workspaces/turtlebot3_ws/turtlebot3_modulo2/build/motor_position_controller/build/lib/motor_position_controller/__init__.py -> /home/ajdj/Workspaces/turtlebot3_ws/turtlebot3_modulo2/install/motor_position_controller/lib/python3.10/site-packages/motor_position_controller
byte-compiling /home/ajdj/Workspaces/turtlebot3_ws/turtlebot3_modulo2/install/motor_position_controller/lib/python3.10/site-packages/motor_position_controller/__init__.py to __init__.cpython-310.pyc
running install_data
creating /home/ajdj/Workspaces/turtlebot3_ws/turtlebot3_modulo2/install/motor_position_controller/share/ament_index
creating /home/ajdj/Workspaces/turtlebot3_ws/turtlebot3_modulo2/install/motor_position_controller/share/ament_index/resource_index
creating /home/ajdj/Workspaces/turtlebot3_ws/turtlebot3_modulo2/install/motor_position_controller/share/ament_index/resource_index/packages
copying resource/motor_position_controller -> /home/ajdj/Workspaces/turtlebot3_ws/turtlebot3_modulo2/install/motor_position_controller/share/ament_index/resource_index/packages
copying package.xml -> /home/ajdj/Workspaces/turtlebot3_ws/turtlebot3_modulo2/install/motor_position_controller/share/motor_position_controller
running install_egg_info
Copying ../../build/motor_position_controller/motor_position_controller.egg-info to /home/ajdj/Workspaces/turtlebot3_ws/turtlebot3_modulo2/install/motor_position_controller/lib/python3.10/site-packages/motor_position_controller-0.0.0-py3.10.egg-info
running install_scripts
Installing motor_position_controller script to /home/ajdj/Workspaces/turtlebot3_ws/turtlebot3_modulo2/install/motor_position_controller/lib/motor_position_controller
writing list of installed files to '/home/ajdj/Workspaces/turtlebot3_ws/turtlebot3_modulo2/build/motor_position_controller/install.log'
