[0.207s] DEBUG:colcon:Command line arguments: ['/usr/bin/colcon', 'build']
[0.207s] DEBUG:colcon:Parsed command line arguments: Namespace(log_base=None, log_level=None, verb_name='build', build_base='build', install_base='install', merge_install=False, symlink_install=False, test_result_base=None, continue_on_error=False, executor='parallel', parallel_workers=4, event_handlers=None, ignore_user_meta=False, metas=['./colcon.meta'], base_paths=['.'], packages_ignore=None, packages_ignore_regex=None, paths=None, packages_up_to=None, packages_up_to_regex=None, packages_above=None, packages_above_and_dependencies=None, packages_above_depth=None, packages_select_by_dep=None, packages_skip_by_dep=None, packages_skip_up_to=None, packages_select_build_failed=False, packages_skip_build_finished=False, packages_select_test_failures=False, packages_skip_test_passed=False, packages_select=None, packages_skip=None, packages_select_regex=None, packages_skip_regex=None, packages_start=None, packages_end=None, allow_overriding=[], cmake_args=None, cmake_target=None, cmake_target_skip_unavailable=False, cmake_clean_cache=False, cmake_clean_first=False, cmake_force_configure=False, ament_cmake_args=None, catkin_cmake_args=None, catkin_skip_building_tests=False, verb_parser=<colcon_defaults.argument_parser.defaults.DefaultArgumentsDecorator object at 0x7c3bfb632b00>, verb_extension=<colcon_core.verb.build.BuildVerb object at 0x7c3bfb632440>, main=<bound method BuildVerb.main of <colcon_core.verb.build.BuildVerb object at 0x7c3bfb632440>>)
[0.530s] Level 1:colcon.colcon_core.package_discovery:discover_packages(colcon_meta) check parameters
[0.530s] Level 1:colcon.colcon_core.package_discovery:discover_packages(recursive) check parameters
[0.530s] Level 1:colcon.colcon_core.package_discovery:discover_packages(ignore) check parameters
[0.530s] Level 1:colcon.colcon_core.package_discovery:discover_packages(path) check parameters
[0.530s] Level 1:colcon.colcon_core.package_discovery:discover_packages(colcon_meta) discover
[0.530s] Level 1:colcon.colcon_core.package_discovery:discover_packages(recursive) discover
[0.531s] INFO:colcon.colcon_core.package_discovery:Crawling recursively for packages in '/home/ajdj/Workspaces/turtlebot3_ws/turtlebot3_modulo2'
[0.531s] Level 1:colcon.colcon_core.package_identification:_identify(.) by extensions ['ignore', 'ignore_ament_install']
[0.531s] Level 1:colcon.colcon_core.package_identification:_identify(.) by extension 'ignore'
[0.531s] Level 1:colcon.colcon_core.package_identification:_identify(.) by extension 'ignore_ament_install'
[0.531s] Level 1:colcon.colcon_core.package_identification:_identify(.) by extensions ['colcon_pkg']
[0.531s] Level 1:colcon.colcon_core.package_identification:_identify(.) by extension 'colcon_pkg'
[0.531s] Level 1:colcon.colcon_core.package_identification:_identify(.) by extensions ['colcon_meta']
[0.531s] Level 1:colcon.colcon_core.package_identification:_identify(.) by extension 'colcon_meta'
[0.531s] Level 1:colcon.colcon_core.package_identification:_identify(.) by extensions ['ros']
[0.531s] Level 1:colcon.colcon_core.package_identification:_identify(.) by extension 'ros'
[0.553s] Level 1:colcon.colcon_core.package_identification:_identify(.) by extensions ['cmake', 'python']
[0.553s] Level 1:colcon.colcon_core.package_identification:_identify(.) by extension 'cmake'
[0.553s] Level 1:colcon.colcon_core.package_identification:_identify(.) by extension 'python'
[0.553s] Level 1:colcon.colcon_core.package_identification:_identify(.) by extensions ['python_setup_py']
[0.553s] Level 1:colcon.colcon_core.package_identification:_identify(.) by extension 'python_setup_py'
[0.554s] Level 1:colcon.colcon_core.package_identification:_identify(build) by extensions ['ignore', 'ignore_ament_install']
[0.554s] Level 1:colcon.colcon_core.package_identification:_identify(build) by extension 'ignore'
[0.554s] Level 1:colcon.colcon_core.package_identification:_identify(build) ignored
[0.554s] Level 1:colcon.colcon_core.package_identification:_identify(install) by extensions ['ignore', 'ignore_ament_install']
[0.554s] Level 1:colcon.colcon_core.package_identification:_identify(install) by extension 'ignore'
[0.554s] Level 1:colcon.colcon_core.package_identification:_identify(install) ignored
[0.554s] Level 1:colcon.colcon_core.package_identification:_identify(log) by extensions ['ignore', 'ignore_ament_install']
[0.555s] Level 1:colcon.colcon_core.package_identification:_identify(log) by extension 'ignore'
[0.555s] Level 1:colcon.colcon_core.package_identification:_identify(log) ignored
[0.555s] Level 1:colcon.colcon_core.package_identification:_identify(scripts) by extensions ['ignore', 'ignore_ament_install']
[0.555s] Level 1:colcon.colcon_core.package_identification:_identify(scripts) by extension 'ignore'
[0.555s] Level 1:colcon.colcon_core.package_identification:_identify(scripts) by extension 'ignore_ament_install'
[0.555s] Level 1:colcon.colcon_core.package_identification:_identify(scripts) by extensions ['colcon_pkg']
[0.555s] Level 1:colcon.colcon_core.package_identification:_identify(scripts) by extension 'colcon_pkg'
[0.555s] Level 1:colcon.colcon_core.package_identification:_identify(scripts) by extensions ['colcon_meta']
[0.555s] Level 1:colcon.colcon_core.package_identification:_identify(scripts) by extension 'colcon_meta'
[0.555s] Level 1:colcon.colcon_core.package_identification:_identify(scripts) by extensions ['ros']
[0.555s] Level 1:colcon.colcon_core.package_identification:_identify(scripts) by extension 'ros'
[0.556s] Level 1:colcon.colcon_core.package_identification:_identify(scripts) by extensions ['cmake', 'python']
[0.556s] Level 1:colcon.colcon_core.package_identification:_identify(scripts) by extension 'cmake'
[0.556s] Level 1:colcon.colcon_core.package_identification:_identify(scripts) by extension 'python'
[0.556s] Level 1:colcon.colcon_core.package_identification:_identify(scripts) by extensions ['python_setup_py']
[0.556s] Level 1:colcon.colcon_core.package_identification:_identify(scripts) by extension 'python_setup_py'
[0.556s] Level 1:colcon.colcon_core.package_identification:_identify(src) by extensions ['ignore', 'ignore_ament_install']
[0.556s] Level 1:colcon.colcon_core.package_identification:_identify(src) by extension 'ignore'
[0.556s] Level 1:colcon.colcon_core.package_identification:_identify(src) by extension 'ignore_ament_install'
[0.556s] Level 1:colcon.colcon_core.package_identification:_identify(src) by extensions ['colcon_pkg']
[0.556s] Level 1:colcon.colcon_core.package_identification:_identify(src) by extension 'colcon_pkg'
[0.556s] Level 1:colcon.colcon_core.package_identification:_identify(src) by extensions ['colcon_meta']
[0.556s] Level 1:colcon.colcon_core.package_identification:_identify(src) by extension 'colcon_meta'
[0.556s] Level 1:colcon.colcon_core.package_identification:_identify(src) by extensions ['ros']
[0.556s] Level 1:colcon.colcon_core.package_identification:_identify(src) by extension 'ros'
[0.557s] Level 1:colcon.colcon_core.package_identification:_identify(src) by extensions ['cmake', 'python']
[0.557s] Level 1:colcon.colcon_core.package_identification:_identify(src) by extension 'cmake'
[0.557s] Level 1:colcon.colcon_core.package_identification:_identify(src) by extension 'python'
[0.557s] Level 1:colcon.colcon_core.package_identification:_identify(src) by extensions ['python_setup_py']
[0.557s] Level 1:colcon.colcon_core.package_identification:_identify(src) by extension 'python_setup_py'
[0.557s] Level 1:colcon.colcon_core.package_identification:_identify(src/camara) by extensions ['ignore', 'ignore_ament_install']
[0.557s] Level 1:colcon.colcon_core.package_identification:_identify(src/camara) by extension 'ignore'
[0.557s] Level 1:colcon.colcon_core.package_identification:_identify(src/camara) by extension 'ignore_ament_install'
[0.557s] Level 1:colcon.colcon_core.package_identification:_identify(src/camara) by extensions ['colcon_pkg']
[0.557s] Level 1:colcon.colcon_core.package_identification:_identify(src/camara) by extension 'colcon_pkg'
[0.557s] Level 1:colcon.colcon_core.package_identification:_identify(src/camara) by extensions ['colcon_meta']
[0.557s] Level 1:colcon.colcon_core.package_identification:_identify(src/camara) by extension 'colcon_meta'
[0.558s] Level 1:colcon.colcon_core.package_identification:_identify(src/camara) by extensions ['ros']
[0.558s] Level 1:colcon.colcon_core.package_identification:_identify(src/camara) by extension 'ros'
[0.562s] DEBUG:colcon.colcon_core.package_identification:Package 'src/camara' with type 'ros.ament_python' and name 'camara'
[0.563s] Level 1:colcon.colcon_core.package_identification:_identify(src/explore_cpp) by extensions ['ignore', 'ignore_ament_install']
[0.563s] Level 1:colcon.colcon_core.package_identification:_identify(src/explore_cpp) by extension 'ignore'
[0.563s] Level 1:colcon.colcon_core.package_identification:_identify(src/explore_cpp) by extension 'ignore_ament_install'
[0.563s] Level 1:colcon.colcon_core.package_identification:_identify(src/explore_cpp) by extensions ['colcon_pkg']
[0.563s] Level 1:colcon.colcon_core.package_identification:_identify(src/explore_cpp) by extension 'colcon_pkg'
[0.563s] Level 1:colcon.colcon_core.package_identification:_identify(src/explore_cpp) by extensions ['colcon_meta']
[0.563s] Level 1:colcon.colcon_core.package_identification:_identify(src/explore_cpp) by extension 'colcon_meta'
[0.563s] Level 1:colcon.colcon_core.package_identification:_identify(src/explore_cpp) by extensions ['ros']
[0.563s] Level 1:colcon.colcon_core.package_identification:_identify(src/explore_cpp) by extension 'ros'
[0.566s] DEBUG:colcon.colcon_core.package_identification:Package 'src/explore_cpp' with type 'ros.ament_cmake' and name 'explore_cpp'
[0.566s] Level 1:colcon.colcon_core.package_identification:_identify(src/hazmat_marker) by extensions ['ignore', 'ignore_ament_install']
[0.567s] Level 1:colcon.colcon_core.package_identification:_identify(src/hazmat_marker) by extension 'ignore'
[0.567s] Level 1:colcon.colcon_core.package_identification:_identify(src/hazmat_marker) by extension 'ignore_ament_install'
[0.567s] Level 1:colcon.colcon_core.package_identification:_identify(src/hazmat_marker) by extensions ['colcon_pkg']
[0.567s] Level 1:colcon.colcon_core.package_identification:_identify(src/hazmat_marker) by extension 'colcon_pkg'
[0.567s] Level 1:colcon.colcon_core.package_identification:_identify(src/hazmat_marker) by extensions ['colcon_meta']
[0.567s] Level 1:colcon.colcon_core.package_identification:_identify(src/hazmat_marker) by extension 'colcon_meta'
[0.567s] Level 1:colcon.colcon_core.package_identification:_identify(src/hazmat_marker) by extensions ['ros']
[0.567s] Level 1:colcon.colcon_core.package_identification:_identify(src/hazmat_marker) by extension 'ros'
[0.569s] DEBUG:colcon.colcon_core.package_identification:Package 'src/hazmat_marker' with type 'ros.ament_python' and name 'hazmat_marker'
[0.570s] Level 1:colcon.colcon_core.package_identification:_identify(src/joint_state_publisher_custom) by extensions ['ignore', 'ignore_ament_install']
[0.570s] Level 1:colcon.colcon_core.package_identification:_identify(src/joint_state_publisher_custom) by extension 'ignore'
[0.570s] Level 1:colcon.colcon_core.package_identification:_identify(src/joint_state_publisher_custom) by extension 'ignore_ament_install'
[0.570s] Level 1:colcon.colcon_core.package_identification:_identify(src/joint_state_publisher_custom) by extensions ['colcon_pkg']
[0.570s] Level 1:colcon.colcon_core.package_identification:_identify(src/joint_state_publisher_custom) by extension 'colcon_pkg'
[0.570s] Level 1:colcon.colcon_core.package_identification:_identify(src/joint_state_publisher_custom) by extensions ['colcon_meta']
[0.570s] Level 1:colcon.colcon_core.package_identification:_identify(src/joint_state_publisher_custom) by extension 'colcon_meta'
[0.570s] Level 1:colcon.colcon_core.package_identification:_identify(src/joint_state_publisher_custom) by extensions ['ros']
[0.570s] Level 1:colcon.colcon_core.package_identification:_identify(src/joint_state_publisher_custom) by extension 'ros'
[0.572s] DEBUG:colcon.colcon_core.package_identification:Package 'src/joint_state_publisher_custom' with type 'ros.ament_python' and name 'joint_state_publisher_custom'
[0.572s] Level 1:colcon.colcon_core.package_identification:_identify(src/laser_scan_adjuster) by extensions ['ignore', 'ignore_ament_install']
[0.572s] Level 1:colcon.colcon_core.package_identification:_identify(src/laser_scan_adjuster) by extension 'ignore'
[0.572s] Level 1:colcon.colcon_core.package_identification:_identify(src/laser_scan_adjuster) by extension 'ignore_ament_install'
[0.572s] Level 1:colcon.colcon_core.package_identification:_identify(src/laser_scan_adjuster) by extensions ['colcon_pkg']
[0.573s] Level 1:colcon.colcon_core.package_identification:_identify(src/laser_scan_adjuster) by extension 'colcon_pkg'
[0.573s] Level 1:colcon.colcon_core.package_identification:_identify(src/laser_scan_adjuster) by extensions ['colcon_meta']
[0.573s] Level 1:colcon.colcon_core.package_identification:_identify(src/laser_scan_adjuster) by extension 'colcon_meta'
[0.573s] Level 1:colcon.colcon_core.package_identification:_identify(src/laser_scan_adjuster) by extensions ['ros']
[0.573s] Level 1:colcon.colcon_core.package_identification:_identify(src/laser_scan_adjuster) by extension 'ros'
[0.574s] DEBUG:colcon.colcon_core.package_identification:Package 'src/laser_scan_adjuster' with type 'ros.ament_python' and name 'laser_scan_adjuster'
[0.574s] Level 1:colcon.colcon_core.package_identification:_identify(src/motor_position_controller) by extensions ['ignore', 'ignore_ament_install']
[0.574s] Level 1:colcon.colcon_core.package_identification:_identify(src/motor_position_controller) by extension 'ignore'
[0.574s] Level 1:colcon.colcon_core.package_identification:_identify(src/motor_position_controller) by extension 'ignore_ament_install'
[0.575s] Level 1:colcon.colcon_core.package_identification:_identify(src/motor_position_controller) by extensions ['colcon_pkg']
[0.575s] Level 1:colcon.colcon_core.package_identification:_identify(src/motor_position_controller) by extension 'colcon_pkg'
[0.575s] Level 1:colcon.colcon_core.package_identification:_identify(src/motor_position_controller) by extensions ['colcon_meta']
[0.575s] Level 1:colcon.colcon_core.package_identification:_identify(src/motor_position_controller) by extension 'colcon_meta'
[0.575s] Level 1:colcon.colcon_core.package_identification:_identify(src/motor_position_controller) by extensions ['ros']
[0.575s] Level 1:colcon.colcon_core.package_identification:_identify(src/motor_position_controller) by extension 'ros'
[0.576s] DEBUG:colcon.colcon_core.package_identification:Package 'src/motor_position_controller' with type 'ros.ament_python' and name 'motor_position_controller'
[0.577s] Level 1:colcon.colcon_core.package_identification:_identify(src/turtlebot3_explore) by extensions ['ignore', 'ignore_ament_install']
[0.577s] Level 1:colcon.colcon_core.package_identification:_identify(src/turtlebot3_explore) by extension 'ignore'
[0.577s] Level 1:colcon.colcon_core.package_identification:_identify(src/turtlebot3_explore) by extension 'ignore_ament_install'
[0.577s] Level 1:colcon.colcon_core.package_identification:_identify(src/turtlebot3_explore) by extensions ['colcon_pkg']
[0.577s] Level 1:colcon.colcon_core.package_identification:_identify(src/turtlebot3_explore) by extension 'colcon_pkg'
[0.577s] Level 1:colcon.colcon_core.package_identification:_identify(src/turtlebot3_explore) by extensions ['colcon_meta']
[0.577s] Level 1:colcon.colcon_core.package_identification:_identify(src/turtlebot3_explore) by extension 'colcon_meta'
[0.578s] Level 1:colcon.colcon_core.package_identification:_identify(src/turtlebot3_explore) by extensions ['ros']
[0.578s] Level 1:colcon.colcon_core.package_identification:_identify(src/turtlebot3_explore) by extension 'ros'
[0.580s] DEBUG:colcon.colcon_core.package_identification:Package 'src/turtlebot3_explore' with type 'ros.ament_python' and name 'turtlebot3_explore'
[0.580s] Level 1:colcon.colcon_core.package_identification:_identify(src/turtlebot3_poi_navigation) by extensions ['ignore', 'ignore_ament_install']
[0.581s] Level 1:colcon.colcon_core.package_identification:_identify(src/turtlebot3_poi_navigation) by extension 'ignore'
[0.581s] Level 1:colcon.colcon_core.package_identification:_identify(src/turtlebot3_poi_navigation) by extension 'ignore_ament_install'
[0.581s] Level 1:colcon.colcon_core.package_identification:_identify(src/turtlebot3_poi_navigation) by extensions ['colcon_pkg']
[0.581s] Level 1:colcon.colcon_core.package_identification:_identify(src/turtlebot3_poi_navigation) by extension 'colcon_pkg'
[0.581s] Level 1:colcon.colcon_core.package_identification:_identify(src/turtlebot3_poi_navigation) by extensions ['colcon_meta']
[0.581s] Level 1:colcon.colcon_core.package_identification:_identify(src/turtlebot3_poi_navigation) by extension 'colcon_meta'
[0.581s] Level 1:colcon.colcon_core.package_identification:_identify(src/turtlebot3_poi_navigation) by extensions ['ros']
[0.581s] Level 1:colcon.colcon_core.package_identification:_identify(src/turtlebot3_poi_navigation) by extension 'ros'
[0.583s] DEBUG:colcon.colcon_core.package_identification:Package 'src/turtlebot3_poi_navigation' with type 'ros.ament_python' and name 'turtlebot3_poi_navigation'
[0.583s] Level 1:colcon.colcon_core.package_discovery:discover_packages(recursive) using defaults
[0.583s] Level 1:colcon.colcon_core.package_discovery:discover_packages(ignore) discover
[0.583s] Level 1:colcon.colcon_core.package_discovery:discover_packages(ignore) using defaults
[0.583s] Level 1:colcon.colcon_core.package_discovery:discover_packages(path) discover
[0.583s] Level 1:colcon.colcon_core.package_discovery:discover_packages(path) using defaults
[0.657s] Level 1:colcon.colcon_core.package_discovery:discover_packages(prefix_path) check parameters
[0.657s] Level 1:colcon.colcon_core.package_discovery:discover_packages(prefix_path) discover
[0.660s] DEBUG:colcon.colcon_installed_package_information.package_discovery:Found 8 installed packages in /home/ajdj/Workspaces/turtlebot3_ws/turtlebot3_modulo2/install
[0.663s] DEBUG:colcon.colcon_installed_package_information.package_discovery:Found 380 installed packages in /opt/ros/humble
[0.666s] Level 1:colcon.colcon_core.package_discovery:discover_packages(prefix_path) using defaults
[0.748s] Level 5:colcon.colcon_core.verb:set package 'camara' build argument 'cmake_args' from command line to 'None'
[0.749s] Level 5:colcon.colcon_core.verb:set package 'camara' build argument 'cmake_target' from command line to 'None'
[0.749s] Level 5:colcon.colcon_core.verb:set package 'camara' build argument 'cmake_target_skip_unavailable' from command line to 'False'
[0.749s] Level 5:colcon.colcon_core.verb:set package 'camara' build argument 'cmake_clean_cache' from command line to 'False'
[0.749s] Level 5:colcon.colcon_core.verb:set package 'camara' build argument 'cmake_clean_first' from command line to 'False'
[0.749s] Level 5:colcon.colcon_core.verb:set package 'camara' build argument 'cmake_force_configure' from command line to 'False'
[0.749s] Level 5:colcon.colcon_core.verb:set package 'camara' build argument 'ament_cmake_args' from command line to 'None'
[0.749s] Level 5:colcon.colcon_core.verb:set package 'camara' build argument 'catkin_cmake_args' from command line to 'None'
[0.749s] Level 5:colcon.colcon_core.verb:set package 'camara' build argument 'catkin_skip_building_tests' from command line to 'False'
[0.749s] DEBUG:colcon.colcon_core.verb:Building package 'camara' with the following arguments: {'ament_cmake_args': None, 'build_base': '/home/ajdj/Workspaces/turtlebot3_ws/turtlebot3_modulo2/build/camara', 'catkin_cmake_args': None, 'catkin_skip_building_tests': False, 'cmake_args': None, 'cmake_clean_cache': False, 'cmake_clean_first': False, 'cmake_force_configure': False, 'cmake_target': None, 'cmake_target_skip_unavailable': False, 'install_base': '/home/ajdj/Workspaces/turtlebot3_ws/turtlebot3_modulo2/install/camara', 'merge_install': False, 'path': '/home/ajdj/Workspaces/turtlebot3_ws/turtlebot3_modulo2/src/camara', 'symlink_install': False, 'test_result_base': None}
[0.750s] Level 5:colcon.colcon_core.verb:set package 'explore_cpp' build argument 'cmake_args' from command line to 'None'
[0.750s] Level 5:colcon.colcon_core.verb:set package 'explore_cpp' build argument 'cmake_target' from command line to 'None'
[0.750s] Level 5:colcon.colcon_core.verb:set package 'explore_cpp' build argument 'cmake_target_skip_unavailable' from command line to 'False'
[0.750s] Level 5:colcon.colcon_core.verb:set package 'explore_cpp' build argument 'cmake_clean_cache' from command line to 'False'
[0.750s] Level 5:colcon.colcon_core.verb:set package 'explore_cpp' build argument 'cmake_clean_first' from command line to 'False'
[0.750s] Level 5:colcon.colcon_core.verb:set package 'explore_cpp' build argument 'cmake_force_configure' from command line to 'False'
[0.750s] Level 5:colcon.colcon_core.verb:set package 'explore_cpp' build argument 'ament_cmake_args' from command line to 'None'
[0.750s] Level 5:colcon.colcon_core.verb:set package 'explore_cpp' build argument 'catkin_cmake_args' from command line to 'None'
[0.750s] Level 5:colcon.colcon_core.verb:set package 'explore_cpp' build argument 'catkin_skip_building_tests' from command line to 'False'
[0.750s] DEBUG:colcon.colcon_core.verb:Building package 'explore_cpp' with the following arguments: {'ament_cmake_args': None, 'build_base': '/home/ajdj/Workspaces/turtlebot3_ws/turtlebot3_modulo2/build/explore_cpp', 'catkin_cmake_args': None, 'catkin_skip_building_tests': False, 'cmake_args': None, 'cmake_clean_cache': False, 'cmake_clean_first': False, 'cmake_force_configure': False, 'cmake_target': None, 'cmake_target_skip_unavailable': False, 'install_base': '/home/ajdj/Workspaces/turtlebot3_ws/turtlebot3_modulo2/install/explore_cpp', 'merge_install': False, 'path': '/home/ajdj/Workspaces/turtlebot3_ws/turtlebot3_modulo2/src/explore_cpp', 'symlink_install': False, 'test_result_base': None}
[0.751s] Level 5:colcon.colcon_core.verb:set package 'hazmat_marker' build argument 'cmake_args' from command line to 'None'
[0.751s] Level 5:colcon.colcon_core.verb:set package 'hazmat_marker' build argument 'cmake_target' from command line to 'None'
[0.751s] Level 5:colcon.colcon_core.verb:set package 'hazmat_marker' build argument 'cmake_target_skip_unavailable' from command line to 'False'
[0.751s] Level 5:colcon.colcon_core.verb:set package 'hazmat_marker' build argument 'cmake_clean_cache' from command line to 'False'
[0.751s] Level 5:colcon.colcon_core.verb:set package 'hazmat_marker' build argument 'cmake_clean_first' from command line to 'False'
[0.751s] Level 5:colcon.colcon_core.verb:set package 'hazmat_marker' build argument 'cmake_force_configure' from command line to 'False'
[0.752s] Level 5:colcon.colcon_core.verb:set package 'hazmat_marker' build argument 'ament_cmake_args' from command line to 'None'
[0.752s] Level 5:colcon.colcon_core.verb:set package 'hazmat_marker' build argument 'catkin_cmake_args' from command line to 'None'
[0.752s] Level 5:colcon.colcon_core.verb:set package 'hazmat_marker' build argument 'catkin_skip_building_tests' from command line to 'False'
[0.752s] DEBUG:colcon.colcon_core.verb:Building package 'hazmat_marker' with the following arguments: {'ament_cmake_args': None, 'build_base': '/home/ajdj/Workspaces/turtlebot3_ws/turtlebot3_modulo2/build/hazmat_marker', 'catkin_cmake_args': None, 'catkin_skip_building_tests': False, 'cmake_args': None, 'cmake_clean_cache': False, 'cmake_clean_first': False, 'cmake_force_configure': False, 'cmake_target': None, 'cmake_target_skip_unavailable': False, 'install_base': '/home/ajdj/Workspaces/turtlebot3_ws/turtlebot3_modulo2/install/hazmat_marker', 'merge_install': False, 'path': '/home/ajdj/Workspaces/turtlebot3_ws/turtlebot3_modulo2/src/hazmat_marker', 'symlink_install': False, 'test_result_base': None}
[0.753s] Level 5:colcon.colcon_core.verb:set package 'joint_state_publisher_custom' build argument 'cmake_args' from command line to 'None'
[0.753s] Level 5:colcon.colcon_core.verb:set package 'joint_state_publisher_custom' build argument 'cmake_target' from command line to 'None'
[0.753s] Level 5:colcon.colcon_core.verb:set package 'joint_state_publisher_custom' build argument 'cmake_target_skip_unavailable' from command line to 'False'
[0.753s] Level 5:colcon.colcon_core.verb:set package 'joint_state_publisher_custom' build argument 'cmake_clean_cache' from command line to 'False'
[0.753s] Level 5:colcon.colcon_core.verb:set package 'joint_state_publisher_custom' build argument 'cmake_clean_first' from command line to 'False'
[0.753s] Level 5:colcon.colcon_core.verb:set package 'joint_state_publisher_custom' build argument 'cmake_force_configure' from command line to 'False'
[0.753s] Level 5:colcon.colcon_core.verb:set package 'joint_state_publisher_custom' build argument 'ament_cmake_args' from command line to 'None'
[0.753s] Level 5:colcon.colcon_core.verb:set package 'joint_state_publisher_custom' build argument 'catkin_cmake_args' from command line to 'None'
[0.753s] Level 5:colcon.colcon_core.verb:set package 'joint_state_publisher_custom' build argument 'catkin_skip_building_tests' from command line to 'False'
[0.753s] DEBUG:colcon.colcon_core.verb:Building package 'joint_state_publisher_custom' with the following arguments: {'ament_cmake_args': None, 'build_base': '/home/ajdj/Workspaces/turtlebot3_ws/turtlebot3_modulo2/build/joint_state_publisher_custom', 'catkin_cmake_args': None, 'catkin_skip_building_tests': False, 'cmake_args': None, 'cmake_clean_cache': False, 'cmake_clean_first': False, 'cmake_force_configure': False, 'cmake_target': None, 'cmake_target_skip_unavailable': False, 'install_base': '/home/ajdj/Workspaces/turtlebot3_ws/turtlebot3_modulo2/install/joint_state_publisher_custom', 'merge_install': False, 'path': '/home/ajdj/Workspaces/turtlebot3_ws/turtlebot3_modulo2/src/joint_state_publisher_custom', 'symlink_install': False, 'test_result_base': None}
[0.754s] Level 5:colcon.colcon_core.verb:set package 'laser_scan_adjuster' build argument 'cmake_args' from command line to 'None'
[0.754s] Level 5:colcon.colcon_core.verb:set package 'laser_scan_adjuster' build argument 'cmake_target' from command line to 'None'
[0.754s] Level 5:colcon.colcon_core.verb:set package 'laser_scan_adjuster' build argument 'cmake_target_skip_unavailable' from command line to 'False'
[0.754s] Level 5:colcon.colcon_core.verb:set package 'laser_scan_adjuster' build argument 'cmake_clean_cache' from command line to 'False'
[0.754s] Level 5:colcon.colcon_core.verb:set package 'laser_scan_adjuster' build argument 'cmake_clean_first' from command line to 'False'
[0.754s] Level 5:colcon.colcon_core.verb:set package 'laser_scan_adjuster' build argument 'cmake_force_configure' from command line to 'False'
[0.754s] Level 5:colcon.colcon_core.verb:set package 'laser_scan_adjuster' build argument 'ament_cmake_args' from command line to 'None'
[0.754s] Level 5:colcon.colcon_core.verb:set package 'laser_scan_adjuster' build argument 'catkin_cmake_args' from command line to 'None'
[0.754s] Level 5:colcon.colcon_core.verb:set package 'laser_scan_adjuster' build argument 'catkin_skip_building_tests' from command line to 'False'
[0.754s] DEBUG:colcon.colcon_core.verb:Building package 'laser_scan_adjuster' with the following arguments: {'ament_cmake_args': None, 'build_base': '/home/ajdj/Workspaces/turtlebot3_ws/turtlebot3_modulo2/build/laser_scan_adjuster', 'catkin_cmake_args': None, 'catkin_skip_building_tests': False, 'cmake_args': None, 'cmake_clean_cache': False, 'cmake_clean_first': False, 'cmake_force_configure': False, 'cmake_target': None, 'cmake_target_skip_unavailable': False, 'install_base': '/home/ajdj/Workspaces/turtlebot3_ws/turtlebot3_modulo2/install/laser_scan_adjuster', 'merge_install': False, 'path': '/home/ajdj/Workspaces/turtlebot3_ws/turtlebot3_modulo2/src/laser_scan_adjuster', 'symlink_install': False, 'test_result_base': None}
[0.755s] Level 5:colcon.colcon_core.verb:set package 'motor_position_controller' build argument 'cmake_args' from command line to 'None'
[0.755s] Level 5:colcon.colcon_core.verb:set package 'motor_position_controller' build argument 'cmake_target' from command line to 'None'
[0.755s] Level 5:colcon.colcon_core.verb:set package 'motor_position_controller' build argument 'cmake_target_skip_unavailable' from command line to 'False'
[0.755s] Level 5:colcon.colcon_core.verb:set package 'motor_position_controller' build argument 'cmake_clean_cache' from command line to 'False'
[0.755s] Level 5:colcon.colcon_core.verb:set package 'motor_position_controller' build argument 'cmake_clean_first' from command line to 'False'
[0.755s] Level 5:colcon.colcon_core.verb:set package 'motor_position_controller' build argument 'cmake_force_configure' from command line to 'False'
[0.755s] Level 5:colcon.colcon_core.verb:set package 'motor_position_controller' build argument 'ament_cmake_args' from command line to 'None'
[0.755s] Level 5:colcon.colcon_core.verb:set package 'motor_position_controller' build argument 'catkin_cmake_args' from command line to 'None'
[0.755s] Level 5:colcon.colcon_core.verb:set package 'motor_position_controller' build argument 'catkin_skip_building_tests' from command line to 'False'
[0.755s] DEBUG:colcon.colcon_core.verb:Building package 'motor_position_controller' with the following arguments: {'ament_cmake_args': None, 'build_base': '/home/ajdj/Workspaces/turtlebot3_ws/turtlebot3_modulo2/build/motor_position_controller', 'catkin_cmake_args': None, 'catkin_skip_building_tests': False, 'cmake_args': None, 'cmake_clean_cache': False, 'cmake_clean_first': False, 'cmake_force_configure': False, 'cmake_target': None, 'cmake_target_skip_unavailable': False, 'install_base': '/home/ajdj/Workspaces/turtlebot3_ws/turtlebot3_modulo2/install/motor_position_controller', 'merge_install': False, 'path': '/home/ajdj/Workspaces/turtlebot3_ws/turtlebot3_modulo2/src/motor_position_controller', 'symlink_install': False, 'test_result_base': None}
[0.756s] Level 5:colcon.colcon_core.verb:set package 'turtlebot3_explore' build argument 'cmake_args' from command line to 'None'
[0.756s] Level 5:colcon.colcon_core.verb:set package 'turtlebot3_explore' build argument 'cmake_target' from command line to 'None'
[0.756s] Level 5:colcon.colcon_core.verb:set package 'turtlebot3_explore' build argument 'cmake_target_skip_unavailable' from command line to 'False'
[0.756s] Level 5:colcon.colcon_core.verb:set package 'turtlebot3_explore' build argument 'cmake_clean_cache' from command line to 'False'
[0.756s] Level 5:colcon.colcon_core.verb:set package 'turtlebot3_explore' build argument 'cmake_clean_first' from command line to 'False'
[0.756s] Level 5:colcon.colcon_core.verb:set package 'turtlebot3_explore' build argument 'cmake_force_configure' from command line to 'False'
[0.756s] Level 5:colcon.colcon_core.verb:set package 'turtlebot3_explore' build argument 'ament_cmake_args' from command line to 'None'
[0.756s] Level 5:colcon.colcon_core.verb:set package 'turtlebot3_explore' build argument 'catkin_cmake_args' from command line to 'None'
[0.756s] Level 5:colcon.colcon_core.verb:set package 'turtlebot3_explore' build argument 'catkin_skip_building_tests' from command line to 'False'
[0.756s] DEBUG:colcon.colcon_core.verb:Building package 'turtlebot3_explore' with the following arguments: {'ament_cmake_args': None, 'build_base': '/home/ajdj/Workspaces/turtlebot3_ws/turtlebot3_modulo2/build/turtlebot3_explore', 'catkin_cmake_args': None, 'catkin_skip_building_tests': False, 'cmake_args': None, 'cmake_clean_cache': False, 'cmake_clean_first': False, 'cmake_force_configure': False, 'cmake_target': None, 'cmake_target_skip_unavailable': False, 'install_base': '/home/ajdj/Workspaces/turtlebot3_ws/turtlebot3_modulo2/install/turtlebot3_explore', 'merge_install': False, 'path': '/home/ajdj/Workspaces/turtlebot3_ws/turtlebot3_modulo2/src/turtlebot3_explore', 'symlink_install': False, 'test_result_base': None}
[0.756s] Level 5:colcon.colcon_core.verb:set package 'turtlebot3_poi_navigation' build argument 'cmake_args' from command line to 'None'
[0.757s] Level 5:colcon.colcon_core.verb:set package 'turtlebot3_poi_navigation' build argument 'cmake_target' from command line to 'None'
[0.757s] Level 5:colcon.colcon_core.verb:set package 'turtlebot3_poi_navigation' build argument 'cmake_target_skip_unavailable' from command line to 'False'
[0.757s] Level 5:colcon.colcon_core.verb:set package 'turtlebot3_poi_navigation' build argument 'cmake_clean_cache' from command line to 'False'
[0.757s] Level 5:colcon.colcon_core.verb:set package 'turtlebot3_poi_navigation' build argument 'cmake_clean_first' from command line to 'False'
[0.757s] Level 5:colcon.colcon_core.verb:set package 'turtlebot3_poi_navigation' build argument 'cmake_force_configure' from command line to 'False'
[0.757s] Level 5:colcon.colcon_core.verb:set package 'turtlebot3_poi_navigation' build argument 'ament_cmake_args' from command line to 'None'
[0.757s] Level 5:colcon.colcon_core.verb:set package 'turtlebot3_poi_navigation' build argument 'catkin_cmake_args' from command line to 'None'
[0.757s] Level 5:colcon.colcon_core.verb:set package 'turtlebot3_poi_navigation' build argument 'catkin_skip_building_tests' from command line to 'False'
[0.757s] DEBUG:colcon.colcon_core.verb:Building package 'turtlebot3_poi_navigation' with the following arguments: {'ament_cmake_args': None, 'build_base': '/home/ajdj/Workspaces/turtlebot3_ws/turtlebot3_modulo2/build/turtlebot3_poi_navigation', 'catkin_cmake_args': None, 'catkin_skip_building_tests': False, 'cmake_args': None, 'cmake_clean_cache': False, 'cmake_clean_first': False, 'cmake_force_configure': False, 'cmake_target': None, 'cmake_target_skip_unavailable': False, 'install_base': '/home/ajdj/Workspaces/turtlebot3_ws/turtlebot3_modulo2/install/turtlebot3_poi_navigation', 'merge_install': False, 'path': '/home/ajdj/Workspaces/turtlebot3_ws/turtlebot3_modulo2/src/turtlebot3_poi_navigation', 'symlink_install': False, 'test_result_base': None}
[0.757s] INFO:colcon.colcon_core.executor:Executing jobs using 'parallel' executor
[0.760s] DEBUG:colcon.colcon_parallel_executor.executor.parallel:run_until_complete
[0.761s] INFO:colcon.colcon_ros.task.ament_python.build:Building ROS package in '/home/ajdj/Workspaces/turtlebot3_ws/turtlebot3_modulo2/src/camara' with build type 'ament_python'
[0.761s] Level 1:colcon.colcon_core.shell:create_environment_hook('camara', 'ament_prefix_path')
[0.765s] INFO:colcon.colcon_core.plugin_system:Skipping extension 'colcon_core.shell.bat': Not used on non-Windows systems
[0.765s] INFO:colcon.colcon_core.shell:Creating environment hook '/home/ajdj/Workspaces/turtlebot3_ws/turtlebot3_modulo2/install/camara/share/camara/hook/ament_prefix_path.ps1'
[0.767s] INFO:colcon.colcon_core.shell:Creating environment descriptor '/home/ajdj/Workspaces/turtlebot3_ws/turtlebot3_modulo2/install/camara/share/camara/hook/ament_prefix_path.dsv'
[0.769s] INFO:colcon.colcon_core.shell:Creating environment hook '/home/ajdj/Workspaces/turtlebot3_ws/turtlebot3_modulo2/install/camara/share/camara/hook/ament_prefix_path.sh'
[0.771s] INFO:colcon.colcon_core.shell:Skip shell extension 'powershell' for command environment: Not usable outside of PowerShell
[0.771s] DEBUG:colcon.colcon_core.shell:Skip shell extension 'dsv' for command environment
[0.779s] INFO:colcon.colcon_ros.task.ament_cmake.build:Building ROS package in '/home/ajdj/Workspaces/turtlebot3_ws/turtlebot3_modulo2/src/explore_cpp' with build type 'ament_cmake'
[0.780s] INFO:colcon.colcon_cmake.task.cmake.build:Building CMake package in '/home/ajdj/Workspaces/turtlebot3_ws/turtlebot3_modulo2/src/explore_cpp'
[0.780s] INFO:colcon.colcon_core.shell:Skip shell extension 'powershell' for command environment: Not usable outside of PowerShell
[0.780s] DEBUG:colcon.colcon_core.shell:Skip shell extension 'dsv' for command environment
[0.792s] INFO:colcon.colcon_ros.task.ament_python.build:Building ROS package in '/home/ajdj/Workspaces/turtlebot3_ws/turtlebot3_modulo2/src/hazmat_marker' with build type 'ament_python'
[0.792s] Level 1:colcon.colcon_core.shell:create_environment_hook('hazmat_marker', 'ament_prefix_path')
[0.793s] INFO:colcon.colcon_core.shell:Creating environment hook '/home/ajdj/Workspaces/turtlebot3_ws/turtlebot3_modulo2/install/hazmat_marker/share/hazmat_marker/hook/ament_prefix_path.ps1'
[0.795s] INFO:colcon.colcon_core.shell:Creating environment descriptor '/home/ajdj/Workspaces/turtlebot3_ws/turtlebot3_modulo2/install/hazmat_marker/share/hazmat_marker/hook/ament_prefix_path.dsv'
[0.796s] INFO:colcon.colcon_core.shell:Creating environment hook '/home/ajdj/Workspaces/turtlebot3_ws/turtlebot3_modulo2/install/hazmat_marker/share/hazmat_marker/hook/ament_prefix_path.sh'
[0.798s] INFO:colcon.colcon_core.shell:Skip shell extension 'powershell' for command environment: Not usable outside of PowerShell
[0.798s] DEBUG:colcon.colcon_core.shell:Skip shell extension 'dsv' for command environment
[0.804s] INFO:colcon.colcon_ros.task.ament_python.build:Building ROS package in '/home/ajdj/Workspaces/turtlebot3_ws/turtlebot3_modulo2/src/joint_state_publisher_custom' with build type 'ament_python'
[0.805s] Level 1:colcon.colcon_core.shell:create_environment_hook('joint_state_publisher_custom', 'ament_prefix_path')
[0.805s] INFO:colcon.colcon_core.shell:Creating environment hook '/home/ajdj/Workspaces/turtlebot3_ws/turtlebot3_modulo2/install/joint_state_publisher_custom/share/joint_state_publisher_custom/hook/ament_prefix_path.ps1'
[0.807s] INFO:colcon.colcon_core.shell:Creating environment descriptor '/home/ajdj/Workspaces/turtlebot3_ws/turtlebot3_modulo2/install/joint_state_publisher_custom/share/joint_state_publisher_custom/hook/ament_prefix_path.dsv'
[0.808s] INFO:colcon.colcon_core.shell:Creating environment hook '/home/ajdj/Workspaces/turtlebot3_ws/turtlebot3_modulo2/install/joint_state_publisher_custom/share/joint_state_publisher_custom/hook/ament_prefix_path.sh'
[0.809s] INFO:colcon.colcon_core.shell:Skip shell extension 'powershell' for command environment: Not usable outside of PowerShell
[0.809s] DEBUG:colcon.colcon_core.shell:Skip shell extension 'dsv' for command environment
[1.341s] INFO:colcon.colcon_core.task.python.build:Building Python package in '/home/ajdj/Workspaces/turtlebot3_ws/turtlebot3_modulo2/src/camara'
[1.342s] INFO:colcon.colcon_core.shell:Skip shell extension 'powershell' for command environment: Not usable outside of PowerShell
[1.343s] DEBUG:colcon.colcon_core.shell:Skip shell extension 'dsv' for command environment
[1.359s] DEBUG:colcon.colcon_core.event_handler.log_command:Invoking command in '/home/ajdj/Workspaces/turtlebot3_ws/turtlebot3_modulo2/build/explore_cpp': CMAKE_PREFIX_PATH=${CMAKE_PREFIX_PATH}:/home/ajdj/Workspaces/turtlebot3_ws/turtlebot3_modulo2/install/turtlebot3_poi_navigation:/home/ajdj/Workspaces/turtlebot3_ws/turtlebot3_modulo2/install/turtlebot3_explore:/home/ajdj/Workspaces/turtlebot3_ws/turtlebot3_modulo2/install/motor_position_controller:/home/ajdj/Workspaces/turtlebot3_ws/turtlebot3_modulo2/install/laser_scan_adjuster:/home/ajdj/Workspaces/turtlebot3_ws/turtlebot3_modulo2/install/joint_state_publisher_custom:/home/ajdj/Workspaces/turtlebot3_ws/turtlebot3_modulo2/install/hazmat_marker:/home/ajdj/Workspaces/turtlebot3_ws/turtlebot3_modulo2/install/camara:/opt/ros/humble /usr/bin/cmake --build /home/ajdj/Workspaces/turtlebot3_ws/turtlebot3_modulo2/build/explore_cpp -- -j4 -l4
[1.899s] INFO:colcon.colcon_core.task.python.build:Building Python package in '/home/ajdj/Workspaces/turtlebot3_ws/turtlebot3_modulo2/src/hazmat_marker'
[1.901s] INFO:colcon.colcon_core.shell:Skip shell extension 'powershell' for command environment: Not usable outside of PowerShell
[1.901s] DEBUG:colcon.colcon_core.shell:Skip shell extension 'dsv' for command environment
[2.422s] WARNING:colcon.colcon_ros.task.ament_python.build:Package 'joint_state_publisher_custom' doesn't explicitly install a marker in the package index (colcon-ros currently does it implicitly but that fallback will be removed in the future)
[2.423s] WARNING:colcon.colcon_ros.task.ament_python.build:Package 'joint_state_publisher_custom' doesn't explicitly install the 'package.xml' file (colcon-ros currently does it implicitly but that fallback will be removed in the future)
[2.423s] INFO:colcon.colcon_core.task.python.build:Building Python package in '/home/ajdj/Workspaces/turtlebot3_ws/turtlebot3_modulo2/src/joint_state_publisher_custom'
[2.424s] INFO:colcon.colcon_core.shell:Skip shell extension 'powershell' for command environment: Not usable outside of PowerShell
[2.424s] DEBUG:colcon.colcon_core.shell:Skip shell extension 'dsv' for command environment
[2.441s] DEBUG:colcon.colcon_core.event_handler.log_command:Invoked command in '/home/ajdj/Workspaces/turtlebot3_ws/turtlebot3_modulo2/build/explore_cpp' returned '0': CMAKE_PREFIX_PATH=${CMAKE_PREFIX_PATH}:/home/ajdj/Workspaces/turtlebot3_ws/turtlebot3_modulo2/install/turtlebot3_poi_navigation:/home/ajdj/Workspaces/turtlebot3_ws/turtlebot3_modulo2/install/turtlebot3_explore:/home/ajdj/Workspaces/turtlebot3_ws/turtlebot3_modulo2/install/motor_position_controller:/home/ajdj/Workspaces/turtlebot3_ws/turtlebot3_modulo2/install/laser_scan_adjuster:/home/ajdj/Workspaces/turtlebot3_ws/turtlebot3_modulo2/install/joint_state_publisher_custom:/home/ajdj/Workspaces/turtlebot3_ws/turtlebot3_modulo2/install/hazmat_marker:/home/ajdj/Workspaces/turtlebot3_ws/turtlebot3_modulo2/install/camara:/opt/ros/humble /usr/bin/cmake --build /home/ajdj/Workspaces/turtlebot3_ws/turtlebot3_modulo2/build/explore_cpp -- -j4 -l4
[2.529s] DEBUG:colcon.colcon_core.event_handler.log_command:Invoking command in '/home/ajdj/Workspaces/turtlebot3_ws/turtlebot3_modulo2/build/explore_cpp': CMAKE_PREFIX_PATH=${CMAKE_PREFIX_PATH}:/home/ajdj/Workspaces/turtlebot3_ws/turtlebot3_modulo2/install/turtlebot3_poi_navigation:/home/ajdj/Workspaces/turtlebot3_ws/turtlebot3_modulo2/install/turtlebot3_explore:/home/ajdj/Workspaces/turtlebot3_ws/turtlebot3_modulo2/install/motor_position_controller:/home/ajdj/Workspaces/turtlebot3_ws/turtlebot3_modulo2/install/laser_scan_adjuster:/home/ajdj/Workspaces/turtlebot3_ws/turtlebot3_modulo2/install/joint_state_publisher_custom:/home/ajdj/Workspaces/turtlebot3_ws/turtlebot3_modulo2/install/hazmat_marker:/home/ajdj/Workspaces/turtlebot3_ws/turtlebot3_modulo2/install/camara:/opt/ros/humble /usr/bin/cmake --install /home/ajdj/Workspaces/turtlebot3_ws/turtlebot3_modulo2/build/explore_cpp
[2.553s] Level 1:colcon.colcon_core.environment:create_environment_scripts_only(explore_cpp)
[2.555s] DEBUG:colcon.colcon_core.event_handler.log_command:Invoked command in '/home/ajdj/Workspaces/turtlebot3_ws/turtlebot3_modulo2/build/explore_cpp' returned '0': CMAKE_PREFIX_PATH=${CMAKE_PREFIX_PATH}:/home/ajdj/Workspaces/turtlebot3_ws/turtlebot3_modulo2/install/turtlebot3_poi_navigation:/home/ajdj/Workspaces/turtlebot3_ws/turtlebot3_modulo2/install/turtlebot3_explore:/home/ajdj/Workspaces/turtlebot3_ws/turtlebot3_modulo2/install/motor_position_controller:/home/ajdj/Workspaces/turtlebot3_ws/turtlebot3_modulo2/install/laser_scan_adjuster:/home/ajdj/Workspaces/turtlebot3_ws/turtlebot3_modulo2/install/joint_state_publisher_custom:/home/ajdj/Workspaces/turtlebot3_ws/turtlebot3_modulo2/install/hazmat_marker:/home/ajdj/Workspaces/turtlebot3_ws/turtlebot3_modulo2/install/camara:/opt/ros/humble /usr/bin/cmake --install /home/ajdj/Workspaces/turtlebot3_ws/turtlebot3_modulo2/build/explore_cpp
[2.559s] Level 1:colcon.colcon_core.environment:checking '/home/ajdj/Workspaces/turtlebot3_ws/turtlebot3_modulo2/install/explore_cpp' for CMake module files
[2.560s] Level 1:colcon.colcon_core.environment:checking '/home/ajdj/Workspaces/turtlebot3_ws/turtlebot3_modulo2/install/explore_cpp' for CMake config files
[2.560s] Level 1:colcon.colcon_core.shell:create_environment_hook('explore_cpp', 'cmake_prefix_path')
[2.561s] INFO:colcon.colcon_core.shell:Creating environment hook '/home/ajdj/Workspaces/turtlebot3_ws/turtlebot3_modulo2/install/explore_cpp/share/explore_cpp/hook/cmake_prefix_path.ps1'
[2.562s] INFO:colcon.colcon_core.shell:Creating environment descriptor '/home/ajdj/Workspaces/turtlebot3_ws/turtlebot3_modulo2/install/explore_cpp/share/explore_cpp/hook/cmake_prefix_path.dsv'
[2.564s] INFO:colcon.colcon_core.shell:Creating environment hook '/home/ajdj/Workspaces/turtlebot3_ws/turtlebot3_modulo2/install/explore_cpp/share/explore_cpp/hook/cmake_prefix_path.sh'
[2.566s] Level 1:colcon.colcon_core.environment:checking '/home/ajdj/Workspaces/turtlebot3_ws/turtlebot3_modulo2/install/explore_cpp/lib'
[2.567s] Level 1:colcon.colcon_core.environment:checking '/home/ajdj/Workspaces/turtlebot3_ws/turtlebot3_modulo2/install/explore_cpp/bin'
[2.567s] Level 1:colcon.colcon_core.environment:checking '/home/ajdj/Workspaces/turtlebot3_ws/turtlebot3_modulo2/install/explore_cpp/lib/pkgconfig/explore_cpp.pc'
[2.567s] Level 1:colcon.colcon_core.environment:checking '/home/ajdj/Workspaces/turtlebot3_ws/turtlebot3_modulo2/install/explore_cpp/lib/python3.10/site-packages'
[2.568s] Level 1:colcon.colcon_core.environment:checking '/home/ajdj/Workspaces/turtlebot3_ws/turtlebot3_modulo2/install/explore_cpp/bin'
[2.568s] INFO:colcon.colcon_core.shell:Creating package script '/home/ajdj/Workspaces/turtlebot3_ws/turtlebot3_modulo2/install/explore_cpp/share/explore_cpp/package.ps1'
[2.570s] INFO:colcon.colcon_core.shell:Creating package descriptor '/home/ajdj/Workspaces/turtlebot3_ws/turtlebot3_modulo2/install/explore_cpp/share/explore_cpp/package.dsv'
[2.571s] INFO:colcon.colcon_core.shell:Creating package script '/home/ajdj/Workspaces/turtlebot3_ws/turtlebot3_modulo2/install/explore_cpp/share/explore_cpp/package.sh'
[2.574s] INFO:colcon.colcon_core.shell:Creating package script '/home/ajdj/Workspaces/turtlebot3_ws/turtlebot3_modulo2/install/explore_cpp/share/explore_cpp/package.bash'
[2.575s] INFO:colcon.colcon_core.shell:Creating package script '/home/ajdj/Workspaces/turtlebot3_ws/turtlebot3_modulo2/install/explore_cpp/share/explore_cpp/package.zsh'
[2.577s] Level 1:colcon.colcon_core.environment:create_file_with_runtime_dependencies(/home/ajdj/Workspaces/turtlebot3_ws/turtlebot3_modulo2/install/explore_cpp/share/colcon-core/packages/explore_cpp)
[2.672s] Level 1:colcon.colcon_core.environment:create_environment_scripts_only(explore_cpp)
[2.673s] Level 1:colcon.colcon_core.environment:checking '/home/ajdj/Workspaces/turtlebot3_ws/turtlebot3_modulo2/install/explore_cpp' for CMake module files
[2.678s] Level 1:colcon.colcon_core.environment:checking '/home/ajdj/Workspaces/turtlebot3_ws/turtlebot3_modulo2/install/explore_cpp' for CMake config files
[2.679s] Level 1:colcon.colcon_core.shell:create_environment_hook('explore_cpp', 'cmake_prefix_path')
[2.680s] INFO:colcon.colcon_core.shell:Creating environment hook '/home/ajdj/Workspaces/turtlebot3_ws/turtlebot3_modulo2/install/explore_cpp/share/explore_cpp/hook/cmake_prefix_path.ps1'
[2.681s] INFO:colcon.colcon_core.shell:Creating environment descriptor '/home/ajdj/Workspaces/turtlebot3_ws/turtlebot3_modulo2/install/explore_cpp/share/explore_cpp/hook/cmake_prefix_path.dsv'
[2.685s] INFO:colcon.colcon_core.shell:Creating environment hook '/home/ajdj/Workspaces/turtlebot3_ws/turtlebot3_modulo2/install/explore_cpp/share/explore_cpp/hook/cmake_prefix_path.sh'
[2.689s] Level 1:colcon.colcon_core.environment:checking '/home/ajdj/Workspaces/turtlebot3_ws/turtlebot3_modulo2/install/explore_cpp/lib'
[2.689s] Level 1:colcon.colcon_core.environment:checking '/home/ajdj/Workspaces/turtlebot3_ws/turtlebot3_modulo2/install/explore_cpp/bin'
[2.690s] Level 1:colcon.colcon_core.environment:checking '/home/ajdj/Workspaces/turtlebot3_ws/turtlebot3_modulo2/install/explore_cpp/lib/pkgconfig/explore_cpp.pc'
[2.690s] Level 1:colcon.colcon_core.environment:checking '/home/ajdj/Workspaces/turtlebot3_ws/turtlebot3_modulo2/install/explore_cpp/lib/python3.10/site-packages'
[2.691s] Level 1:colcon.colcon_core.environment:checking '/home/ajdj/Workspaces/turtlebot3_ws/turtlebot3_modulo2/install/explore_cpp/bin'
[2.692s] INFO:colcon.colcon_core.shell:Creating package script '/home/ajdj/Workspaces/turtlebot3_ws/turtlebot3_modulo2/install/explore_cpp/share/explore_cpp/package.ps1'
[2.695s] INFO:colcon.colcon_core.shell:Creating package descriptor '/home/ajdj/Workspaces/turtlebot3_ws/turtlebot3_modulo2/install/explore_cpp/share/explore_cpp/package.dsv'
[2.701s] INFO:colcon.colcon_core.shell:Creating package script '/home/ajdj/Workspaces/turtlebot3_ws/turtlebot3_modulo2/install/explore_cpp/share/explore_cpp/package.sh'
[2.702s] INFO:colcon.colcon_core.shell:Creating package script '/home/ajdj/Workspaces/turtlebot3_ws/turtlebot3_modulo2/install/explore_cpp/share/explore_cpp/package.bash'
[2.703s] INFO:colcon.colcon_core.shell:Creating package script '/home/ajdj/Workspaces/turtlebot3_ws/turtlebot3_modulo2/install/explore_cpp/share/explore_cpp/package.zsh'
[2.708s] Level 1:colcon.colcon_core.environment:create_file_with_runtime_dependencies(/home/ajdj/Workspaces/turtlebot3_ws/turtlebot3_modulo2/install/explore_cpp/share/colcon-core/packages/explore_cpp)
[2.712s] INFO:colcon.colcon_ros.task.ament_python.build:Building ROS package in '/home/ajdj/Workspaces/turtlebot3_ws/turtlebot3_modulo2/src/laser_scan_adjuster' with build type 'ament_python'
[2.714s] Level 1:colcon.colcon_core.shell:create_environment_hook('laser_scan_adjuster', 'ament_prefix_path')
[2.715s] INFO:colcon.colcon_core.shell:Creating environment hook '/home/ajdj/Workspaces/turtlebot3_ws/turtlebot3_modulo2/install/laser_scan_adjuster/share/laser_scan_adjuster/hook/ament_prefix_path.ps1'
[2.720s] INFO:colcon.colcon_core.shell:Creating environment descriptor '/home/ajdj/Workspaces/turtlebot3_ws/turtlebot3_modulo2/install/laser_scan_adjuster/share/laser_scan_adjuster/hook/ament_prefix_path.dsv'
[2.721s] INFO:colcon.colcon_core.shell:Creating environment hook '/home/ajdj/Workspaces/turtlebot3_ws/turtlebot3_modulo2/install/laser_scan_adjuster/share/laser_scan_adjuster/hook/ament_prefix_path.sh'
[2.728s] INFO:colcon.colcon_core.shell:Skip shell extension 'powershell' for command environment: Not usable outside of PowerShell
[2.728s] DEBUG:colcon.colcon_core.shell:Skip shell extension 'dsv' for command environment
[3.856s] INFO:colcon.colcon_core.task.python.build:Building Python package in '/home/ajdj/Workspaces/turtlebot3_ws/turtlebot3_modulo2/src/laser_scan_adjuster'
[3.858s] INFO:colcon.colcon_core.shell:Skip shell extension 'powershell' for command environment: Not usable outside of PowerShell
[3.858s] DEBUG:colcon.colcon_core.shell:Skip shell extension 'dsv' for command environment
[3.882s] DEBUG:colcon.colcon_core.event_handler.log_command:Invoking command in '/home/ajdj/Workspaces/turtlebot3_ws/turtlebot3_modulo2/src/hazmat_marker': PYTHONPATH=/home/ajdj/Workspaces/turtlebot3_ws/turtlebot3_modulo2/build/hazmat_marker/prefix_override:/usr/lib/python3/dist-packages/colcon_core/task/python/colcon_distutils_commands:/home/ajdj/Workspaces/turtlebot3_ws/turtlebot3_modulo2/install/hazmat_marker/lib/python3.10/site-packages:${PYTHONPATH} /usr/bin/python3 -W ignore:setup.py install is deprecated setup.py egg_info --egg-base ../../build/hazmat_marker build --build-base /home/ajdj/Workspaces/turtlebot3_ws/turtlebot3_modulo2/build/hazmat_marker/build install --record /home/ajdj/Workspaces/turtlebot3_ws/turtlebot3_modulo2/build/hazmat_marker/install.log --single-version-externally-managed install_data
[3.883s] DEBUG:colcon.colcon_core.event_handler.log_command:Invoking command in '/home/ajdj/Workspaces/turtlebot3_ws/turtlebot3_modulo2/src/joint_state_publisher_custom': PYTHONPATH=/home/ajdj/Workspaces/turtlebot3_ws/turtlebot3_modulo2/build/joint_state_publisher_custom/prefix_override:/usr/lib/python3/dist-packages/colcon_core/task/python/colcon_distutils_commands:/home/ajdj/Workspaces/turtlebot3_ws/turtlebot3_modulo2/install/joint_state_publisher_custom/lib/python3.10/site-packages:${PYTHONPATH} /usr/bin/python3 -W ignore:setup.py install is deprecated setup.py egg_info --egg-base ../../build/joint_state_publisher_custom build --build-base /home/ajdj/Workspaces/turtlebot3_ws/turtlebot3_modulo2/build/joint_state_publisher_custom/build install --record /home/ajdj/Workspaces/turtlebot3_ws/turtlebot3_modulo2/build/joint_state_publisher_custom/install.log --single-version-externally-managed
[3.888s] DEBUG:colcon.colcon_core.event_handler.log_command:Invoking command in '/home/ajdj/Workspaces/turtlebot3_ws/turtlebot3_modulo2/src/camara': PYTHONPATH=/home/ajdj/Workspaces/turtlebot3_ws/turtlebot3_modulo2/build/camara/prefix_override:/usr/lib/python3/dist-packages/colcon_core/task/python/colcon_distutils_commands:/home/ajdj/Workspaces/turtlebot3_ws/turtlebot3_modulo2/install/camara/lib/python3.10/site-packages:${PYTHONPATH} /usr/bin/python3 -W ignore:setup.py install is deprecated setup.py egg_info --egg-base ../../build/camara build --build-base /home/ajdj/Workspaces/turtlebot3_ws/turtlebot3_modulo2/build/camara/build install --record /home/ajdj/Workspaces/turtlebot3_ws/turtlebot3_modulo2/build/camara/install.log --single-version-externally-managed install_data
[4.706s] Level 1:colcon.colcon_core.environment:checking '/home/ajdj/Workspaces/turtlebot3_ws/turtlebot3_modulo2/install/joint_state_publisher_custom' for CMake module files
[4.707s] Level 1:colcon.colcon_core.environment:checking '/home/ajdj/Workspaces/turtlebot3_ws/turtlebot3_modulo2/install/joint_state_publisher_custom' for CMake config files
[4.708s] Level 1:colcon.colcon_core.environment:checking '/home/ajdj/Workspaces/turtlebot3_ws/turtlebot3_modulo2/install/joint_state_publisher_custom/lib'
[4.712s] Level 1:colcon.colcon_core.environment:checking '/home/ajdj/Workspaces/turtlebot3_ws/turtlebot3_modulo2/install/joint_state_publisher_custom/bin'
[4.712s] Level 1:colcon.colcon_core.environment:checking '/home/ajdj/Workspaces/turtlebot3_ws/turtlebot3_modulo2/install/joint_state_publisher_custom/lib/pkgconfig/joint_state_publisher_custom.pc'
[4.713s] Level 1:colcon.colcon_core.environment:checking '/home/ajdj/Workspaces/turtlebot3_ws/turtlebot3_modulo2/install/joint_state_publisher_custom/lib/python3.10/site-packages'
[4.713s] Level 1:colcon.colcon_core.shell:create_environment_hook('joint_state_publisher_custom', 'pythonpath')
[4.713s] INFO:colcon.colcon_core.shell:Creating environment hook '/home/ajdj/Workspaces/turtlebot3_ws/turtlebot3_modulo2/install/joint_state_publisher_custom/share/joint_state_publisher_custom/hook/pythonpath.ps1'
[4.720s] DEBUG:colcon.colcon_core.event_handler.log_command:Invoked command in '/home/ajdj/Workspaces/turtlebot3_ws/turtlebot3_modulo2/src/joint_state_publisher_custom' returned '0': PYTHONPATH=/home/ajdj/Workspaces/turtlebot3_ws/turtlebot3_modulo2/build/joint_state_publisher_custom/prefix_override:/usr/lib/python3/dist-packages/colcon_core/task/python/colcon_distutils_commands:/home/ajdj/Workspaces/turtlebot3_ws/turtlebot3_modulo2/install/joint_state_publisher_custom/lib/python3.10/site-packages:${PYTHONPATH} /usr/bin/python3 -W ignore:setup.py install is deprecated setup.py egg_info --egg-base ../../build/joint_state_publisher_custom build --build-base /home/ajdj/Workspaces/turtlebot3_ws/turtlebot3_modulo2/build/joint_state_publisher_custom/build install --record /home/ajdj/Workspaces/turtlebot3_ws/turtlebot3_modulo2/build/joint_state_publisher_custom/install.log --single-version-externally-managed
[4.721s] INFO:colcon.colcon_core.shell:Creating environment descriptor '/home/ajdj/Workspaces/turtlebot3_ws/turtlebot3_modulo2/install/joint_state_publisher_custom/share/joint_state_publisher_custom/hook/pythonpath.dsv'
[4.722s] INFO:colcon.colcon_core.shell:Creating environment hook '/home/ajdj/Workspaces/turtlebot3_ws/turtlebot3_modulo2/install/joint_state_publisher_custom/share/joint_state_publisher_custom/hook/pythonpath.sh'
[4.723s] Level 1:colcon.colcon_core.environment:checking '/home/ajdj/Workspaces/turtlebot3_ws/turtlebot3_modulo2/install/joint_state_publisher_custom/bin'
[4.726s] Level 1:colcon.colcon_core.environment:create_environment_scripts_only(joint_state_publisher_custom)
[4.728s] INFO:colcon.colcon_core.shell:Creating package script '/home/ajdj/Workspaces/turtlebot3_ws/turtlebot3_modulo2/install/joint_state_publisher_custom/share/joint_state_publisher_custom/package.ps1'
[4.729s] INFO:colcon.colcon_core.shell:Creating package descriptor '/home/ajdj/Workspaces/turtlebot3_ws/turtlebot3_modulo2/install/joint_state_publisher_custom/share/joint_state_publisher_custom/package.dsv'
[4.733s] INFO:colcon.colcon_core.shell:Creating package script '/home/ajdj/Workspaces/turtlebot3_ws/turtlebot3_modulo2/install/joint_state_publisher_custom/share/joint_state_publisher_custom/package.sh'
[4.735s] INFO:colcon.colcon_core.shell:Creating package script '/home/ajdj/Workspaces/turtlebot3_ws/turtlebot3_modulo2/install/joint_state_publisher_custom/share/joint_state_publisher_custom/package.bash'
[4.743s] INFO:colcon.colcon_core.shell:Creating package script '/home/ajdj/Workspaces/turtlebot3_ws/turtlebot3_modulo2/install/joint_state_publisher_custom/share/joint_state_publisher_custom/package.zsh'
[4.746s] Level 1:colcon.colcon_core.environment:create_file_with_runtime_dependencies(/home/ajdj/Workspaces/turtlebot3_ws/turtlebot3_modulo2/install/joint_state_publisher_custom/share/colcon-core/packages/joint_state_publisher_custom)
[4.751s] INFO:colcon.colcon_ros.task.ament_python.build:Building ROS package in '/home/ajdj/Workspaces/turtlebot3_ws/turtlebot3_modulo2/src/motor_position_controller' with build type 'ament_python'
[4.754s] Level 1:colcon.colcon_core.shell:create_environment_hook('motor_position_controller', 'ament_prefix_path')
[4.755s] INFO:colcon.colcon_core.shell:Creating environment hook '/home/ajdj/Workspaces/turtlebot3_ws/turtlebot3_modulo2/install/motor_position_controller/share/motor_position_controller/hook/ament_prefix_path.ps1'
[4.758s] INFO:colcon.colcon_core.shell:Creating environment descriptor '/home/ajdj/Workspaces/turtlebot3_ws/turtlebot3_modulo2/install/motor_position_controller/share/motor_position_controller/hook/ament_prefix_path.dsv'
[4.760s] INFO:colcon.colcon_core.shell:Creating environment hook '/home/ajdj/Workspaces/turtlebot3_ws/turtlebot3_modulo2/install/motor_position_controller/share/motor_position_controller/hook/ament_prefix_path.sh'
[4.768s] INFO:colcon.colcon_core.shell:Skip shell extension 'powershell' for command environment: Not usable outside of PowerShell
[4.769s] DEBUG:colcon.colcon_core.shell:Skip shell extension 'dsv' for command environment
[5.485s] INFO:colcon.colcon_core.task.python.build:Building Python package in '/home/ajdj/Workspaces/turtlebot3_ws/turtlebot3_modulo2/src/motor_position_controller'
[5.486s] INFO:colcon.colcon_core.shell:Skip shell extension 'powershell' for command environment: Not usable outside of PowerShell
[5.486s] DEBUG:colcon.colcon_core.shell:Skip shell extension 'dsv' for command environment
[5.495s] Level 1:colcon.colcon_core.environment:checking '/home/ajdj/Workspaces/turtlebot3_ws/turtlebot3_modulo2/install/camara' for CMake module files
[5.496s] DEBUG:colcon.colcon_core.event_handler.log_command:Invoked command in '/home/ajdj/Workspaces/turtlebot3_ws/turtlebot3_modulo2/src/camara' returned '0': PYTHONPATH=/home/ajdj/Workspaces/turtlebot3_ws/turtlebot3_modulo2/build/camara/prefix_override:/usr/lib/python3/dist-packages/colcon_core/task/python/colcon_distutils_commands:/home/ajdj/Workspaces/turtlebot3_ws/turtlebot3_modulo2/install/camara/lib/python3.10/site-packages:${PYTHONPATH} /usr/bin/python3 -W ignore:setup.py install is deprecated setup.py egg_info --egg-base ../../build/camara build --build-base /home/ajdj/Workspaces/turtlebot3_ws/turtlebot3_modulo2/build/camara/build install --record /home/ajdj/Workspaces/turtlebot3_ws/turtlebot3_modulo2/build/camara/install.log --single-version-externally-managed install_data
[5.497s] Level 1:colcon.colcon_core.environment:checking '/home/ajdj/Workspaces/turtlebot3_ws/turtlebot3_modulo2/install/camara' for CMake config files
[5.497s] Level 1:colcon.colcon_core.environment:checking '/home/ajdj/Workspaces/turtlebot3_ws/turtlebot3_modulo2/install/camara/lib'
[5.498s] Level 1:colcon.colcon_core.environment:checking '/home/ajdj/Workspaces/turtlebot3_ws/turtlebot3_modulo2/install/camara/bin'
[5.498s] Level 1:colcon.colcon_core.environment:checking '/home/ajdj/Workspaces/turtlebot3_ws/turtlebot3_modulo2/install/camara/lib/pkgconfig/camara.pc'
[5.498s] Level 1:colcon.colcon_core.environment:checking '/home/ajdj/Workspaces/turtlebot3_ws/turtlebot3_modulo2/install/camara/lib/python3.10/site-packages'
[5.498s] Level 1:colcon.colcon_core.shell:create_environment_hook('camara', 'pythonpath')
[5.499s] INFO:colcon.colcon_core.shell:Creating environment hook '/home/ajdj/Workspaces/turtlebot3_ws/turtlebot3_modulo2/install/camara/share/camara/hook/pythonpath.ps1'
[5.500s] INFO:colcon.colcon_core.shell:Creating environment descriptor '/home/ajdj/Workspaces/turtlebot3_ws/turtlebot3_modulo2/install/camara/share/camara/hook/pythonpath.dsv'
[5.501s] INFO:colcon.colcon_core.shell:Creating environment hook '/home/ajdj/Workspaces/turtlebot3_ws/turtlebot3_modulo2/install/camara/share/camara/hook/pythonpath.sh'
[5.502s] Level 1:colcon.colcon_core.environment:checking '/home/ajdj/Workspaces/turtlebot3_ws/turtlebot3_modulo2/install/camara/bin'
[5.502s] Level 1:colcon.colcon_core.environment:create_environment_scripts_only(camara)
[5.503s] INFO:colcon.colcon_core.shell:Creating package script '/home/ajdj/Workspaces/turtlebot3_ws/turtlebot3_modulo2/install/camara/share/camara/package.ps1'
[5.504s] INFO:colcon.colcon_core.shell:Creating package descriptor '/home/ajdj/Workspaces/turtlebot3_ws/turtlebot3_modulo2/install/camara/share/camara/package.dsv'
[5.505s] INFO:colcon.colcon_core.shell:Creating package script '/home/ajdj/Workspaces/turtlebot3_ws/turtlebot3_modulo2/install/camara/share/camara/package.sh'
[5.506s] INFO:colcon.colcon_core.shell:Creating package script '/home/ajdj/Workspaces/turtlebot3_ws/turtlebot3_modulo2/install/camara/share/camara/package.bash'
[5.508s] INFO:colcon.colcon_core.shell:Creating package script '/home/ajdj/Workspaces/turtlebot3_ws/turtlebot3_modulo2/install/camara/share/camara/package.zsh'
[5.510s] Level 1:colcon.colcon_core.environment:create_file_with_runtime_dependencies(/home/ajdj/Workspaces/turtlebot3_ws/turtlebot3_modulo2/install/camara/share/colcon-core/packages/camara)
[5.512s] Level 1:colcon.colcon_core.environment:checking '/home/ajdj/Workspaces/turtlebot3_ws/turtlebot3_modulo2/install/hazmat_marker' for CMake module files
[5.514s] Level 1:colcon.colcon_core.environment:checking '/home/ajdj/Workspaces/turtlebot3_ws/turtlebot3_modulo2/install/hazmat_marker' for CMake config files
[5.514s] DEBUG:colcon.colcon_core.event_handler.log_command:Invoked command in '/home/ajdj/Workspaces/turtlebot3_ws/turtlebot3_modulo2/src/hazmat_marker' returned '0': PYTHONPATH=/home/ajdj/Workspaces/turtlebot3_ws/turtlebot3_modulo2/build/hazmat_marker/prefix_override:/usr/lib/python3/dist-packages/colcon_core/task/python/colcon_distutils_commands:/home/ajdj/Workspaces/turtlebot3_ws/turtlebot3_modulo2/install/hazmat_marker/lib/python3.10/site-packages:${PYTHONPATH} /usr/bin/python3 -W ignore:setup.py install is deprecated setup.py egg_info --egg-base ../../build/hazmat_marker build --build-base /home/ajdj/Workspaces/turtlebot3_ws/turtlebot3_modulo2/build/hazmat_marker/build install --record /home/ajdj/Workspaces/turtlebot3_ws/turtlebot3_modulo2/build/hazmat_marker/install.log --single-version-externally-managed install_data
[5.515s] Level 1:colcon.colcon_core.environment:checking '/home/ajdj/Workspaces/turtlebot3_ws/turtlebot3_modulo2/install/hazmat_marker/lib'
[5.515s] Level 1:colcon.colcon_core.environment:checking '/home/ajdj/Workspaces/turtlebot3_ws/turtlebot3_modulo2/install/hazmat_marker/bin'
[5.515s] Level 1:colcon.colcon_core.environment:checking '/home/ajdj/Workspaces/turtlebot3_ws/turtlebot3_modulo2/install/hazmat_marker/lib/pkgconfig/hazmat_marker.pc'
[5.516s] Level 1:colcon.colcon_core.environment:checking '/home/ajdj/Workspaces/turtlebot3_ws/turtlebot3_modulo2/install/hazmat_marker/lib/python3.10/site-packages'
[5.516s] Level 1:colcon.colcon_core.shell:create_environment_hook('hazmat_marker', 'pythonpath')
[5.516s] INFO:colcon.colcon_core.shell:Creating environment hook '/home/ajdj/Workspaces/turtlebot3_ws/turtlebot3_modulo2/install/hazmat_marker/share/hazmat_marker/hook/pythonpath.ps1'
[5.517s] INFO:colcon.colcon_core.shell:Creating environment descriptor '/home/ajdj/Workspaces/turtlebot3_ws/turtlebot3_modulo2/install/hazmat_marker/share/hazmat_marker/hook/pythonpath.dsv'
[5.518s] INFO:colcon.colcon_core.shell:Creating environment hook '/home/ajdj/Workspaces/turtlebot3_ws/turtlebot3_modulo2/install/hazmat_marker/share/hazmat_marker/hook/pythonpath.sh'
[5.519s] Level 1:colcon.colcon_core.environment:checking '/home/ajdj/Workspaces/turtlebot3_ws/turtlebot3_modulo2/install/hazmat_marker/bin'
[5.520s] Level 1:colcon.colcon_core.environment:create_environment_scripts_only(hazmat_marker)
[5.520s] INFO:colcon.colcon_core.shell:Creating package script '/home/ajdj/Workspaces/turtlebot3_ws/turtlebot3_modulo2/install/hazmat_marker/share/hazmat_marker/package.ps1'
[5.521s] INFO:colcon.colcon_core.shell:Creating package descriptor '/home/ajdj/Workspaces/turtlebot3_ws/turtlebot3_modulo2/install/hazmat_marker/share/hazmat_marker/package.dsv'
[5.522s] INFO:colcon.colcon_core.shell:Creating package script '/home/ajdj/Workspaces/turtlebot3_ws/turtlebot3_modulo2/install/hazmat_marker/share/hazmat_marker/package.sh'
[5.522s] INFO:colcon.colcon_core.shell:Creating package script '/home/ajdj/Workspaces/turtlebot3_ws/turtlebot3_modulo2/install/hazmat_marker/share/hazmat_marker/package.bash'
[5.523s] INFO:colcon.colcon_core.shell:Creating package script '/home/ajdj/Workspaces/turtlebot3_ws/turtlebot3_modulo2/install/hazmat_marker/share/hazmat_marker/package.zsh'
[5.523s] Level 1:colcon.colcon_core.environment:create_file_with_runtime_dependencies(/home/ajdj/Workspaces/turtlebot3_ws/turtlebot3_modulo2/install/hazmat_marker/share/colcon-core/packages/hazmat_marker)
[5.529s] DEBUG:colcon.colcon_core.event_handler.log_command:Invoking command in '/home/ajdj/Workspaces/turtlebot3_ws/turtlebot3_modulo2/src/laser_scan_adjuster': PYTHONPATH=/home/ajdj/Workspaces/turtlebot3_ws/turtlebot3_modulo2/build/laser_scan_adjuster/prefix_override:/usr/lib/python3/dist-packages/colcon_core/task/python/colcon_distutils_commands:/home/ajdj/Workspaces/turtlebot3_ws/turtlebot3_modulo2/install/laser_scan_adjuster/lib/python3.10/site-packages:${PYTHONPATH} /usr/bin/python3 -W ignore:setup.py install is deprecated setup.py egg_info --egg-base ../../build/laser_scan_adjuster build --build-base /home/ajdj/Workspaces/turtlebot3_ws/turtlebot3_modulo2/build/laser_scan_adjuster/build install --record /home/ajdj/Workspaces/turtlebot3_ws/turtlebot3_modulo2/build/laser_scan_adjuster/install.log --single-version-externally-managed install_data
[5.530s] INFO:colcon.colcon_ros.task.ament_python.build:Building ROS package in '/home/ajdj/Workspaces/turtlebot3_ws/turtlebot3_modulo2/src/turtlebot3_explore' with build type 'ament_python'
[5.530s] Level 1:colcon.colcon_core.shell:create_environment_hook('turtlebot3_explore', 'ament_prefix_path')
[5.531s] INFO:colcon.colcon_core.shell:Creating environment hook '/home/ajdj/Workspaces/turtlebot3_ws/turtlebot3_modulo2/install/turtlebot3_explore/share/turtlebot3_explore/hook/ament_prefix_path.ps1'
[5.532s] INFO:colcon.colcon_core.shell:Creating environment descriptor '/home/ajdj/Workspaces/turtlebot3_ws/turtlebot3_modulo2/install/turtlebot3_explore/share/turtlebot3_explore/hook/ament_prefix_path.dsv'
[5.533s] INFO:colcon.colcon_core.shell:Creating environment hook '/home/ajdj/Workspaces/turtlebot3_ws/turtlebot3_modulo2/install/turtlebot3_explore/share/turtlebot3_explore/hook/ament_prefix_path.sh'
[5.535s] INFO:colcon.colcon_core.shell:Skip shell extension 'powershell' for command environment: Not usable outside of PowerShell
[5.535s] DEBUG:colcon.colcon_core.shell:Skip shell extension 'dsv' for command environment
[5.546s] INFO:colcon.colcon_ros.task.ament_python.build:Building ROS package in '/home/ajdj/Workspaces/turtlebot3_ws/turtlebot3_modulo2/src/turtlebot3_poi_navigation' with build type 'ament_python'
[5.547s] Level 1:colcon.colcon_core.shell:create_environment_hook('turtlebot3_poi_navigation', 'ament_prefix_path')
[5.549s] INFO:colcon.colcon_core.shell:Creating environment hook '/home/ajdj/Workspaces/turtlebot3_ws/turtlebot3_modulo2/install/turtlebot3_poi_navigation/share/turtlebot3_poi_navigation/hook/ament_prefix_path.ps1'
[5.551s] INFO:colcon.colcon_core.shell:Creating environment descriptor '/home/ajdj/Workspaces/turtlebot3_ws/turtlebot3_modulo2/install/turtlebot3_poi_navigation/share/turtlebot3_poi_navigation/hook/ament_prefix_path.dsv'
[5.552s] INFO:colcon.colcon_core.shell:Creating environment hook '/home/ajdj/Workspaces/turtlebot3_ws/turtlebot3_modulo2/install/turtlebot3_poi_navigation/share/turtlebot3_poi_navigation/hook/ament_prefix_path.sh'
[5.553s] INFO:colcon.colcon_core.shell:Skip shell extension 'powershell' for command environment: Not usable outside of PowerShell
[5.553s] DEBUG:colcon.colcon_core.shell:Skip shell extension 'dsv' for command environment
[6.357s] INFO:colcon.colcon_core.task.python.build:Building Python package in '/home/ajdj/Workspaces/turtlebot3_ws/turtlebot3_modulo2/src/turtlebot3_explore'
[6.358s] INFO:colcon.colcon_core.shell:Skip shell extension 'powershell' for command environment: Not usable outside of PowerShell
[6.358s] DEBUG:colcon.colcon_core.shell:Skip shell extension 'dsv' for command environment
[6.924s] INFO:colcon.colcon_core.task.python.build:Building Python package in '/home/ajdj/Workspaces/turtlebot3_ws/turtlebot3_modulo2/src/turtlebot3_poi_navigation'
[6.924s] INFO:colcon.colcon_core.shell:Skip shell extension 'powershell' for command environment: Not usable outside of PowerShell
[6.924s] DEBUG:colcon.colcon_core.shell:Skip shell extension 'dsv' for command environment
[6.933s] Level 1:colcon.colcon_core.environment:checking '/home/ajdj/Workspaces/turtlebot3_ws/turtlebot3_modulo2/install/laser_scan_adjuster' for CMake module files
[6.935s] DEBUG:colcon.colcon_core.event_handler.log_command:Invoked command in '/home/ajdj/Workspaces/turtlebot3_ws/turtlebot3_modulo2/src/laser_scan_adjuster' returned '0': PYTHONPATH=/home/ajdj/Workspaces/turtlebot3_ws/turtlebot3_modulo2/build/laser_scan_adjuster/prefix_override:/usr/lib/python3/dist-packages/colcon_core/task/python/colcon_distutils_commands:/home/ajdj/Workspaces/turtlebot3_ws/turtlebot3_modulo2/install/laser_scan_adjuster/lib/python3.10/site-packages:${PYTHONPATH} /usr/bin/python3 -W ignore:setup.py install is deprecated setup.py egg_info --egg-base ../../build/laser_scan_adjuster build --build-base /home/ajdj/Workspaces/turtlebot3_ws/turtlebot3_modulo2/build/laser_scan_adjuster/build install --record /home/ajdj/Workspaces/turtlebot3_ws/turtlebot3_modulo2/build/laser_scan_adjuster/install.log --single-version-externally-managed install_data
[6.935s] Level 1:colcon.colcon_core.environment:checking '/home/ajdj/Workspaces/turtlebot3_ws/turtlebot3_modulo2/install/laser_scan_adjuster' for CMake config files
[6.936s] Level 1:colcon.colcon_core.environment:checking '/home/ajdj/Workspaces/turtlebot3_ws/turtlebot3_modulo2/install/laser_scan_adjuster/lib'
[6.936s] Level 1:colcon.colcon_core.environment:checking '/home/ajdj/Workspaces/turtlebot3_ws/turtlebot3_modulo2/install/laser_scan_adjuster/bin'
[6.936s] Level 1:colcon.colcon_core.environment:checking '/home/ajdj/Workspaces/turtlebot3_ws/turtlebot3_modulo2/install/laser_scan_adjuster/lib/pkgconfig/laser_scan_adjuster.pc'
[6.936s] Level 1:colcon.colcon_core.environment:checking '/home/ajdj/Workspaces/turtlebot3_ws/turtlebot3_modulo2/install/laser_scan_adjuster/lib/python3.10/site-packages'
[6.936s] Level 1:colcon.colcon_core.shell:create_environment_hook('laser_scan_adjuster', 'pythonpath')
[6.937s] INFO:colcon.colcon_core.shell:Creating environment hook '/home/ajdj/Workspaces/turtlebot3_ws/turtlebot3_modulo2/install/laser_scan_adjuster/share/laser_scan_adjuster/hook/pythonpath.ps1'
[6.938s] INFO:colcon.colcon_core.shell:Creating environment descriptor '/home/ajdj/Workspaces/turtlebot3_ws/turtlebot3_modulo2/install/laser_scan_adjuster/share/laser_scan_adjuster/hook/pythonpath.dsv'
[6.938s] INFO:colcon.colcon_core.shell:Creating environment hook '/home/ajdj/Workspaces/turtlebot3_ws/turtlebot3_modulo2/install/laser_scan_adjuster/share/laser_scan_adjuster/hook/pythonpath.sh'
[6.940s] Level 1:colcon.colcon_core.environment:checking '/home/ajdj/Workspaces/turtlebot3_ws/turtlebot3_modulo2/install/laser_scan_adjuster/bin'
[6.940s] Level 1:colcon.colcon_core.environment:create_environment_scripts_only(laser_scan_adjuster)
[6.940s] INFO:colcon.colcon_core.shell:Creating package script '/home/ajdj/Workspaces/turtlebot3_ws/turtlebot3_modulo2/install/laser_scan_adjuster/share/laser_scan_adjuster/package.ps1'
[6.941s] INFO:colcon.colcon_core.shell:Creating package descriptor '/home/ajdj/Workspaces/turtlebot3_ws/turtlebot3_modulo2/install/laser_scan_adjuster/share/laser_scan_adjuster/package.dsv'
[6.942s] INFO:colcon.colcon_core.shell:Creating package script '/home/ajdj/Workspaces/turtlebot3_ws/turtlebot3_modulo2/install/laser_scan_adjuster/share/laser_scan_adjuster/package.sh'
[6.944s] INFO:colcon.colcon_core.shell:Creating package script '/home/ajdj/Workspaces/turtlebot3_ws/turtlebot3_modulo2/install/laser_scan_adjuster/share/laser_scan_adjuster/package.bash'
[6.945s] INFO:colcon.colcon_core.shell:Creating package script '/home/ajdj/Workspaces/turtlebot3_ws/turtlebot3_modulo2/install/laser_scan_adjuster/share/laser_scan_adjuster/package.zsh'
[6.947s] Level 1:colcon.colcon_core.environment:create_file_with_runtime_dependencies(/home/ajdj/Workspaces/turtlebot3_ws/turtlebot3_modulo2/install/laser_scan_adjuster/share/colcon-core/packages/laser_scan_adjuster)
[6.955s] DEBUG:colcon.colcon_core.event_handler.log_command:Invoking command in '/home/ajdj/Workspaces/turtlebot3_ws/turtlebot3_modulo2/src/motor_position_controller': PYTHONPATH=/home/ajdj/Workspaces/turtlebot3_ws/turtlebot3_modulo2/build/motor_position_controller/prefix_override:/usr/lib/python3/dist-packages/colcon_core/task/python/colcon_distutils_commands:/home/ajdj/Workspaces/turtlebot3_ws/turtlebot3_modulo2/install/motor_position_controller/lib/python3.10/site-packages:${PYTHONPATH} /usr/bin/python3 -W ignore:setup.py install is deprecated setup.py egg_info --egg-base ../../build/motor_position_controller build --build-base /home/ajdj/Workspaces/turtlebot3_ws/turtlebot3_modulo2/build/motor_position_controller/build install --record /home/ajdj/Workspaces/turtlebot3_ws/turtlebot3_modulo2/build/motor_position_controller/install.log --single-version-externally-managed install_data
[7.713s] Level 1:colcon.colcon_core.environment:checking '/home/ajdj/Workspaces/turtlebot3_ws/turtlebot3_modulo2/install/motor_position_controller' for CMake module files
[7.717s] Level 1:colcon.colcon_core.environment:checking '/home/ajdj/Workspaces/turtlebot3_ws/turtlebot3_modulo2/install/motor_position_controller' for CMake config files
[7.715s] DEBUG:colcon.colcon_core.event_handler.log_command:Invoked command in '/home/ajdj/Workspaces/turtlebot3_ws/turtlebot3_modulo2/src/motor_position_controller' returned '0': PYTHONPATH=/home/ajdj/Workspaces/turtlebot3_ws/turtlebot3_modulo2/build/motor_position_controller/prefix_override:/usr/lib/python3/dist-packages/colcon_core/task/python/colcon_distutils_commands:/home/ajdj/Workspaces/turtlebot3_ws/turtlebot3_modulo2/install/motor_position_controller/lib/python3.10/site-packages:${PYTHONPATH} /usr/bin/python3 -W ignore:setup.py install is deprecated setup.py egg_info --egg-base ../../build/motor_position_controller build --build-base /home/ajdj/Workspaces/turtlebot3_ws/turtlebot3_modulo2/build/motor_position_controller/build install --record /home/ajdj/Workspaces/turtlebot3_ws/turtlebot3_modulo2/build/motor_position_controller/install.log --single-version-externally-managed install_data
[7.720s] Level 1:colcon.colcon_core.environment:checking '/home/ajdj/Workspaces/turtlebot3_ws/turtlebot3_modulo2/install/motor_position_controller/lib'
[7.720s] Level 1:colcon.colcon_core.environment:checking '/home/ajdj/Workspaces/turtlebot3_ws/turtlebot3_modulo2/install/motor_position_controller/bin'
[7.720s] Level 1:colcon.colcon_core.environment:checking '/home/ajdj/Workspaces/turtlebot3_ws/turtlebot3_modulo2/install/motor_position_controller/lib/pkgconfig/motor_position_controller.pc'
[7.722s] Level 1:colcon.colcon_core.environment:checking '/home/ajdj/Workspaces/turtlebot3_ws/turtlebot3_modulo2/install/motor_position_controller/lib/python3.10/site-packages'
[7.722s] Level 1:colcon.colcon_core.shell:create_environment_hook('motor_position_controller', 'pythonpath')
[7.722s] INFO:colcon.colcon_core.shell:Creating environment hook '/home/ajdj/Workspaces/turtlebot3_ws/turtlebot3_modulo2/install/motor_position_controller/share/motor_position_controller/hook/pythonpath.ps1'
[7.726s] INFO:colcon.colcon_core.shell:Creating environment descriptor '/home/ajdj/Workspaces/turtlebot3_ws/turtlebot3_modulo2/install/motor_position_controller/share/motor_position_controller/hook/pythonpath.dsv'
[7.730s] INFO:colcon.colcon_core.shell:Creating environment hook '/home/ajdj/Workspaces/turtlebot3_ws/turtlebot3_modulo2/install/motor_position_controller/share/motor_position_controller/hook/pythonpath.sh'
[7.733s] Level 1:colcon.colcon_core.environment:checking '/home/ajdj/Workspaces/turtlebot3_ws/turtlebot3_modulo2/install/motor_position_controller/bin'
[7.733s] Level 1:colcon.colcon_core.environment:create_environment_scripts_only(motor_position_controller)
[7.734s] INFO:colcon.colcon_core.shell:Creating package script '/home/ajdj/Workspaces/turtlebot3_ws/turtlebot3_modulo2/install/motor_position_controller/share/motor_position_controller/package.ps1'
[7.735s] INFO:colcon.colcon_core.shell:Creating package descriptor '/home/ajdj/Workspaces/turtlebot3_ws/turtlebot3_modulo2/install/motor_position_controller/share/motor_position_controller/package.dsv'
[7.737s] INFO:colcon.colcon_core.shell:Creating package script '/home/ajdj/Workspaces/turtlebot3_ws/turtlebot3_modulo2/install/motor_position_controller/share/motor_position_controller/package.sh'
[7.738s] INFO:colcon.colcon_core.shell:Creating package script '/home/ajdj/Workspaces/turtlebot3_ws/turtlebot3_modulo2/install/motor_position_controller/share/motor_position_controller/package.bash'
[7.741s] INFO:colcon.colcon_core.shell:Creating package script '/home/ajdj/Workspaces/turtlebot3_ws/turtlebot3_modulo2/install/motor_position_controller/share/motor_position_controller/package.zsh'
[7.742s] Level 1:colcon.colcon_core.environment:create_file_with_runtime_dependencies(/home/ajdj/Workspaces/turtlebot3_ws/turtlebot3_modulo2/install/motor_position_controller/share/colcon-core/packages/motor_position_controller)
[7.925s] DEBUG:colcon.colcon_core.event_handler.log_command:Invoking command in '/home/ajdj/Workspaces/turtlebot3_ws/turtlebot3_modulo2/src/turtlebot3_explore': PYTHONPATH=/home/ajdj/Workspaces/turtlebot3_ws/turtlebot3_modulo2/build/turtlebot3_explore/prefix_override:/usr/lib/python3/dist-packages/colcon_core/task/python/colcon_distutils_commands:/home/ajdj/Workspaces/turtlebot3_ws/turtlebot3_modulo2/install/turtlebot3_explore/lib/python3.10/site-packages:${PYTHONPATH} /usr/bin/python3 -W ignore:setup.py install is deprecated setup.py egg_info --egg-base ../../build/turtlebot3_explore build --build-base /home/ajdj/Workspaces/turtlebot3_ws/turtlebot3_modulo2/build/turtlebot3_explore/build install --record /home/ajdj/Workspaces/turtlebot3_ws/turtlebot3_modulo2/build/turtlebot3_explore/install.log --single-version-externally-managed install_data
[8.008s] DEBUG:colcon.colcon_core.event_handler.log_command:Invoking command in '/home/ajdj/Workspaces/turtlebot3_ws/turtlebot3_modulo2/src/turtlebot3_poi_navigation': PYTHONPATH=/home/ajdj/Workspaces/turtlebot3_ws/turtlebot3_modulo2/build/turtlebot3_poi_navigation/prefix_override:/usr/lib/python3/dist-packages/colcon_core/task/python/colcon_distutils_commands:/home/ajdj/Workspaces/turtlebot3_ws/turtlebot3_modulo2/install/turtlebot3_poi_navigation/lib/python3.10/site-packages:${PYTHONPATH} /usr/bin/python3 -W ignore:setup.py install is deprecated setup.py egg_info --egg-base ../../build/turtlebot3_poi_navigation build --build-base /home/ajdj/Workspaces/turtlebot3_ws/turtlebot3_modulo2/build/turtlebot3_poi_navigation/build install --record /home/ajdj/Workspaces/turtlebot3_ws/turtlebot3_modulo2/build/turtlebot3_poi_navigation/install.log --single-version-externally-managed install_data
[8.641s] Level 1:colcon.colcon_core.environment:checking '/home/ajdj/Workspaces/turtlebot3_ws/turtlebot3_modulo2/install/turtlebot3_explore' for CMake module files
[8.642s] Level 1:colcon.colcon_core.environment:checking '/home/ajdj/Workspaces/turtlebot3_ws/turtlebot3_modulo2/install/turtlebot3_explore' for CMake config files
[8.643s] DEBUG:colcon.colcon_core.event_handler.log_command:Invoked command in '/home/ajdj/Workspaces/turtlebot3_ws/turtlebot3_modulo2/src/turtlebot3_explore' returned '0': PYTHONPATH=/home/ajdj/Workspaces/turtlebot3_ws/turtlebot3_modulo2/build/turtlebot3_explore/prefix_override:/usr/lib/python3/dist-packages/colcon_core/task/python/colcon_distutils_commands:/home/ajdj/Workspaces/turtlebot3_ws/turtlebot3_modulo2/install/turtlebot3_explore/lib/python3.10/site-packages:${PYTHONPATH} /usr/bin/python3 -W ignore:setup.py install is deprecated setup.py egg_info --egg-base ../../build/turtlebot3_explore build --build-base /home/ajdj/Workspaces/turtlebot3_ws/turtlebot3_modulo2/build/turtlebot3_explore/build install --record /home/ajdj/Workspaces/turtlebot3_ws/turtlebot3_modulo2/build/turtlebot3_explore/install.log --single-version-externally-managed install_data
[8.646s] Level 1:colcon.colcon_core.environment:checking '/home/ajdj/Workspaces/turtlebot3_ws/turtlebot3_modulo2/install/turtlebot3_explore/lib'
[8.646s] Level 1:colcon.colcon_core.environment:checking '/home/ajdj/Workspaces/turtlebot3_ws/turtlebot3_modulo2/install/turtlebot3_explore/bin'
[8.646s] Level 1:colcon.colcon_core.environment:checking '/home/ajdj/Workspaces/turtlebot3_ws/turtlebot3_modulo2/install/turtlebot3_explore/lib/pkgconfig/turtlebot3_explore.pc'
[8.648s] Level 1:colcon.colcon_core.environment:checking '/home/ajdj/Workspaces/turtlebot3_ws/turtlebot3_modulo2/install/turtlebot3_explore/lib/python3.10/site-packages'
[8.648s] Level 1:colcon.colcon_core.shell:create_environment_hook('turtlebot3_explore', 'pythonpath')
[8.650s] INFO:colcon.colcon_core.shell:Creating environment hook '/home/ajdj/Workspaces/turtlebot3_ws/turtlebot3_modulo2/install/turtlebot3_explore/share/turtlebot3_explore/hook/pythonpath.ps1'
[8.651s] INFO:colcon.colcon_core.shell:Creating environment descriptor '/home/ajdj/Workspaces/turtlebot3_ws/turtlebot3_modulo2/install/turtlebot3_explore/share/turtlebot3_explore/hook/pythonpath.dsv'
[8.652s] INFO:colcon.colcon_core.shell:Creating environment hook '/home/ajdj/Workspaces/turtlebot3_ws/turtlebot3_modulo2/install/turtlebot3_explore/share/turtlebot3_explore/hook/pythonpath.sh'
[8.654s] Level 1:colcon.colcon_core.environment:checking '/home/ajdj/Workspaces/turtlebot3_ws/turtlebot3_modulo2/install/turtlebot3_explore/bin'
[8.655s] Level 1:colcon.colcon_core.environment:create_environment_scripts_only(turtlebot3_explore)
[8.658s] INFO:colcon.colcon_core.shell:Creating package script '/home/ajdj/Workspaces/turtlebot3_ws/turtlebot3_modulo2/install/turtlebot3_explore/share/turtlebot3_explore/package.ps1'
[8.660s] INFO:colcon.colcon_core.shell:Creating package descriptor '/home/ajdj/Workspaces/turtlebot3_ws/turtlebot3_modulo2/install/turtlebot3_explore/share/turtlebot3_explore/package.dsv'
[8.661s] INFO:colcon.colcon_core.shell:Creating package script '/home/ajdj/Workspaces/turtlebot3_ws/turtlebot3_modulo2/install/turtlebot3_explore/share/turtlebot3_explore/package.sh'
[8.662s] INFO:colcon.colcon_core.shell:Creating package script '/home/ajdj/Workspaces/turtlebot3_ws/turtlebot3_modulo2/install/turtlebot3_explore/share/turtlebot3_explore/package.bash'
[8.663s] INFO:colcon.colcon_core.shell:Creating package script '/home/ajdj/Workspaces/turtlebot3_ws/turtlebot3_modulo2/install/turtlebot3_explore/share/turtlebot3_explore/package.zsh'
[8.663s] Level 1:colcon.colcon_core.environment:create_file_with_runtime_dependencies(/home/ajdj/Workspaces/turtlebot3_ws/turtlebot3_modulo2/install/turtlebot3_explore/share/colcon-core/packages/turtlebot3_explore)
[8.667s] Level 1:colcon.colcon_core.environment:checking '/home/ajdj/Workspaces/turtlebot3_ws/turtlebot3_modulo2/install/turtlebot3_poi_navigation' for CMake module files
[8.668s] Level 1:colcon.colcon_core.environment:checking '/home/ajdj/Workspaces/turtlebot3_ws/turtlebot3_modulo2/install/turtlebot3_poi_navigation' for CMake config files
[8.670s] DEBUG:colcon.colcon_core.event_handler.log_command:Invoked command in '/home/ajdj/Workspaces/turtlebot3_ws/turtlebot3_modulo2/src/turtlebot3_poi_navigation' returned '0': PYTHONPATH=/home/ajdj/Workspaces/turtlebot3_ws/turtlebot3_modulo2/build/turtlebot3_poi_navigation/prefix_override:/usr/lib/python3/dist-packages/colcon_core/task/python/colcon_distutils_commands:/home/ajdj/Workspaces/turtlebot3_ws/turtlebot3_modulo2/install/turtlebot3_poi_navigation/lib/python3.10/site-packages:${PYTHONPATH} /usr/bin/python3 -W ignore:setup.py install is deprecated setup.py egg_info --egg-base ../../build/turtlebot3_poi_navigation build --build-base /home/ajdj/Workspaces/turtlebot3_ws/turtlebot3_modulo2/build/turtlebot3_poi_navigation/build install --record /home/ajdj/Workspaces/turtlebot3_ws/turtlebot3_modulo2/build/turtlebot3_poi_navigation/install.log --single-version-externally-managed install_data
[8.671s] Level 1:colcon.colcon_core.environment:checking '/home/ajdj/Workspaces/turtlebot3_ws/turtlebot3_modulo2/install/turtlebot3_poi_navigation/lib'
[8.671s] Level 1:colcon.colcon_core.environment:checking '/home/ajdj/Workspaces/turtlebot3_ws/turtlebot3_modulo2/install/turtlebot3_poi_navigation/bin'
[8.671s] Level 1:colcon.colcon_core.environment:checking '/home/ajdj/Workspaces/turtlebot3_ws/turtlebot3_modulo2/install/turtlebot3_poi_navigation/lib/pkgconfig/turtlebot3_poi_navigation.pc'
[8.671s] Level 1:colcon.colcon_core.environment:checking '/home/ajdj/Workspaces/turtlebot3_ws/turtlebot3_modulo2/install/turtlebot3_poi_navigation/lib/python3.10/site-packages'
[8.672s] Level 1:colcon.colcon_core.shell:create_environment_hook('turtlebot3_poi_navigation', 'pythonpath')
[8.672s] INFO:colcon.colcon_core.shell:Creating environment hook '/home/ajdj/Workspaces/turtlebot3_ws/turtlebot3_modulo2/install/turtlebot3_poi_navigation/share/turtlebot3_poi_navigation/hook/pythonpath.ps1'
[8.674s] INFO:colcon.colcon_core.shell:Creating environment descriptor '/home/ajdj/Workspaces/turtlebot3_ws/turtlebot3_modulo2/install/turtlebot3_poi_navigation/share/turtlebot3_poi_navigation/hook/pythonpath.dsv'
[8.675s] INFO:colcon.colcon_core.shell:Creating environment hook '/home/ajdj/Workspaces/turtlebot3_ws/turtlebot3_modulo2/install/turtlebot3_poi_navigation/share/turtlebot3_poi_navigation/hook/pythonpath.sh'
[8.677s] Level 1:colcon.colcon_core.environment:checking '/home/ajdj/Workspaces/turtlebot3_ws/turtlebot3_modulo2/install/turtlebot3_poi_navigation/bin'
[8.677s] Level 1:colcon.colcon_core.environment:create_environment_scripts_only(turtlebot3_poi_navigation)
[8.678s] INFO:colcon.colcon_core.shell:Creating package script '/home/ajdj/Workspaces/turtlebot3_ws/turtlebot3_modulo2/install/turtlebot3_poi_navigation/share/turtlebot3_poi_navigation/package.ps1'
[8.679s] INFO:colcon.colcon_core.shell:Creating package descriptor '/home/ajdj/Workspaces/turtlebot3_ws/turtlebot3_modulo2/install/turtlebot3_poi_navigation/share/turtlebot3_poi_navigation/package.dsv'
[8.680s] INFO:colcon.colcon_core.shell:Creating package script '/home/ajdj/Workspaces/turtlebot3_ws/turtlebot3_modulo2/install/turtlebot3_poi_navigation/share/turtlebot3_poi_navigation/package.sh'
[8.681s] INFO:colcon.colcon_core.shell:Creating package script '/home/ajdj/Workspaces/turtlebot3_ws/turtlebot3_modulo2/install/turtlebot3_poi_navigation/share/turtlebot3_poi_navigation/package.bash'
[8.682s] INFO:colcon.colcon_core.shell:Creating package script '/home/ajdj/Workspaces/turtlebot3_ws/turtlebot3_modulo2/install/turtlebot3_poi_navigation/share/turtlebot3_poi_navigation/package.zsh'
[8.683s] Level 1:colcon.colcon_core.environment:create_file_with_runtime_dependencies(/home/ajdj/Workspaces/turtlebot3_ws/turtlebot3_modulo2/install/turtlebot3_poi_navigation/share/colcon-core/packages/turtlebot3_poi_navigation)
[8.683s] DEBUG:colcon.colcon_parallel_executor.executor.parallel:closing loop
[8.684s] DEBUG:colcon.colcon_parallel_executor.executor.parallel:loop closed
[8.685s] DEBUG:colcon.colcon_parallel_executor.executor.parallel:run_until_complete finished with '0'
[8.685s] DEBUG:colcon.colcon_core.event_reactor:joining thread
[8.697s] INFO:colcon.colcon_core.plugin_system:Skipping extension 'colcon_notification.desktop_notification.terminal_notifier': Not used on non-Darwin systems
[8.697s] INFO:colcon.colcon_core.plugin_system:Skipping extension 'colcon_notification.desktop_notification.win32': Not used on non-Windows systems
[8.697s] INFO:colcon.colcon_notification.desktop_notification:Sending desktop notification using 'notify2'
[8.728s] DEBUG:colcon.colcon_core.event_reactor:joined thread
[8.729s] INFO:colcon.colcon_core.shell:Creating prefix script '/home/ajdj/Workspaces/turtlebot3_ws/turtlebot3_modulo2/install/local_setup.ps1'
[8.731s] INFO:colcon.colcon_core.shell:Creating prefix util module '/home/ajdj/Workspaces/turtlebot3_ws/turtlebot3_modulo2/install/_local_setup_util_ps1.py'
[8.735s] INFO:colcon.colcon_core.shell:Creating prefix chain script '/home/ajdj/Workspaces/turtlebot3_ws/turtlebot3_modulo2/install/setup.ps1'
[8.739s] INFO:colcon.colcon_core.shell:Creating prefix script '/home/ajdj/Workspaces/turtlebot3_ws/turtlebot3_modulo2/install/local_setup.sh'
[8.740s] INFO:colcon.colcon_core.shell:Creating prefix util module '/home/ajdj/Workspaces/turtlebot3_ws/turtlebot3_modulo2/install/_local_setup_util_sh.py'
[8.742s] INFO:colcon.colcon_core.shell:Creating prefix chain script '/home/ajdj/Workspaces/turtlebot3_ws/turtlebot3_modulo2/install/setup.sh'
[8.745s] INFO:colcon.colcon_core.shell:Creating prefix script '/home/ajdj/Workspaces/turtlebot3_ws/turtlebot3_modulo2/install/local_setup.bash'
[8.746s] INFO:colcon.colcon_core.shell:Creating prefix chain script '/home/ajdj/Workspaces/turtlebot3_ws/turtlebot3_modulo2/install/setup.bash'
[8.748s] INFO:colcon.colcon_core.shell:Creating prefix script '/home/ajdj/Workspaces/turtlebot3_ws/turtlebot3_modulo2/install/local_setup.zsh'
[8.749s] INFO:colcon.colcon_core.shell:Creating prefix chain script '/home/ajdj/Workspaces/turtlebot3_ws/turtlebot3_modulo2/install/setup.zsh'
