[0.056s] Invoking command in '/home/ajdj/Workspaces/turtlebot3_ws/turtlebot3_modulo2/build/multirobot_map_merge': CMAKE_PREFIX_PATH=${CMAKE_PREFIX_PATH}:/home/ajdj/Workspaces/turtlebot3_ws/turtlebot3_modulo2/install/turtlebot3_poi_navigation:/home/ajdj/Workspaces/turtlebot3_ws/turtlebot3_modulo2/install/turtlebot3_explore:/home/ajdj/Workspaces/turtlebot3_ws/turtlebot3_modulo2/install/motor_position_controller:/home/ajdj/Workspaces/turtlebot3_ws/turtlebot3_modulo2/install/laser_scan_adjuster:/home/ajdj/Workspaces/turtlebot3_ws/turtlebot3_modulo2/install/joint_state_publisher_custom:/home/ajdj/Workspaces/turtlebot3_ws/turtlebot3_modulo2/install/interface_turtlebot:/home/ajdj/Workspaces/turtlebot3_ws/turtlebot3_modulo2/install/hazmat_marker:/home/ajdj/Workspaces/turtlebot3_ws/turtlebot3_modulo2/install/camara:/opt/ros/humble /usr/bin/cmake --build /home/ajdj/Workspaces/turtlebot3_ws/turtlebot3_modulo2/build/multirobot_map_merge -- -j4 -l4
[0.366s] [ 33%] Built target combine_grids
[0.503s] [ 50%] Built target gtest
[0.602s] [ 66%] Built target map_merge
[0.690s] [ 83%] Built target gtest_main
[0.781s] [100%] Built target test_merging_pipeline
[1.578s] Invoked command in '/home/ajdj/Workspaces/turtlebot3_ws/turtlebot3_modulo2/build/multirobot_map_merge' returned '0': CMAKE_PREFIX_PATH=${CMAKE_PREFIX_PATH}:/home/ajdj/Workspaces/turtlebot3_ws/turtlebot3_modulo2/install/turtlebot3_poi_navigation:/home/ajdj/Workspaces/turtlebot3_ws/turtlebot3_modulo2/install/turtlebot3_explore:/home/ajdj/Workspaces/turtlebot3_ws/turtlebot3_modulo2/install/motor_position_controller:/home/ajdj/Workspaces/turtlebot3_ws/turtlebot3_modulo2/install/laser_scan_adjuster:/home/ajdj/Workspaces/turtlebot3_ws/turtlebot3_modulo2/install/joint_state_publisher_custom:/home/ajdj/Workspaces/turtlebot3_ws/turtlebot3_modulo2/install/interface_turtlebot:/home/ajdj/Workspaces/turtlebot3_ws/turtlebot3_modulo2/install/hazmat_marker:/home/ajdj/Workspaces/turtlebot3_ws/turtlebot3_modulo2/install/camara:/opt/ros/humble /usr/bin/cmake --build /home/ajdj/Workspaces/turtlebot3_ws/turtlebot3_modulo2/build/multirobot_map_merge -- -j4 -l4
[1.769s] Invoking command in '/home/ajdj/Workspaces/turtlebot3_ws/turtlebot3_modulo2/build/multirobot_map_merge': CMAKE_PREFIX_PATH=${CMAKE_PREFIX_PATH}:/home/ajdj/Workspaces/turtlebot3_ws/turtlebot3_modulo2/install/turtlebot3_poi_navigation:/home/ajdj/Workspaces/turtlebot3_ws/turtlebot3_modulo2/install/turtlebot3_explore:/home/ajdj/Workspaces/turtlebot3_ws/turtlebot3_modulo2/install/motor_position_controller:/home/ajdj/Workspaces/turtlebot3_ws/turtlebot3_modulo2/install/laser_scan_adjuster:/home/ajdj/Workspaces/turtlebot3_ws/turtlebot3_modulo2/install/joint_state_publisher_custom:/home/ajdj/Workspaces/turtlebot3_ws/turtlebot3_modulo2/install/interface_turtlebot:/home/ajdj/Workspaces/turtlebot3_ws/turtlebot3_modulo2/install/hazmat_marker:/home/ajdj/Workspaces/turtlebot3_ws/turtlebot3_modulo2/install/camara:/opt/ros/humble /usr/bin/cmake --install /home/ajdj/Workspaces/turtlebot3_ws/turtlebot3_modulo2/build/multirobot_map_merge
[1.799s] -- Install configuration: ""
[1.800s] -- Up-to-date: /home/ajdj/Workspaces/turtlebot3_ws/turtlebot3_modulo2/install/multirobot_map_merge/include/map_merge/
[1.807s] -- Up-to-date: /home/ajdj/Workspaces/turtlebot3_ws/turtlebot3_modulo2/install/multirobot_map_merge/include/map_merge//map_merge.h
[1.807s] -- Up-to-date: /home/ajdj/Workspaces/turtlebot3_ws/turtlebot3_modulo2/install/multirobot_map_merge/include/map_merge//ros1_names.hpp
[1.807s] -- Up-to-date: /home/ajdj/Workspaces/turtlebot3_ws/turtlebot3_modulo2/install/multirobot_map_merge/share/multirobot_map_merge/launch
[1.807s] -- Up-to-date: /home/ajdj/Workspaces/turtlebot3_ws/turtlebot3_modulo2/install/multirobot_map_merge/share/multirobot_map_merge/launch/from_map_server.launch.py
[1.807s] -- Up-to-date: /home/ajdj/Workspaces/turtlebot3_ws/turtlebot3_modulo2/install/multirobot_map_merge/share/multirobot_map_merge/launch/map_merge.launch.py
[1.808s] -- Up-to-date: /home/ajdj/Workspaces/turtlebot3_ws/turtlebot3_modulo2/install/multirobot_map_merge/share/multirobot_map_merge/launch/map_merge.rviz
[1.808s] -- Up-to-date: /home/ajdj/Workspaces/turtlebot3_ws/turtlebot3_modulo2/install/multirobot_map_merge/share/multirobot_map_merge/launch/tb3_simulation
[1.808s] -- Up-to-date: /home/ajdj/Workspaces/turtlebot3_ws/turtlebot3_modulo2/install/multirobot_map_merge/share/multirobot_map_merge/launch/tb3_simulation/multi_tb3_simulation_launch.py
[1.809s] -- Up-to-date: /home/ajdj/Workspaces/turtlebot3_ws/turtlebot3_modulo2/install/multirobot_map_merge/share/multirobot_map_merge/launch/tb3_simulation/config
[1.809s] -- Up-to-date: /home/ajdj/Workspaces/turtlebot3_ws/turtlebot3_modulo2/install/multirobot_map_merge/share/multirobot_map_merge/launch/tb3_simulation/config/nav2_multirobot_params_1.yaml
[1.809s] -- Up-to-date: /home/ajdj/Workspaces/turtlebot3_ws/turtlebot3_modulo2/install/multirobot_map_merge/share/multirobot_map_merge/launch/tb3_simulation/config/nav2_multirobot_params_2.yaml
[1.809s] -- Up-to-date: /home/ajdj/Workspaces/turtlebot3_ws/turtlebot3_modulo2/install/multirobot_map_merge/share/multirobot_map_merge/launch/tb3_simulation/worlds
[1.809s] -- Up-to-date: /home/ajdj/Workspaces/turtlebot3_ws/turtlebot3_modulo2/install/multirobot_map_merge/share/multirobot_map_merge/launch/tb3_simulation/worlds/world_only.model
[1.809s] -- Up-to-date: /home/ajdj/Workspaces/turtlebot3_ws/turtlebot3_modulo2/install/multirobot_map_merge/share/multirobot_map_merge/launch/tb3_simulation/tb3_simulation_launch.py
[1.809s] -- Up-to-date: /home/ajdj/Workspaces/turtlebot3_ws/turtlebot3_modulo2/install/multirobot_map_merge/share/multirobot_map_merge/launch/tb3_simulation/slam_toolbox.py
[1.809s] -- Up-to-date: /home/ajdj/Workspaces/turtlebot3_ws/turtlebot3_modulo2/install/multirobot_map_merge/share/multirobot_map_merge/launch/tb3_simulation/bringup_launch.py
[1.809s] -- Up-to-date: /home/ajdj/Workspaces/turtlebot3_ws/turtlebot3_modulo2/install/multirobot_map_merge/share/multirobot_map_merge/config
[1.809s] -- Up-to-date: /home/ajdj/Workspaces/turtlebot3_ws/turtlebot3_modulo2/install/multirobot_map_merge/share/multirobot_map_merge/config/params.yaml
[1.809s] -- Up-to-date: /home/ajdj/Workspaces/turtlebot3_ws/turtlebot3_modulo2/install/multirobot_map_merge/lib/libcombine_grids.a
[1.810s] -- Up-to-date: /home/ajdj/Workspaces/turtlebot3_ws/turtlebot3_modulo2/install/multirobot_map_merge/lib/multirobot_map_merge/map_merge
[1.810s] -- Up-to-date: /home/ajdj/Workspaces/turtlebot3_ws/turtlebot3_modulo2/install/multirobot_map_merge/share/multirobot_map_merge/environment/library_path.sh
[1.810s] -- Up-to-date: /home/ajdj/Workspaces/turtlebot3_ws/turtlebot3_modulo2/install/multirobot_map_merge/share/multirobot_map_merge/environment/library_path.dsv
[1.810s] -- Up-to-date: /home/ajdj/Workspaces/turtlebot3_ws/turtlebot3_modulo2/install/multirobot_map_merge/share/ament_index/resource_index/package_run_dependencies/multirobot_map_merge
[1.810s] -- Up-to-date: /home/ajdj/Workspaces/turtlebot3_ws/turtlebot3_modulo2/install/multirobot_map_merge/share/ament_index/resource_index/parent_prefix_path/multirobot_map_merge
[1.810s] -- Up-to-date: /home/ajdj/Workspaces/turtlebot3_ws/turtlebot3_modulo2/install/multirobot_map_merge/share/multirobot_map_merge/environment/ament_prefix_path.sh
[1.810s] -- Up-to-date: /home/ajdj/Workspaces/turtlebot3_ws/turtlebot3_modulo2/install/multirobot_map_merge/share/multirobot_map_merge/environment/ament_prefix_path.dsv
[1.810s] -- Up-to-date: /home/ajdj/Workspaces/turtlebot3_ws/turtlebot3_modulo2/install/multirobot_map_merge/share/multirobot_map_merge/environment/path.sh
[1.810s] -- Up-to-date: /home/ajdj/Workspaces/turtlebot3_ws/turtlebot3_modulo2/install/multirobot_map_merge/share/multirobot_map_merge/environment/path.dsv
[1.811s] -- Up-to-date: /home/ajdj/Workspaces/turtlebot3_ws/turtlebot3_modulo2/install/multirobot_map_merge/share/multirobot_map_merge/local_setup.bash
[1.811s] -- Up-to-date: /home/ajdj/Workspaces/turtlebot3_ws/turtlebot3_modulo2/install/multirobot_map_merge/share/multirobot_map_merge/local_setup.sh
[1.811s] -- Up-to-date: /home/ajdj/Workspaces/turtlebot3_ws/turtlebot3_modulo2/install/multirobot_map_merge/share/multirobot_map_merge/local_setup.zsh
[1.811s] -- Up-to-date: /home/ajdj/Workspaces/turtlebot3_ws/turtlebot3_modulo2/install/multirobot_map_merge/share/multirobot_map_merge/local_setup.dsv
[1.811s] -- Installing: /home/ajdj/Workspaces/turtlebot3_ws/turtlebot3_modulo2/install/multirobot_map_merge/share/multirobot_map_merge/package.dsv
[1.827s] -- Up-to-date: /home/ajdj/Workspaces/turtlebot3_ws/turtlebot3_modulo2/install/multirobot_map_merge/share/ament_index/resource_index/packages/multirobot_map_merge
[1.828s] -- Up-to-date: /home/ajdj/Workspaces/turtlebot3_ws/turtlebot3_modulo2/install/multirobot_map_merge/share/multirobot_map_merge/cmake/ament_cmake_export_include_directories-extras.cmake
[1.828s] -- Up-to-date: /home/ajdj/Workspaces/turtlebot3_ws/turtlebot3_modulo2/install/multirobot_map_merge/share/multirobot_map_merge/cmake/ament_cmake_export_libraries-extras.cmake
[1.828s] -- Up-to-date: /home/ajdj/Workspaces/turtlebot3_ws/turtlebot3_modulo2/install/multirobot_map_merge/share/multirobot_map_merge/cmake/multirobot_map_mergeConfig.cmake
[1.828s] -- Up-to-date: /home/ajdj/Workspaces/turtlebot3_ws/turtlebot3_modulo2/install/multirobot_map_merge/share/multirobot_map_merge/cmake/multirobot_map_mergeConfig-version.cmake
[1.828s] -- Up-to-date: /home/ajdj/Workspaces/turtlebot3_ws/turtlebot3_modulo2/install/multirobot_map_merge/share/multirobot_map_merge/package.xml
[1.846s] Invoked command in '/home/ajdj/Workspaces/turtlebot3_ws/turtlebot3_modulo2/build/multirobot_map_merge' returned '0': CMAKE_PREFIX_PATH=${CMAKE_PREFIX_PATH}:/home/ajdj/Workspaces/turtlebot3_ws/turtlebot3_modulo2/install/turtlebot3_poi_navigation:/home/ajdj/Workspaces/turtlebot3_ws/turtlebot3_modulo2/install/turtlebot3_explore:/home/ajdj/Workspaces/turtlebot3_ws/turtlebot3_modulo2/install/motor_position_controller:/home/ajdj/Workspaces/turtlebot3_ws/turtlebot3_modulo2/install/laser_scan_adjuster:/home/ajdj/Workspaces/turtlebot3_ws/turtlebot3_modulo2/install/joint_state_publisher_custom:/home/ajdj/Workspaces/turtlebot3_ws/turtlebot3_modulo2/install/interface_turtlebot:/home/ajdj/Workspaces/turtlebot3_ws/turtlebot3_modulo2/install/hazmat_marker:/home/ajdj/Workspaces/turtlebot3_ws/turtlebot3_modulo2/install/camara:/opt/ros/humble /usr/bin/cmake --install /home/ajdj/Workspaces/turtlebot3_ws/turtlebot3_modulo2/build/multirobot_map_merge
