[4.223s] Invoking command in '/home/ajdj/Workspaces/turtlebot3_ws/turtlebot3_modulo2/src/joint_state_publisher_custom': PYTHONPATH=/home/ajdj/Workspaces/turtlebot3_ws/turtlebot3_modulo2/build/joint_state_publisher_custom/prefix_override:/usr/lib/python3/dist-packages/colcon_core/task/python/colcon_distutils_commands:/home/ajdj/Workspaces/turtlebot3_ws/turtlebot3_modulo2/install/joint_state_publisher_custom/lib/python3.10/site-packages:${PYTHONPATH} /usr/bin/python3 -W ignore:setup.py install is deprecated setup.py egg_info --egg-base ../../build/joint_state_publisher_custom build --build-base /home/ajdj/Workspaces/turtlebot3_ws/turtlebot3_modulo2/build/joint_state_publisher_custom/build install --record /home/ajdj/Workspaces/turtlebot3_ws/turtlebot3_modulo2/build/joint_state_publisher_custom/install.log --single-version-externally-managed
[5.645s] running egg_info
[5.675s] writing ../../build/joint_state_publisher_custom/joint_state_publisher_custom.egg-info/PKG-INFO
[5.675s] writing dependency_links to ../../build/joint_state_publisher_custom/joint_state_publisher_custom.egg-info/dependency_links.txt
[5.675s] writing entry points to ../../build/joint_state_publisher_custom/joint_state_publisher_custom.egg-info/entry_points.txt
[5.675s] writing requirements to ../../build/joint_state_publisher_custom/joint_state_publisher_custom.egg-info/requires.txt
[5.675s] writing top-level names to ../../build/joint_state_publisher_custom/joint_state_publisher_custom.egg-info/top_level.txt
[5.704s] reading manifest file '../../build/joint_state_publisher_custom/joint_state_publisher_custom.egg-info/SOURCES.txt'
[5.713s] writing manifest file '../../build/joint_state_publisher_custom/joint_state_publisher_custom.egg-info/SOURCES.txt'
[5.713s] running build
[5.718s] running build_py
[5.720s] running install
[5.726s] running install_lib
[5.753s] running install_egg_info
[5.771s] removing '/home/ajdj/Workspaces/turtlebot3_ws/turtlebot3_modulo2/install/joint_state_publisher_custom/lib/python3.10/site-packages/joint_state_publisher_custom-0.0.0-py3.10.egg-info' (and everything under it)
[5.774s] Copying ../../build/joint_state_publisher_custom/joint_state_publisher_custom.egg-info to /home/ajdj/Workspaces/turtlebot3_ws/turtlebot3_modulo2/install/joint_state_publisher_custom/lib/python3.10/site-packages/joint_state_publisher_custom-0.0.0-py3.10.egg-info
[5.781s] running install_scripts
[5.973s] Installing joint_state_publisher script to /home/ajdj/Workspaces/turtlebot3_ws/turtlebot3_modulo2/install/joint_state_publisher_custom/lib/joint_state_publisher_custom
[5.973s] writing list of installed files to '/home/ajdj/Workspaces/turtlebot3_ws/turtlebot3_modulo2/build/joint_state_publisher_custom/install.log'
[6.916s] Invoked command in '/home/ajdj/Workspaces/turtlebot3_ws/turtlebot3_modulo2/src/joint_state_publisher_custom' returned '0': PYTHONPATH=/home/ajdj/Workspaces/turtlebot3_ws/turtlebot3_modulo2/build/joint_state_publisher_custom/prefix_override:/usr/lib/python3/dist-packages/colcon_core/task/python/colcon_distutils_commands:/home/ajdj/Workspaces/turtlebot3_ws/turtlebot3_modulo2/install/joint_state_publisher_custom/lib/python3.10/site-packages:${PYTHONPATH} /usr/bin/python3 -W ignore:setup.py install is deprecated setup.py egg_info --egg-base ../../build/joint_state_publisher_custom build --build-base /home/ajdj/Workspaces/turtlebot3_ws/turtlebot3_modulo2/build/joint_state_publisher_custom/build install --record /home/ajdj/Workspaces/turtlebot3_ws/turtlebot3_modulo2/build/joint_state_publisher_custom/install.log --single-version-externally-managed
