[1.916s] Invoking command in '/home/ajdj/Workspaces/turtlebot3_ws/turtlebot3_modulo2/src/camara': PYTHONPATH=/home/ajdj/Workspaces/turtlebot3_ws/turtlebot3_modulo2/build/camara/prefix_override:/usr/lib/python3/dist-packages/colcon_core/task/python/colcon_distutils_commands:/home/ajdj/Workspaces/turtlebot3_ws/turtlebot3_modulo2/install/camara/lib/python3.10/site-packages:${PYTHONPATH} /usr/bin/python3 -W ignore:setup.py install is deprecated setup.py egg_info --egg-base ../../build/camara build --build-base /home/ajdj/Workspaces/turtlebot3_ws/turtlebot3_modulo2/build/camara/build install --record /home/ajdj/Workspaces/turtlebot3_ws/turtlebot3_modulo2/build/camara/install.log --single-version-externally-managed install_data
[2.392s] running egg_info
[2.396s] writing ../../build/camara/camara.egg-info/PKG-INFO
[2.396s] writing dependency_links to ../../build/camara/camara.egg-info/dependency_links.txt
[2.396s] writing entry points to ../../build/camara/camara.egg-info/entry_points.txt
[2.396s] writing requirements to ../../build/camara/camara.egg-info/requires.txt
[2.397s] writing top-level names to ../../build/camara/camara.egg-info/top_level.txt
[2.397s] reading manifest file '../../build/camara/camara.egg-info/SOURCES.txt'
[2.398s] writing manifest file '../../build/camara/camara.egg-info/SOURCES.txt'
[2.398s] running build
[2.399s] running build_py
[2.401s] running install
[2.401s] running install_lib
[2.402s] running install_data
[2.403s] running install_egg_info
[2.407s] removing '/home/ajdj/Workspaces/turtlebot3_ws/turtlebot3_modulo2/install/camara/lib/python3.10/site-packages/camara-0.0.0-py3.10.egg-info' (and everything under it)
[2.410s] Copying ../../build/camara/camara.egg-info to /home/ajdj/Workspaces/turtlebot3_ws/turtlebot3_modulo2/install/camara/lib/python3.10/site-packages/camara-0.0.0-py3.10.egg-info
[2.411s] running install_scripts
[2.454s] Installing camara_client script to /home/ajdj/Workspaces/turtlebot3_ws/turtlebot3_modulo2/install/camara/lib/camara
[2.454s] Installing camara_server script to /home/ajdj/Workspaces/turtlebot3_ws/turtlebot3_modulo2/install/camara/lib/camara
[2.458s] writing list of installed files to '/home/ajdj/Workspaces/turtlebot3_ws/turtlebot3_modulo2/build/camara/install.log'
[2.562s] Invoked command in '/home/ajdj/Workspaces/turtlebot3_ws/turtlebot3_modulo2/src/camara' returned '0': PYTHONPATH=/home/ajdj/Workspaces/turtlebot3_ws/turtlebot3_modulo2/build/camara/prefix_override:/usr/lib/python3/dist-packages/colcon_core/task/python/colcon_distutils_commands:/home/ajdj/Workspaces/turtlebot3_ws/turtlebot3_modulo2/install/camara/lib/python3.10/site-packages:${PYTHONPATH} /usr/bin/python3 -W ignore:setup.py install is deprecated setup.py egg_info --egg-base ../../build/camara build --build-base /home/ajdj/Workspaces/turtlebot3_ws/turtlebot3_modulo2/build/camara/build install --record /home/ajdj/Workspaces/turtlebot3_ws/turtlebot3_modulo2/build/camara/install.log --single-version-externally-managed install_data
