[2.314s] Invoking command in '/home/ajdj/Workspaces/turtlebot3_ws/turtlebot3_modulo2/src/camara': PYTHONPATH=/home/ajdj/Workspaces/turtlebot3_ws/turtlebot3_modulo2/build/camara/prefix_override:/usr/lib/python3/dist-packages/colcon_core/task/python/colcon_distutils_commands:/home/ajdj/Workspaces/turtlebot3_ws/turtlebot3_modulo2/install/camara/lib/python3.10/site-packages:${PYTHONPATH} /usr/bin/python3 -W ignore:setup.py install is deprecated setup.py egg_info --egg-base ../../build/camara build --build-base /home/ajdj/Workspaces/turtlebot3_ws/turtlebot3_modulo2/build/camara/build install --record /home/ajdj/Workspaces/turtlebot3_ws/turtlebot3_modulo2/build/camara/install.log --single-version-externally-managed install_data
[2.846s] running egg_info
[2.851s] writing ../../build/camara/camara.egg-info/PKG-INFO
[2.851s] writing dependency_links to ../../build/camara/camara.egg-info/dependency_links.txt
[2.851s] writing entry points to ../../build/camara/camara.egg-info/entry_points.txt
[2.851s] writing requirements to ../../build/camara/camara.egg-info/requires.txt
[2.851s] writing top-level names to ../../build/camara/camara.egg-info/top_level.txt
[2.856s] reading manifest file '../../build/camara/camara.egg-info/SOURCES.txt'
[2.857s] writing manifest file '../../build/camara/camara.egg-info/SOURCES.txt'
[2.857s] running build
[2.857s] running build_py
[2.857s] copying camara/camara_server.py -> /home/ajdj/Workspaces/turtlebot3_ws/turtlebot3_modulo2/build/camara/build/lib/camara
[2.858s] running install
[2.859s] running install_lib
[2.865s] copying /home/ajdj/Workspaces/turtlebot3_ws/turtlebot3_modulo2/build/camara/build/lib/camara/camara_server.py -> /home/ajdj/Workspaces/turtlebot3_ws/turtlebot3_modulo2/install/camara/lib/python3.10/site-packages/camara
[2.865s] byte-compiling /home/ajdj/Workspaces/turtlebot3_ws/turtlebot3_modulo2/install/camara/lib/python3.10/site-packages/camara/camara_server.py to camara_server.cpython-310.pyc
[2.866s] running install_data
[2.866s] running install_egg_info
[2.870s] removing '/home/ajdj/Workspaces/turtlebot3_ws/turtlebot3_modulo2/install/camara/lib/python3.10/site-packages/camara-0.0.0-py3.10.egg-info' (and everything under it)
[2.872s] Copying ../../build/camara/camara.egg-info to /home/ajdj/Workspaces/turtlebot3_ws/turtlebot3_modulo2/install/camara/lib/python3.10/site-packages/camara-0.0.0-py3.10.egg-info
[2.875s] running install_scripts
[2.924s] Installing camara_client script to /home/ajdj/Workspaces/turtlebot3_ws/turtlebot3_modulo2/install/camara/lib/camara
[2.925s] Installing camara_server script to /home/ajdj/Workspaces/turtlebot3_ws/turtlebot3_modulo2/install/camara/lib/camara
[2.926s] writing list of installed files to '/home/ajdj/Workspaces/turtlebot3_ws/turtlebot3_modulo2/build/camara/install.log'
[3.506s] Invoked command in '/home/ajdj/Workspaces/turtlebot3_ws/turtlebot3_modulo2/src/camara' returned '0': PYTHONPATH=/home/ajdj/Workspaces/turtlebot3_ws/turtlebot3_modulo2/build/camara/prefix_override:/usr/lib/python3/dist-packages/colcon_core/task/python/colcon_distutils_commands:/home/ajdj/Workspaces/turtlebot3_ws/turtlebot3_modulo2/install/camara/lib/python3.10/site-packages:${PYTHONPATH} /usr/bin/python3 -W ignore:setup.py install is deprecated setup.py egg_info --egg-base ../../build/camara build --build-base /home/ajdj/Workspaces/turtlebot3_ws/turtlebot3_modulo2/build/camara/build install --record /home/ajdj/Workspaces/turtlebot3_ws/turtlebot3_modulo2/build/camara/install.log --single-version-externally-managed install_data
