[7.523s] Invoking command in '/home/ajdj/Workspaces/turtlebot3_ws/turtlebot3_modulo2/src/hazmat_marker': PYTHONPATH=/home/ajdj/Workspaces/turtlebot3_ws/turtlebot3_modulo2/build/hazmat_marker/prefix_override:/usr/lib/python3/dist-packages/colcon_core/task/python/colcon_distutils_commands:/home/ajdj/Workspaces/turtlebot3_ws/turtlebot3_modulo2/install/hazmat_marker/lib/python3.10/site-packages:${PYTHONPATH} /usr/bin/python3 -W ignore:setup.py install is deprecated setup.py egg_info --egg-base ../../build/hazmat_marker build --build-base /home/ajdj/Workspaces/turtlebot3_ws/turtlebot3_modulo2/build/hazmat_marker/build install --record /home/ajdj/Workspaces/turtlebot3_ws/turtlebot3_modulo2/build/hazmat_marker/install.log --single-version-externally-managed install_data
[7.954s] running egg_info
[7.954s] writing ../../build/hazmat_marker/hazmat_marker.egg-info/PKG-INFO
[7.971s] writing dependency_links to ../../build/hazmat_marker/hazmat_marker.egg-info/dependency_links.txt
[7.971s] writing entry points to ../../build/hazmat_marker/hazmat_marker.egg-info/entry_points.txt
[7.971s] writing requirements to ../../build/hazmat_marker/hazmat_marker.egg-info/requires.txt
[7.971s] writing top-level names to ../../build/hazmat_marker/hazmat_marker.egg-info/top_level.txt
[8.022s] reading manifest file '../../build/hazmat_marker/hazmat_marker.egg-info/SOURCES.txt'
[8.024s] writing manifest file '../../build/hazmat_marker/hazmat_marker.egg-info/SOURCES.txt'
[8.024s] running build
[8.024s] running build_py
[8.070s] running install
[8.071s] running install_lib
[8.099s] running install_data
[8.164s] running install_egg_info
[8.168s] removing '/home/ajdj/Workspaces/turtlebot3_ws/turtlebot3_modulo2/install/hazmat_marker/lib/python3.10/site-packages/hazmat_marker-0.1.0-py3.10.egg-info' (and everything under it)
[8.168s] Copying ../../build/hazmat_marker/hazmat_marker.egg-info to /home/ajdj/Workspaces/turtlebot3_ws/turtlebot3_modulo2/install/hazmat_marker/lib/python3.10/site-packages/hazmat_marker-0.1.0-py3.10.egg-info
[8.198s] running install_scripts
[8.250s] Installing hazmat_marker script to /home/ajdj/Workspaces/turtlebot3_ws/turtlebot3_modulo2/install/hazmat_marker/lib/hazmat_marker
[8.252s] writing list of installed files to '/home/ajdj/Workspaces/turtlebot3_ws/turtlebot3_modulo2/build/hazmat_marker/install.log'
[8.476s] Invoked command in '/home/ajdj/Workspaces/turtlebot3_ws/turtlebot3_modulo2/src/hazmat_marker' returned '0': PYTHONPATH=/home/ajdj/Workspaces/turtlebot3_ws/turtlebot3_modulo2/build/hazmat_marker/prefix_override:/usr/lib/python3/dist-packages/colcon_core/task/python/colcon_distutils_commands:/home/ajdj/Workspaces/turtlebot3_ws/turtlebot3_modulo2/install/hazmat_marker/lib/python3.10/site-packages:${PYTHONPATH} /usr/bin/python3 -W ignore:setup.py install is deprecated setup.py egg_info --egg-base ../../build/hazmat_marker build --build-base /home/ajdj/Workspaces/turtlebot3_ws/turtlebot3_modulo2/build/hazmat_marker/build install --record /home/ajdj/Workspaces/turtlebot3_ws/turtlebot3_modulo2/build/hazmat_marker/install.log --single-version-externally-managed install_data
