[0.434s] DEBUG:colcon:Command line arguments: ['/usr/bin/colcon', 'list', '-p', '--base-paths', '/home/ajdj/Workspaces/turtlebot3_ws/turtlebot3_modulo2']
[0.435s] DEBUG:colcon:Parsed command line arguments: Namespace(log_base=None, log_level=None, verb_name='list', build_base='build', ignore_user_meta=False, metas=['./colcon.meta'], base_paths=['/home/ajdj/Workspaces/turtlebot3_ws/turtlebot3_modulo2'], packages_ignore=None, packages_ignore_regex=None, paths=None, packages_up_to=None, packages_up_to_regex=None, packages_above=None, packages_above_and_dependencies=None, packages_above_depth=None, packages_select_by_dep=None, packages_skip_by_dep=None, packages_skip_up_to=None, packages_select_build_failed=False, packages_skip_build_finished=False, packages_select_test_failures=False, packages_skip_test_passed=False, packages_select=None, packages_skip=None, packages_select_regex=None, packages_skip_regex=None, packages_start=None, packages_end=None, allow_overriding=[], topological_order=False, names_only=False, paths_only=True, topological_graph=False, topological_graph_dot=False, topological_graph_density=False, topological_graph_legend=False, topological_graph_dot_cluster=False, topological_graph_dot_include_skipped=False, verb_parser=<colcon_defaults.argument_parser.defaults.DefaultArgumentsDecorator object at 0x7f3ea48276d0>, verb_extension=<colcon_package_information.verb.list.ListVerb object at 0x7f3ea4826890>, main=<bound method ListVerb.main of <colcon_package_information.verb.list.ListVerb object at 0x7f3ea4826890>>)
[0.892s] Level 1:colcon.colcon_core.package_discovery:discover_packages(colcon_meta) check parameters
[0.893s] Level 1:colcon.colcon_core.package_discovery:discover_packages(recursive) check parameters
[0.893s] Level 1:colcon.colcon_core.package_discovery:discover_packages(ignore) check parameters
[0.893s] Level 1:colcon.colcon_core.package_discovery:discover_packages(path) check parameters
[0.893s] Level 1:colcon.colcon_core.package_discovery:discover_packages(recursive) discover
[0.893s] INFO:colcon.colcon_core.package_discovery:Crawling recursively for packages in '/home/ajdj/Workspaces/turtlebot3_ws/turtlebot3_modulo2'
[0.894s] Level 1:colcon.colcon_core.package_identification:_identify(/home/ajdj/Workspaces/turtlebot3_ws/turtlebot3_modulo2) by extensions ['ignore', 'ignore_ament_install']
[0.894s] Level 1:colcon.colcon_core.package_identification:_identify(/home/ajdj/Workspaces/turtlebot3_ws/turtlebot3_modulo2) by extension 'ignore'
[0.894s] Level 1:colcon.colcon_core.package_identification:_identify(/home/ajdj/Workspaces/turtlebot3_ws/turtlebot3_modulo2) by extension 'ignore_ament_install'
[0.894s] Level 1:colcon.colcon_core.package_identification:_identify(/home/ajdj/Workspaces/turtlebot3_ws/turtlebot3_modulo2) by extensions ['colcon_pkg']
[0.894s] Level 1:colcon.colcon_core.package_identification:_identify(/home/ajdj/Workspaces/turtlebot3_ws/turtlebot3_modulo2) by extension 'colcon_pkg'
[0.894s] Level 1:colcon.colcon_core.package_identification:_identify(/home/ajdj/Workspaces/turtlebot3_ws/turtlebot3_modulo2) by extensions ['colcon_meta']
[0.894s] Level 1:colcon.colcon_core.package_identification:_identify(/home/ajdj/Workspaces/turtlebot3_ws/turtlebot3_modulo2) by extension 'colcon_meta'
[0.894s] Level 1:colcon.colcon_core.package_identification:_identify(/home/ajdj/Workspaces/turtlebot3_ws/turtlebot3_modulo2) by extensions ['ros']
[0.895s] Level 1:colcon.colcon_core.package_identification:_identify(/home/ajdj/Workspaces/turtlebot3_ws/turtlebot3_modulo2) by extension 'ros'
[0.922s] Level 1:colcon.colcon_core.package_identification:_identify(/home/ajdj/Workspaces/turtlebot3_ws/turtlebot3_modulo2) by extensions ['cmake', 'python']
[0.923s] Level 1:colcon.colcon_core.package_identification:_identify(/home/ajdj/Workspaces/turtlebot3_ws/turtlebot3_modulo2) by extension 'cmake'
[0.923s] Level 1:colcon.colcon_core.package_identification:_identify(/home/ajdj/Workspaces/turtlebot3_ws/turtlebot3_modulo2) by extension 'python'
[0.923s] Level 1:colcon.colcon_core.package_identification:_identify(/home/ajdj/Workspaces/turtlebot3_ws/turtlebot3_modulo2) by extensions ['python_setup_py']
[0.923s] Level 1:colcon.colcon_core.package_identification:_identify(/home/ajdj/Workspaces/turtlebot3_ws/turtlebot3_modulo2) by extension 'python_setup_py'
[0.923s] Level 1:colcon.colcon_core.package_identification:_identify(/home/ajdj/Workspaces/turtlebot3_ws/turtlebot3_modulo2/build) by extensions ['ignore', 'ignore_ament_install']
[0.923s] Level 1:colcon.colcon_core.package_identification:_identify(/home/ajdj/Workspaces/turtlebot3_ws/turtlebot3_modulo2/build) by extension 'ignore'
[0.924s] Level 1:colcon.colcon_core.package_identification:_identify(/home/ajdj/Workspaces/turtlebot3_ws/turtlebot3_modulo2/build) ignored
[0.924s] Level 1:colcon.colcon_core.package_identification:_identify(/home/ajdj/Workspaces/turtlebot3_ws/turtlebot3_modulo2/install) by extensions ['ignore', 'ignore_ament_install']
[0.924s] Level 1:colcon.colcon_core.package_identification:_identify(/home/ajdj/Workspaces/turtlebot3_ws/turtlebot3_modulo2/install) by extension 'ignore'
[0.924s] Level 1:colcon.colcon_core.package_identification:_identify(/home/ajdj/Workspaces/turtlebot3_ws/turtlebot3_modulo2/install) ignored
[0.925s] Level 1:colcon.colcon_core.package_identification:_identify(/home/ajdj/Workspaces/turtlebot3_ws/turtlebot3_modulo2/log) by extensions ['ignore', 'ignore_ament_install']
[0.925s] Level 1:colcon.colcon_core.package_identification:_identify(/home/ajdj/Workspaces/turtlebot3_ws/turtlebot3_modulo2/log) by extension 'ignore'
[0.925s] Level 1:colcon.colcon_core.package_identification:_identify(/home/ajdj/Workspaces/turtlebot3_ws/turtlebot3_modulo2/log) ignored
[0.925s] Level 1:colcon.colcon_core.package_identification:_identify(/home/ajdj/Workspaces/turtlebot3_ws/turtlebot3_modulo2/scripts) by extensions ['ignore', 'ignore_ament_install']
[0.925s] Level 1:colcon.colcon_core.package_identification:_identify(/home/ajdj/Workspaces/turtlebot3_ws/turtlebot3_modulo2/scripts) by extension 'ignore'
[0.925s] Level 1:colcon.colcon_core.package_identification:_identify(/home/ajdj/Workspaces/turtlebot3_ws/turtlebot3_modulo2/scripts) by extension 'ignore_ament_install'
[0.926s] Level 1:colcon.colcon_core.package_identification:_identify(/home/ajdj/Workspaces/turtlebot3_ws/turtlebot3_modulo2/scripts) by extensions ['colcon_pkg']
[0.926s] Level 1:colcon.colcon_core.package_identification:_identify(/home/ajdj/Workspaces/turtlebot3_ws/turtlebot3_modulo2/scripts) by extension 'colcon_pkg'
[0.926s] Level 1:colcon.colcon_core.package_identification:_identify(/home/ajdj/Workspaces/turtlebot3_ws/turtlebot3_modulo2/scripts) by extensions ['colcon_meta']
[0.926s] Level 1:colcon.colcon_core.package_identification:_identify(/home/ajdj/Workspaces/turtlebot3_ws/turtlebot3_modulo2/scripts) by extension 'colcon_meta'
[0.926s] Level 1:colcon.colcon_core.package_identification:_identify(/home/ajdj/Workspaces/turtlebot3_ws/turtlebot3_modulo2/scripts) by extensions ['ros']
[0.926s] Level 1:colcon.colcon_core.package_identification:_identify(/home/ajdj/Workspaces/turtlebot3_ws/turtlebot3_modulo2/scripts) by extension 'ros'
[0.926s] Level 1:colcon.colcon_core.package_identification:_identify(/home/ajdj/Workspaces/turtlebot3_ws/turtlebot3_modulo2/scripts) by extensions ['cmake', 'python']
[0.926s] Level 1:colcon.colcon_core.package_identification:_identify(/home/ajdj/Workspaces/turtlebot3_ws/turtlebot3_modulo2/scripts) by extension 'cmake'
[0.926s] Level 1:colcon.colcon_core.package_identification:_identify(/home/ajdj/Workspaces/turtlebot3_ws/turtlebot3_modulo2/scripts) by extension 'python'
[0.926s] Level 1:colcon.colcon_core.package_identification:_identify(/home/ajdj/Workspaces/turtlebot3_ws/turtlebot3_modulo2/scripts) by extensions ['python_setup_py']
[0.926s] Level 1:colcon.colcon_core.package_identification:_identify(/home/ajdj/Workspaces/turtlebot3_ws/turtlebot3_modulo2/scripts) by extension 'python_setup_py'
[0.927s] Level 1:colcon.colcon_core.package_identification:_identify(/home/ajdj/Workspaces/turtlebot3_ws/turtlebot3_modulo2/src) by extensions ['ignore', 'ignore_ament_install']
[0.927s] Level 1:colcon.colcon_core.package_identification:_identify(/home/ajdj/Workspaces/turtlebot3_ws/turtlebot3_modulo2/src) by extension 'ignore'
[0.927s] Level 1:colcon.colcon_core.package_identification:_identify(/home/ajdj/Workspaces/turtlebot3_ws/turtlebot3_modulo2/src) by extension 'ignore_ament_install'
[0.927s] Level 1:colcon.colcon_core.package_identification:_identify(/home/ajdj/Workspaces/turtlebot3_ws/turtlebot3_modulo2/src) by extensions ['colcon_pkg']
[0.927s] Level 1:colcon.colcon_core.package_identification:_identify(/home/ajdj/Workspaces/turtlebot3_ws/turtlebot3_modulo2/src) by extension 'colcon_pkg'
[0.927s] Level 1:colcon.colcon_core.package_identification:_identify(/home/ajdj/Workspaces/turtlebot3_ws/turtlebot3_modulo2/src) by extensions ['colcon_meta']
[0.927s] Level 1:colcon.colcon_core.package_identification:_identify(/home/ajdj/Workspaces/turtlebot3_ws/turtlebot3_modulo2/src) by extension 'colcon_meta'
[0.927s] Level 1:colcon.colcon_core.package_identification:_identify(/home/ajdj/Workspaces/turtlebot3_ws/turtlebot3_modulo2/src) by extensions ['ros']
[0.927s] Level 1:colcon.colcon_core.package_identification:_identify(/home/ajdj/Workspaces/turtlebot3_ws/turtlebot3_modulo2/src) by extension 'ros'
[0.928s] Level 1:colcon.colcon_core.package_identification:_identify(/home/ajdj/Workspaces/turtlebot3_ws/turtlebot3_modulo2/src) by extensions ['cmake', 'python']
[0.928s] Level 1:colcon.colcon_core.package_identification:_identify(/home/ajdj/Workspaces/turtlebot3_ws/turtlebot3_modulo2/src) by extension 'cmake'
[0.928s] Level 1:colcon.colcon_core.package_identification:_identify(/home/ajdj/Workspaces/turtlebot3_ws/turtlebot3_modulo2/src) by extension 'python'
[0.928s] Level 1:colcon.colcon_core.package_identification:_identify(/home/ajdj/Workspaces/turtlebot3_ws/turtlebot3_modulo2/src) by extensions ['python_setup_py']
[0.928s] Level 1:colcon.colcon_core.package_identification:_identify(/home/ajdj/Workspaces/turtlebot3_ws/turtlebot3_modulo2/src) by extension 'python_setup_py'
[0.928s] Level 1:colcon.colcon_core.package_identification:_identify(/home/ajdj/Workspaces/turtlebot3_ws/turtlebot3_modulo2/src/camara) by extensions ['ignore', 'ignore_ament_install']
[0.929s] Level 1:colcon.colcon_core.package_identification:_identify(/home/ajdj/Workspaces/turtlebot3_ws/turtlebot3_modulo2/src/camara) by extension 'ignore'
[0.929s] Level 1:colcon.colcon_core.package_identification:_identify(/home/ajdj/Workspaces/turtlebot3_ws/turtlebot3_modulo2/src/camara) by extension 'ignore_ament_install'
[0.929s] Level 1:colcon.colcon_core.package_identification:_identify(/home/ajdj/Workspaces/turtlebot3_ws/turtlebot3_modulo2/src/camara) by extensions ['colcon_pkg']
[0.929s] Level 1:colcon.colcon_core.package_identification:_identify(/home/ajdj/Workspaces/turtlebot3_ws/turtlebot3_modulo2/src/camara) by extension 'colcon_pkg'
[0.929s] Level 1:colcon.colcon_core.package_identification:_identify(/home/ajdj/Workspaces/turtlebot3_ws/turtlebot3_modulo2/src/camara) by extensions ['colcon_meta']
[0.929s] Level 1:colcon.colcon_core.package_identification:_identify(/home/ajdj/Workspaces/turtlebot3_ws/turtlebot3_modulo2/src/camara) by extension 'colcon_meta'
[0.929s] Level 1:colcon.colcon_core.package_identification:_identify(/home/ajdj/Workspaces/turtlebot3_ws/turtlebot3_modulo2/src/camara) by extensions ['ros']
[0.929s] Level 1:colcon.colcon_core.package_identification:_identify(/home/ajdj/Workspaces/turtlebot3_ws/turtlebot3_modulo2/src/camara) by extension 'ros'
[0.938s] DEBUG:colcon.colcon_core.package_identification:Package '/home/ajdj/Workspaces/turtlebot3_ws/turtlebot3_modulo2/src/camara' with type 'ros.ament_python' and name 'camara'
[0.953s] Level 1:colcon.colcon_core.package_identification:_identify(/home/ajdj/Workspaces/turtlebot3_ws/turtlebot3_modulo2/src/explore_cpp) by extensions ['ignore', 'ignore_ament_install']
[0.953s] Level 1:colcon.colcon_core.package_identification:_identify(/home/ajdj/Workspaces/turtlebot3_ws/turtlebot3_modulo2/src/explore_cpp) by extension 'ignore'
[0.953s] Level 1:colcon.colcon_core.package_identification:_identify(/home/ajdj/Workspaces/turtlebot3_ws/turtlebot3_modulo2/src/explore_cpp) by extension 'ignore_ament_install'
[0.953s] Level 1:colcon.colcon_core.package_identification:_identify(/home/ajdj/Workspaces/turtlebot3_ws/turtlebot3_modulo2/src/explore_cpp) by extensions ['colcon_pkg']
[0.953s] Level 1:colcon.colcon_core.package_identification:_identify(/home/ajdj/Workspaces/turtlebot3_ws/turtlebot3_modulo2/src/explore_cpp) by extension 'colcon_pkg'
[0.953s] Level 1:colcon.colcon_core.package_identification:_identify(/home/ajdj/Workspaces/turtlebot3_ws/turtlebot3_modulo2/src/explore_cpp) by extensions ['colcon_meta']
[0.954s] Level 1:colcon.colcon_core.package_identification:_identify(/home/ajdj/Workspaces/turtlebot3_ws/turtlebot3_modulo2/src/explore_cpp) by extension 'colcon_meta'
[0.954s] Level 1:colcon.colcon_core.package_identification:_identify(/home/ajdj/Workspaces/turtlebot3_ws/turtlebot3_modulo2/src/explore_cpp) by extensions ['ros']
[0.954s] Level 1:colcon.colcon_core.package_identification:_identify(/home/ajdj/Workspaces/turtlebot3_ws/turtlebot3_modulo2/src/explore_cpp) by extension 'ros'
[0.961s] DEBUG:colcon.colcon_core.package_identification:Package '/home/ajdj/Workspaces/turtlebot3_ws/turtlebot3_modulo2/src/explore_cpp' with type 'ros.ament_cmake' and name 'explore_cpp'
[0.961s] Level 1:colcon.colcon_core.package_identification:_identify(/home/ajdj/Workspaces/turtlebot3_ws/turtlebot3_modulo2/src/hazmat_marker) by extensions ['ignore', 'ignore_ament_install']
[0.965s] Level 1:colcon.colcon_core.package_identification:_identify(/home/ajdj/Workspaces/turtlebot3_ws/turtlebot3_modulo2/src/hazmat_marker) by extension 'ignore'
[0.966s] Level 1:colcon.colcon_core.package_identification:_identify(/home/ajdj/Workspaces/turtlebot3_ws/turtlebot3_modulo2/src/hazmat_marker) by extension 'ignore_ament_install'
[0.966s] Level 1:colcon.colcon_core.package_identification:_identify(/home/ajdj/Workspaces/turtlebot3_ws/turtlebot3_modulo2/src/hazmat_marker) by extensions ['colcon_pkg']
[0.966s] Level 1:colcon.colcon_core.package_identification:_identify(/home/ajdj/Workspaces/turtlebot3_ws/turtlebot3_modulo2/src/hazmat_marker) by extension 'colcon_pkg'
[0.966s] Level 1:colcon.colcon_core.package_identification:_identify(/home/ajdj/Workspaces/turtlebot3_ws/turtlebot3_modulo2/src/hazmat_marker) by extensions ['colcon_meta']
[0.966s] Level 1:colcon.colcon_core.package_identification:_identify(/home/ajdj/Workspaces/turtlebot3_ws/turtlebot3_modulo2/src/hazmat_marker) by extension 'colcon_meta'
[0.966s] Level 1:colcon.colcon_core.package_identification:_identify(/home/ajdj/Workspaces/turtlebot3_ws/turtlebot3_modulo2/src/hazmat_marker) by extensions ['ros']
[0.966s] Level 1:colcon.colcon_core.package_identification:_identify(/home/ajdj/Workspaces/turtlebot3_ws/turtlebot3_modulo2/src/hazmat_marker) by extension 'ros'
[0.971s] DEBUG:colcon.colcon_core.package_identification:Package '/home/ajdj/Workspaces/turtlebot3_ws/turtlebot3_modulo2/src/hazmat_marker' with type 'ros.ament_python' and name 'hazmat_marker'
[0.971s] Level 1:colcon.colcon_core.package_identification:_identify(/home/ajdj/Workspaces/turtlebot3_ws/turtlebot3_modulo2/src/joint_state_publisher_custom) by extensions ['ignore', 'ignore_ament_install']
[0.972s] Level 1:colcon.colcon_core.package_identification:_identify(/home/ajdj/Workspaces/turtlebot3_ws/turtlebot3_modulo2/src/joint_state_publisher_custom) by extension 'ignore'
[0.972s] Level 1:colcon.colcon_core.package_identification:_identify(/home/ajdj/Workspaces/turtlebot3_ws/turtlebot3_modulo2/src/joint_state_publisher_custom) by extension 'ignore_ament_install'
[0.972s] Level 1:colcon.colcon_core.package_identification:_identify(/home/ajdj/Workspaces/turtlebot3_ws/turtlebot3_modulo2/src/joint_state_publisher_custom) by extensions ['colcon_pkg']
[0.973s] Level 1:colcon.colcon_core.package_identification:_identify(/home/ajdj/Workspaces/turtlebot3_ws/turtlebot3_modulo2/src/joint_state_publisher_custom) by extension 'colcon_pkg'
[0.973s] Level 1:colcon.colcon_core.package_identification:_identify(/home/ajdj/Workspaces/turtlebot3_ws/turtlebot3_modulo2/src/joint_state_publisher_custom) by extensions ['colcon_meta']
[0.973s] Level 1:colcon.colcon_core.package_identification:_identify(/home/ajdj/Workspaces/turtlebot3_ws/turtlebot3_modulo2/src/joint_state_publisher_custom) by extension 'colcon_meta'
[0.973s] Level 1:colcon.colcon_core.package_identification:_identify(/home/ajdj/Workspaces/turtlebot3_ws/turtlebot3_modulo2/src/joint_state_publisher_custom) by extensions ['ros']
[0.973s] Level 1:colcon.colcon_core.package_identification:_identify(/home/ajdj/Workspaces/turtlebot3_ws/turtlebot3_modulo2/src/joint_state_publisher_custom) by extension 'ros'
[0.977s] DEBUG:colcon.colcon_core.package_identification:Package '/home/ajdj/Workspaces/turtlebot3_ws/turtlebot3_modulo2/src/joint_state_publisher_custom' with type 'ros.ament_python' and name 'joint_state_publisher_custom'
[0.977s] Level 1:colcon.colcon_core.package_identification:_identify(/home/ajdj/Workspaces/turtlebot3_ws/turtlebot3_modulo2/src/laser_scan_adjuster) by extensions ['ignore', 'ignore_ament_install']
[0.981s] Level 1:colcon.colcon_core.package_identification:_identify(/home/ajdj/Workspaces/turtlebot3_ws/turtlebot3_modulo2/src/laser_scan_adjuster) by extension 'ignore'
[0.982s] Level 1:colcon.colcon_core.package_identification:_identify(/home/ajdj/Workspaces/turtlebot3_ws/turtlebot3_modulo2/src/laser_scan_adjuster) by extension 'ignore_ament_install'
[0.982s] Level 1:colcon.colcon_core.package_identification:_identify(/home/ajdj/Workspaces/turtlebot3_ws/turtlebot3_modulo2/src/laser_scan_adjuster) by extensions ['colcon_pkg']
[0.982s] Level 1:colcon.colcon_core.package_identification:_identify(/home/ajdj/Workspaces/turtlebot3_ws/turtlebot3_modulo2/src/laser_scan_adjuster) by extension 'colcon_pkg'
[0.982s] Level 1:colcon.colcon_core.package_identification:_identify(/home/ajdj/Workspaces/turtlebot3_ws/turtlebot3_modulo2/src/laser_scan_adjuster) by extensions ['colcon_meta']
[0.982s] Level 1:colcon.colcon_core.package_identification:_identify(/home/ajdj/Workspaces/turtlebot3_ws/turtlebot3_modulo2/src/laser_scan_adjuster) by extension 'colcon_meta'
[0.982s] Level 1:colcon.colcon_core.package_identification:_identify(/home/ajdj/Workspaces/turtlebot3_ws/turtlebot3_modulo2/src/laser_scan_adjuster) by extensions ['ros']
[0.982s] Level 1:colcon.colcon_core.package_identification:_identify(/home/ajdj/Workspaces/turtlebot3_ws/turtlebot3_modulo2/src/laser_scan_adjuster) by extension 'ros'
[0.987s] DEBUG:colcon.colcon_core.package_identification:Package '/home/ajdj/Workspaces/turtlebot3_ws/turtlebot3_modulo2/src/laser_scan_adjuster' with type 'ros.ament_python' and name 'laser_scan_adjuster'
[0.987s] Level 1:colcon.colcon_core.package_identification:_identify(/home/ajdj/Workspaces/turtlebot3_ws/turtlebot3_modulo2/src/motor_position_controller) by extensions ['ignore', 'ignore_ament_install']
[0.987s] Level 1:colcon.colcon_core.package_identification:_identify(/home/ajdj/Workspaces/turtlebot3_ws/turtlebot3_modulo2/src/motor_position_controller) by extension 'ignore'
[0.988s] Level 1:colcon.colcon_core.package_identification:_identify(/home/ajdj/Workspaces/turtlebot3_ws/turtlebot3_modulo2/src/motor_position_controller) by extension 'ignore_ament_install'
[0.988s] Level 1:colcon.colcon_core.package_identification:_identify(/home/ajdj/Workspaces/turtlebot3_ws/turtlebot3_modulo2/src/motor_position_controller) by extensions ['colcon_pkg']
[0.988s] Level 1:colcon.colcon_core.package_identification:_identify(/home/ajdj/Workspaces/turtlebot3_ws/turtlebot3_modulo2/src/motor_position_controller) by extension 'colcon_pkg'
[0.988s] Level 1:colcon.colcon_core.package_identification:_identify(/home/ajdj/Workspaces/turtlebot3_ws/turtlebot3_modulo2/src/motor_position_controller) by extensions ['colcon_meta']
[0.988s] Level 1:colcon.colcon_core.package_identification:_identify(/home/ajdj/Workspaces/turtlebot3_ws/turtlebot3_modulo2/src/motor_position_controller) by extension 'colcon_meta'
[0.988s] Level 1:colcon.colcon_core.package_identification:_identify(/home/ajdj/Workspaces/turtlebot3_ws/turtlebot3_modulo2/src/motor_position_controller) by extensions ['ros']
[0.988s] Level 1:colcon.colcon_core.package_identification:_identify(/home/ajdj/Workspaces/turtlebot3_ws/turtlebot3_modulo2/src/motor_position_controller) by extension 'ros'
[0.993s] DEBUG:colcon.colcon_core.package_identification:Package '/home/ajdj/Workspaces/turtlebot3_ws/turtlebot3_modulo2/src/motor_position_controller' with type 'ros.ament_python' and name 'motor_position_controller'
[0.994s] Level 1:colcon.colcon_core.package_identification:_identify(/home/ajdj/Workspaces/turtlebot3_ws/turtlebot3_modulo2/src/turtlebot3_explore) by extensions ['ignore', 'ignore_ament_install']
[0.994s] Level 1:colcon.colcon_core.package_identification:_identify(/home/ajdj/Workspaces/turtlebot3_ws/turtlebot3_modulo2/src/turtlebot3_explore) by extension 'ignore'
[0.994s] Level 1:colcon.colcon_core.package_identification:_identify(/home/ajdj/Workspaces/turtlebot3_ws/turtlebot3_modulo2/src/turtlebot3_explore) by extension 'ignore_ament_install'
[0.994s] Level 1:colcon.colcon_core.package_identification:_identify(/home/ajdj/Workspaces/turtlebot3_ws/turtlebot3_modulo2/src/turtlebot3_explore) by extensions ['colcon_pkg']
[0.994s] Level 1:colcon.colcon_core.package_identification:_identify(/home/ajdj/Workspaces/turtlebot3_ws/turtlebot3_modulo2/src/turtlebot3_explore) by extension 'colcon_pkg'
[0.994s] Level 1:colcon.colcon_core.package_identification:_identify(/home/ajdj/Workspaces/turtlebot3_ws/turtlebot3_modulo2/src/turtlebot3_explore) by extensions ['colcon_meta']
[0.994s] Level 1:colcon.colcon_core.package_identification:_identify(/home/ajdj/Workspaces/turtlebot3_ws/turtlebot3_modulo2/src/turtlebot3_explore) by extension 'colcon_meta'
[0.994s] Level 1:colcon.colcon_core.package_identification:_identify(/home/ajdj/Workspaces/turtlebot3_ws/turtlebot3_modulo2/src/turtlebot3_explore) by extensions ['ros']
[0.995s] Level 1:colcon.colcon_core.package_identification:_identify(/home/ajdj/Workspaces/turtlebot3_ws/turtlebot3_modulo2/src/turtlebot3_explore) by extension 'ros'
[1.000s] DEBUG:colcon.colcon_core.package_identification:Package '/home/ajdj/Workspaces/turtlebot3_ws/turtlebot3_modulo2/src/turtlebot3_explore' with type 'ros.ament_python' and name 'turtlebot3_explore'
[1.001s] Level 1:colcon.colcon_core.package_identification:_identify(/home/ajdj/Workspaces/turtlebot3_ws/turtlebot3_modulo2/src/turtlebot3_poi_navigation) by extensions ['ignore', 'ignore_ament_install']
[1.001s] Level 1:colcon.colcon_core.package_identification:_identify(/home/ajdj/Workspaces/turtlebot3_ws/turtlebot3_modulo2/src/turtlebot3_poi_navigation) by extension 'ignore'
[1.001s] Level 1:colcon.colcon_core.package_identification:_identify(/home/ajdj/Workspaces/turtlebot3_ws/turtlebot3_modulo2/src/turtlebot3_poi_navigation) by extension 'ignore_ament_install'
[1.001s] Level 1:colcon.colcon_core.package_identification:_identify(/home/ajdj/Workspaces/turtlebot3_ws/turtlebot3_modulo2/src/turtlebot3_poi_navigation) by extensions ['colcon_pkg']
[1.005s] Level 1:colcon.colcon_core.package_identification:_identify(/home/ajdj/Workspaces/turtlebot3_ws/turtlebot3_modulo2/src/turtlebot3_poi_navigation) by extension 'colcon_pkg'
[1.005s] Level 1:colcon.colcon_core.package_identification:_identify(/home/ajdj/Workspaces/turtlebot3_ws/turtlebot3_modulo2/src/turtlebot3_poi_navigation) by extensions ['colcon_meta']
[1.005s] Level 1:colcon.colcon_core.package_identification:_identify(/home/ajdj/Workspaces/turtlebot3_ws/turtlebot3_modulo2/src/turtlebot3_poi_navigation) by extension 'colcon_meta'
[1.005s] Level 1:colcon.colcon_core.package_identification:_identify(/home/ajdj/Workspaces/turtlebot3_ws/turtlebot3_modulo2/src/turtlebot3_poi_navigation) by extensions ['ros']
[1.005s] Level 1:colcon.colcon_core.package_identification:_identify(/home/ajdj/Workspaces/turtlebot3_ws/turtlebot3_modulo2/src/turtlebot3_poi_navigation) by extension 'ros'
[1.011s] DEBUG:colcon.colcon_core.package_identification:Package '/home/ajdj/Workspaces/turtlebot3_ws/turtlebot3_modulo2/src/turtlebot3_poi_navigation' with type 'ros.ament_python' and name 'turtlebot3_poi_navigation'
[1.011s] Level 1:colcon.colcon_core.package_discovery:discover_packages(recursive) using defaults
