[1.347s] Invoking command in '/home/ajdj/Workspaces/turtlebot3_ws/turtlebot3_modulo2/src/interface_turtlebot': PYTHONPATH=/home/ajdj/Workspaces/turtlebot3_ws/turtlebot3_modulo2/build/interface_turtlebot/prefix_override:/usr/lib/python3/dist-packages/colcon_core/task/python/colcon_distutils_commands:/home/ajdj/Workspaces/turtlebot3_ws/turtlebot3_modulo2/install/interface_turtlebot/lib/python3.10/site-packages:${PYTHONPATH} /usr/bin/python3 -W ignore:setup.py install is deprecated setup.py egg_info --egg-base ../../build/interface_turtlebot build --build-base /home/ajdj/Workspaces/turtlebot3_ws/turtlebot3_modulo2/build/interface_turtlebot/build install --record /home/ajdj/Workspaces/turtlebot3_ws/turtlebot3_modulo2/build/interface_turtlebot/install.log --single-version-externally-managed install_data
[1.858s] running egg_info
[1.860s] writing ../../build/interface_turtlebot/interface_turtlebot.egg-info/PKG-INFO
[1.860s] writing dependency_links to ../../build/interface_turtlebot/interface_turtlebot.egg-info/dependency_links.txt
[1.860s] writing entry points to ../../build/interface_turtlebot/interface_turtlebot.egg-info/entry_points.txt
[1.860s] writing requirements to ../../build/interface_turtlebot/interface_turtlebot.egg-info/requires.txt
[1.860s] writing top-level names to ../../build/interface_turtlebot/interface_turtlebot.egg-info/top_level.txt
[1.863s] reading manifest file '../../build/interface_turtlebot/interface_turtlebot.egg-info/SOURCES.txt'
[1.865s] writing manifest file '../../build/interface_turtlebot/interface_turtlebot.egg-info/SOURCES.txt'
[1.865s] running build
[1.865s] running build_py
[1.865s] running install
[1.866s] running install_lib
[1.869s] running install_data
[1.869s] running install_egg_info
[1.872s] removing '/home/ajdj/Workspaces/turtlebot3_ws/turtlebot3_modulo2/install/interface_turtlebot/lib/python3.10/site-packages/interface_turtlebot-0.0.0-py3.10.egg-info' (and everything under it)
[1.872s] Copying ../../build/interface_turtlebot/interface_turtlebot.egg-info to /home/ajdj/Workspaces/turtlebot3_ws/turtlebot3_modulo2/install/interface_turtlebot/lib/python3.10/site-packages/interface_turtlebot-0.0.0-py3.10.egg-info
[1.873s] running install_scripts
[1.902s] Installing interface script to /home/ajdj/Workspaces/turtlebot3_ws/turtlebot3_modulo2/install/interface_turtlebot/lib/interface_turtlebot
[1.903s] Installing interface_bot script to /home/ajdj/Workspaces/turtlebot3_ws/turtlebot3_modulo2/install/interface_turtlebot/lib/interface_turtlebot
[1.906s] writing list of installed files to '/home/ajdj/Workspaces/turtlebot3_ws/turtlebot3_modulo2/build/interface_turtlebot/install.log'
[2.340s] Invoked command in '/home/ajdj/Workspaces/turtlebot3_ws/turtlebot3_modulo2/src/interface_turtlebot' returned '0': PYTHONPATH=/home/ajdj/Workspaces/turtlebot3_ws/turtlebot3_modulo2/build/interface_turtlebot/prefix_override:/usr/lib/python3/dist-packages/colcon_core/task/python/colcon_distutils_commands:/home/ajdj/Workspaces/turtlebot3_ws/turtlebot3_modulo2/install/interface_turtlebot/lib/python3.10/site-packages:${PYTHONPATH} /usr/bin/python3 -W ignore:setup.py install is deprecated setup.py egg_info --egg-base ../../build/interface_turtlebot build --build-base /home/ajdj/Workspaces/turtlebot3_ws/turtlebot3_modulo2/build/interface_turtlebot/build install --record /home/ajdj/Workspaces/turtlebot3_ws/turtlebot3_modulo2/build/interface_turtlebot/install.log --single-version-externally-managed install_data
