[0.712s] Invoking command in '/home/ajdj/Workspaces/turtlebot3_ws/turtlebot3_modulo2/build/explore_cpp': CMAKE_PREFIX_PATH=${CMAKE_PREFIX_PATH}:/home/ajdj/Workspaces/turtlebot3_ws/turtlebot3_modulo2/install/turtlebot3_poi_navigation:/home/ajdj/Workspaces/turtlebot3_ws/turtlebot3_modulo2/install/turtlebot3_explore:/home/ajdj/Workspaces/turtlebot3_ws/turtlebot3_modulo2/install/motor_position_controller:/home/ajdj/Workspaces/turtlebot3_ws/turtlebot3_modulo2/install/laser_scan_adjuster:/home/ajdj/Workspaces/turtlebot3_ws/turtlebot3_modulo2/install/joint_state_publisher_custom:/home/ajdj/Workspaces/turtlebot3_ws/turtlebot3_modulo2/install/hazmat_marker:/home/ajdj/Workspaces/turtlebot3_ws/turtlebot3_modulo2/install/camara:/opt/ros/humble /usr/bin/cmake --build /home/ajdj/Workspaces/turtlebot3_ws/turtlebot3_modulo2/build/explore_cpp -- -j4 -l4
[1.234s] [35m[1mConsolidate compiler generated dependencies of target explore_node[0m
[1.234s] [ 50%] [32mBuilding CXX object CMakeFiles/explore_node.dir/src/explore_node.cpp.o[0m
[29.752s] [100%] [32m[1mLinking CXX executable explore_node[0m
[33.271s] [100%] Built target explore_node
[33.292s] Invoked command in '/home/ajdj/Workspaces/turtlebot3_ws/turtlebot3_modulo2/build/explore_cpp' returned '0': CMAKE_PREFIX_PATH=${CMAKE_PREFIX_PATH}:/home/ajdj/Workspaces/turtlebot3_ws/turtlebot3_modulo2/install/turtlebot3_poi_navigation:/home/ajdj/Workspaces/turtlebot3_ws/turtlebot3_modulo2/install/turtlebot3_explore:/home/ajdj/Workspaces/turtlebot3_ws/turtlebot3_modulo2/install/motor_position_controller:/home/ajdj/Workspaces/turtlebot3_ws/turtlebot3_modulo2/install/laser_scan_adjuster:/home/ajdj/Workspaces/turtlebot3_ws/turtlebot3_modulo2/install/joint_state_publisher_custom:/home/ajdj/Workspaces/turtlebot3_ws/turtlebot3_modulo2/install/hazmat_marker:/home/ajdj/Workspaces/turtlebot3_ws/turtlebot3_modulo2/install/camara:/opt/ros/humble /usr/bin/cmake --build /home/ajdj/Workspaces/turtlebot3_ws/turtlebot3_modulo2/build/explore_cpp -- -j4 -l4
[33.352s] Invoking command in '/home/ajdj/Workspaces/turtlebot3_ws/turtlebot3_modulo2/build/explore_cpp': CMAKE_PREFIX_PATH=${CMAKE_PREFIX_PATH}:/home/ajdj/Workspaces/turtlebot3_ws/turtlebot3_modulo2/install/turtlebot3_poi_navigation:/home/ajdj/Workspaces/turtlebot3_ws/turtlebot3_modulo2/install/turtlebot3_explore:/home/ajdj/Workspaces/turtlebot3_ws/turtlebot3_modulo2/install/motor_position_controller:/home/ajdj/Workspaces/turtlebot3_ws/turtlebot3_modulo2/install/laser_scan_adjuster:/home/ajdj/Workspaces/turtlebot3_ws/turtlebot3_modulo2/install/joint_state_publisher_custom:/home/ajdj/Workspaces/turtlebot3_ws/turtlebot3_modulo2/install/hazmat_marker:/home/ajdj/Workspaces/turtlebot3_ws/turtlebot3_modulo2/install/camara:/opt/ros/humble /usr/bin/cmake --install /home/ajdj/Workspaces/turtlebot3_ws/turtlebot3_modulo2/build/explore_cpp
[33.779s] -- Install configuration: ""
[34.036s] -- Installing: /home/ajdj/Workspaces/turtlebot3_ws/turtlebot3_modulo2/install/explore_cpp/lib/explore_cpp/explore_node
[34.043s] -- Set runtime path of "/home/ajdj/Workspaces/turtlebot3_ws/turtlebot3_modulo2/install/explore_cpp/lib/explore_cpp/explore_node" to ""
[34.043s] -- Up-to-date: /home/ajdj/Workspaces/turtlebot3_ws/turtlebot3_modulo2/install/explore_cpp/share/explore_cpp/package.xml
[34.043s] -- Up-to-date: /home/ajdj/Workspaces/turtlebot3_ws/turtlebot3_modulo2/install/explore_cpp/share/ament_index/resource_index/package_run_dependencies/explore_cpp
[34.092s] -- Up-to-date: /home/ajdj/Workspaces/turtlebot3_ws/turtlebot3_modulo2/install/explore_cpp/share/ament_index/resource_index/parent_prefix_path/explore_cpp
[34.093s] -- Up-to-date: /home/ajdj/Workspaces/turtlebot3_ws/turtlebot3_modulo2/install/explore_cpp/share/explore_cpp/environment/ament_prefix_path.sh
[34.093s] -- Up-to-date: /home/ajdj/Workspaces/turtlebot3_ws/turtlebot3_modulo2/install/explore_cpp/share/explore_cpp/environment/ament_prefix_path.dsv
[34.093s] -- Up-to-date: /home/ajdj/Workspaces/turtlebot3_ws/turtlebot3_modulo2/install/explore_cpp/share/explore_cpp/environment/path.sh
[34.093s] -- Up-to-date: /home/ajdj/Workspaces/turtlebot3_ws/turtlebot3_modulo2/install/explore_cpp/share/explore_cpp/environment/path.dsv
[34.093s] -- Up-to-date: /home/ajdj/Workspaces/turtlebot3_ws/turtlebot3_modulo2/install/explore_cpp/share/explore_cpp/local_setup.bash
[34.093s] -- Up-to-date: /home/ajdj/Workspaces/turtlebot3_ws/turtlebot3_modulo2/install/explore_cpp/share/explore_cpp/local_setup.sh
[34.094s] -- Up-to-date: /home/ajdj/Workspaces/turtlebot3_ws/turtlebot3_modulo2/install/explore_cpp/share/explore_cpp/local_setup.zsh
[34.094s] -- Up-to-date: /home/ajdj/Workspaces/turtlebot3_ws/turtlebot3_modulo2/install/explore_cpp/share/explore_cpp/local_setup.dsv
[34.094s] -- Installing: /home/ajdj/Workspaces/turtlebot3_ws/turtlebot3_modulo2/install/explore_cpp/share/explore_cpp/package.dsv
[34.125s] -- Up-to-date: /home/ajdj/Workspaces/turtlebot3_ws/turtlebot3_modulo2/install/explore_cpp/share/ament_index/resource_index/packages/explore_cpp
[34.125s] -- Up-to-date: /home/ajdj/Workspaces/turtlebot3_ws/turtlebot3_modulo2/install/explore_cpp/share/explore_cpp/cmake/explore_cppConfig.cmake
[34.126s] -- Up-to-date: /home/ajdj/Workspaces/turtlebot3_ws/turtlebot3_modulo2/install/explore_cpp/share/explore_cpp/cmake/explore_cppConfig-version.cmake
[34.126s] -- Up-to-date: /home/ajdj/Workspaces/turtlebot3_ws/turtlebot3_modulo2/install/explore_cpp/share/explore_cpp/package.xml
[34.131s] Invoked command in '/home/ajdj/Workspaces/turtlebot3_ws/turtlebot3_modulo2/build/explore_cpp' returned '0': CMAKE_PREFIX_PATH=${CMAKE_PREFIX_PATH}:/home/ajdj/Workspaces/turtlebot3_ws/turtlebot3_modulo2/install/turtlebot3_poi_navigation:/home/ajdj/Workspaces/turtlebot3_ws/turtlebot3_modulo2/install/turtlebot3_explore:/home/ajdj/Workspaces/turtlebot3_ws/turtlebot3_modulo2/install/motor_position_controller:/home/ajdj/Workspaces/turtlebot3_ws/turtlebot3_modulo2/install/laser_scan_adjuster:/home/ajdj/Workspaces/turtlebot3_ws/turtlebot3_modulo2/install/joint_state_publisher_custom:/home/ajdj/Workspaces/turtlebot3_ws/turtlebot3_modulo2/install/hazmat_marker:/home/ajdj/Workspaces/turtlebot3_ws/turtlebot3_modulo2/install/camara:/opt/ros/humble /usr/bin/cmake --install /home/ajdj/Workspaces/turtlebot3_ws/turtlebot3_modulo2/build/explore_cpp
