[4.252s] Invoking command in '/home/ajdj/Workspaces/turtlebot3_ws/turtlebot3_modulo2/src/laser_scan_adjuster': PYTHONPATH=/home/ajdj/Workspaces/turtlebot3_ws/turtlebot3_modulo2/build/laser_scan_adjuster/prefix_override:/usr/lib/python3/dist-packages/colcon_core/task/python/colcon_distutils_commands:/home/ajdj/Workspaces/turtlebot3_ws/turtlebot3_modulo2/install/laser_scan_adjuster/lib/python3.10/site-packages:${PYTHONPATH} /usr/bin/python3 -W ignore:setup.py install is deprecated setup.py egg_info --egg-base ../../build/laser_scan_adjuster build --build-base /home/ajdj/Workspaces/turtlebot3_ws/turtlebot3_modulo2/build/laser_scan_adjuster/build install --record /home/ajdj/Workspaces/turtlebot3_ws/turtlebot3_modulo2/build/laser_scan_adjuster/install.log --single-version-externally-managed install_data
[4.883s] running egg_info
[4.891s] writing ../../build/laser_scan_adjuster/laser_scan_adjuster.egg-info/PKG-INFO
[4.891s] writing dependency_links to ../../build/laser_scan_adjuster/laser_scan_adjuster.egg-info/dependency_links.txt
[4.891s] writing entry points to ../../build/laser_scan_adjuster/laser_scan_adjuster.egg-info/entry_points.txt
[4.891s] writing requirements to ../../build/laser_scan_adjuster/laser_scan_adjuster.egg-info/requires.txt
[4.891s] writing top-level names to ../../build/laser_scan_adjuster/laser_scan_adjuster.egg-info/top_level.txt
[4.898s] reading manifest file '../../build/laser_scan_adjuster/laser_scan_adjuster.egg-info/SOURCES.txt'
[4.902s] writing manifest file '../../build/laser_scan_adjuster/laser_scan_adjuster.egg-info/SOURCES.txt'
[4.902s] running build
[4.902s] running build_py
[4.902s] running install
[4.903s] running install_lib
[4.907s] running install_data
[4.907s] running install_egg_info
[4.910s] removing '/home/ajdj/Workspaces/turtlebot3_ws/turtlebot3_modulo2/install/laser_scan_adjuster/lib/python3.10/site-packages/laser_scan_adjuster-0.0.0-py3.10.egg-info' (and everything under it)
[4.922s] Copying ../../build/laser_scan_adjuster/laser_scan_adjuster.egg-info to /home/ajdj/Workspaces/turtlebot3_ws/turtlebot3_modulo2/install/laser_scan_adjuster/lib/python3.10/site-packages/laser_scan_adjuster-0.0.0-py3.10.egg-info
[4.923s] running install_scripts
[5.006s] Installing adjust_scan script to /home/ajdj/Workspaces/turtlebot3_ws/turtlebot3_modulo2/install/laser_scan_adjuster/lib/laser_scan_adjuster
[5.009s] writing list of installed files to '/home/ajdj/Workspaces/turtlebot3_ws/turtlebot3_modulo2/build/laser_scan_adjuster/install.log'
[5.881s] Invoked command in '/home/ajdj/Workspaces/turtlebot3_ws/turtlebot3_modulo2/src/laser_scan_adjuster' returned '0': PYTHONPATH=/home/ajdj/Workspaces/turtlebot3_ws/turtlebot3_modulo2/build/laser_scan_adjuster/prefix_override:/usr/lib/python3/dist-packages/colcon_core/task/python/colcon_distutils_commands:/home/ajdj/Workspaces/turtlebot3_ws/turtlebot3_modulo2/install/laser_scan_adjuster/lib/python3.10/site-packages:${PYTHONPATH} /usr/bin/python3 -W ignore:setup.py install is deprecated setup.py egg_info --egg-base ../../build/laser_scan_adjuster build --build-base /home/ajdj/Workspaces/turtlebot3_ws/turtlebot3_modulo2/build/laser_scan_adjuster/build install --record /home/ajdj/Workspaces/turtlebot3_ws/turtlebot3_modulo2/build/laser_scan_adjuster/install.log --single-version-externally-managed install_data
