[3.573s] Invoking command in '/home/ajdj/Workspaces/turtlebot3_ws/turtlebot3_modulo2/src/motor_position_controller': PYTHONPATH=/home/ajdj/Workspaces/turtlebot3_ws/turtlebot3_modulo2/build/motor_position_controller/prefix_override:/usr/lib/python3/dist-packages/colcon_core/task/python/colcon_distutils_commands:/home/ajdj/Workspaces/turtlebot3_ws/turtlebot3_modulo2/install/motor_position_controller/lib/python3.10/site-packages:${PYTHONPATH} /usr/bin/python3 -W ignore:setup.py install is deprecated setup.py egg_info --egg-base ../../build/motor_position_controller build --build-base /home/ajdj/Workspaces/turtlebot3_ws/turtlebot3_modulo2/build/motor_position_controller/build install --record /home/ajdj/Workspaces/turtlebot3_ws/turtlebot3_modulo2/build/motor_position_controller/install.log --single-version-externally-managed install_data
[4.153s] running egg_info
[4.156s] writing ../../build/motor_position_controller/motor_position_controller.egg-info/PKG-INFO
[4.157s] writing dependency_links to ../../build/motor_position_controller/motor_position_controller.egg-info/dependency_links.txt
[4.158s] writing entry points to ../../build/motor_position_controller/motor_position_controller.egg-info/entry_points.txt
[4.160s] writing requirements to ../../build/motor_position_controller/motor_position_controller.egg-info/requires.txt
[4.163s] writing top-level names to ../../build/motor_position_controller/motor_position_controller.egg-info/top_level.txt
[4.175s] reading manifest file '../../build/motor_position_controller/motor_position_controller.egg-info/SOURCES.txt'
[4.176s] writing manifest file '../../build/motor_position_controller/motor_position_controller.egg-info/SOURCES.txt'
[4.176s] running build
[4.177s] running build_py
[4.178s] running install
[4.178s] running install_lib
[4.184s] running install_data
[4.184s] running install_egg_info
[4.193s] removing '/home/ajdj/Workspaces/turtlebot3_ws/turtlebot3_modulo2/install/motor_position_controller/lib/python3.10/site-packages/motor_position_controller-0.0.0-py3.10.egg-info' (and everything under it)
[4.193s] Copying ../../build/motor_position_controller/motor_position_controller.egg-info to /home/ajdj/Workspaces/turtlebot3_ws/turtlebot3_modulo2/install/motor_position_controller/lib/python3.10/site-packages/motor_position_controller-0.0.0-py3.10.egg-info
[4.197s] running install_scripts
[4.260s] Installing motor_position_controller script to /home/ajdj/Workspaces/turtlebot3_ws/turtlebot3_modulo2/install/motor_position_controller/lib/motor_position_controller
[4.265s] writing list of installed files to '/home/ajdj/Workspaces/turtlebot3_ws/turtlebot3_modulo2/build/motor_position_controller/install.log'
[4.380s] Invoked command in '/home/ajdj/Workspaces/turtlebot3_ws/turtlebot3_modulo2/src/motor_position_controller' returned '0': PYTHONPATH=/home/ajdj/Workspaces/turtlebot3_ws/turtlebot3_modulo2/build/motor_position_controller/prefix_override:/usr/lib/python3/dist-packages/colcon_core/task/python/colcon_distutils_commands:/home/ajdj/Workspaces/turtlebot3_ws/turtlebot3_modulo2/install/motor_position_controller/lib/python3.10/site-packages:${PYTHONPATH} /usr/bin/python3 -W ignore:setup.py install is deprecated setup.py egg_info --egg-base ../../build/motor_position_controller build --build-base /home/ajdj/Workspaces/turtlebot3_ws/turtlebot3_modulo2/build/motor_position_controller/build install --record /home/ajdj/Workspaces/turtlebot3_ws/turtlebot3_modulo2/build/motor_position_controller/install.log --single-version-externally-managed install_data
