[3.240s] Invoking command in '/home/ajdj/Workspaces/turtlebot3_ws/turtlebot3_modulo2/src/hazmat_marker': PYTHONPATH=/home/ajdj/Workspaces/turtlebot3_ws/turtlebot3_modulo2/build/hazmat_marker/prefix_override:/usr/lib/python3/dist-packages/colcon_core/task/python/colcon_distutils_commands:/home/ajdj/Workspaces/turtlebot3_ws/turtlebot3_modulo2/install/hazmat_marker/lib/python3.10/site-packages:${PYTHONPATH} /usr/bin/python3 -W ignore:setup.py install is deprecated setup.py egg_info --egg-base ../../build/hazmat_marker build --build-base /home/ajdj/Workspaces/turtlebot3_ws/turtlebot3_modulo2/build/hazmat_marker/build install --record /home/ajdj/Workspaces/turtlebot3_ws/turtlebot3_modulo2/build/hazmat_marker/install.log --single-version-externally-managed install_data
[4.240s] running egg_info
[4.241s] writing ../../build/hazmat_marker/hazmat_marker.egg-info/PKG-INFO
[4.241s] writing dependency_links to ../../build/hazmat_marker/hazmat_marker.egg-info/dependency_links.txt
[4.242s] writing entry points to ../../build/hazmat_marker/hazmat_marker.egg-info/entry_points.txt
[4.243s] writing requirements to ../../build/hazmat_marker/hazmat_marker.egg-info/requires.txt
[4.243s] writing top-level names to ../../build/hazmat_marker/hazmat_marker.egg-info/top_level.txt
[4.262s] reading manifest file '../../build/hazmat_marker/hazmat_marker.egg-info/SOURCES.txt'
[4.264s] writing manifest file '../../build/hazmat_marker/hazmat_marker.egg-info/SOURCES.txt'
[4.264s] running build
[4.264s] running build_py
[4.264s] running install
[4.273s] running install_lib
[4.273s] running install_data
[4.273s] running install_egg_info
[4.277s] removing '/home/ajdj/Workspaces/turtlebot3_ws/turtlebot3_modulo2/install/hazmat_marker/lib/python3.10/site-packages/hazmat_marker-0.1.0-py3.10.egg-info' (and everything under it)
[4.282s] Copying ../../build/hazmat_marker/hazmat_marker.egg-info to /home/ajdj/Workspaces/turtlebot3_ws/turtlebot3_modulo2/install/hazmat_marker/lib/python3.10/site-packages/hazmat_marker-0.1.0-py3.10.egg-info
[4.284s] running install_scripts
[4.410s] Installing hazmat_marker script to /home/ajdj/Workspaces/turtlebot3_ws/turtlebot3_modulo2/install/hazmat_marker/lib/hazmat_marker
[4.411s] Installing hazmat_marker_aj script to /home/ajdj/Workspaces/turtlebot3_ws/turtlebot3_modulo2/install/hazmat_marker/lib/hazmat_marker
[4.411s] Installing hazmat_marker_al script to /home/ajdj/Workspaces/turtlebot3_ws/turtlebot3_modulo2/install/hazmat_marker/lib/hazmat_marker
[4.411s] writing list of installed files to '/home/ajdj/Workspaces/turtlebot3_ws/turtlebot3_modulo2/build/hazmat_marker/install.log'
[5.119s] Invoked command in '/home/ajdj/Workspaces/turtlebot3_ws/turtlebot3_modulo2/src/hazmat_marker' returned '0': PYTHONPATH=/home/ajdj/Workspaces/turtlebot3_ws/turtlebot3_modulo2/build/hazmat_marker/prefix_override:/usr/lib/python3/dist-packages/colcon_core/task/python/colcon_distutils_commands:/home/ajdj/Workspaces/turtlebot3_ws/turtlebot3_modulo2/install/hazmat_marker/lib/python3.10/site-packages:${PYTHONPATH} /usr/bin/python3 -W ignore:setup.py install is deprecated setup.py egg_info --egg-base ../../build/hazmat_marker build --build-base /home/ajdj/Workspaces/turtlebot3_ws/turtlebot3_modulo2/build/hazmat_marker/build install --record /home/ajdj/Workspaces/turtlebot3_ws/turtlebot3_modulo2/build/hazmat_marker/install.log --single-version-externally-managed install_data
