[3.737s] Invoking command in '/home/ajdj/Workspaces/turtlebot3_ws/turtlebot3_modulo2/src/camara': PYTHONPATH=/home/ajdj/Workspaces/turtlebot3_ws/turtlebot3_modulo2/build/camara/prefix_override:/usr/lib/python3/dist-packages/colcon_core/task/python/colcon_distutils_commands:/home/ajdj/Workspaces/turtlebot3_ws/turtlebot3_modulo2/install/camara/lib/python3.10/site-packages:${PYTHONPATH} /usr/bin/python3 -W ignore:setup.py install is deprecated setup.py egg_info --egg-base ../../build/camara build --build-base /home/ajdj/Workspaces/turtlebot3_ws/turtlebot3_modulo2/build/camara/build install --record /home/ajdj/Workspaces/turtlebot3_ws/turtlebot3_modulo2/build/camara/install.log --single-version-externally-managed install_data
[5.135s] running egg_info
[5.142s] writing ../../build/camara/camara.egg-info/PKG-INFO
[5.148s] writing dependency_links to ../../build/camara/camara.egg-info/dependency_links.txt
[5.148s] writing entry points to ../../build/camara/camara.egg-info/entry_points.txt
[5.152s] writing requirements to ../../build/camara/camara.egg-info/requires.txt
[5.152s] writing top-level names to ../../build/camara/camara.egg-info/top_level.txt
[5.163s] reading manifest file '../../build/camara/camara.egg-info/SOURCES.txt'
[5.169s] writing manifest file '../../build/camara/camara.egg-info/SOURCES.txt'
[5.176s] running build
[5.176s] running build_py
[5.177s] running install
[5.186s] running install_lib
[5.195s] running install_data
[5.203s] running install_egg_info
[5.218s] removing '/home/ajdj/Workspaces/turtlebot3_ws/turtlebot3_modulo2/install/camara/lib/python3.10/site-packages/camara-0.0.0-py3.10.egg-info' (and everything under it)
[5.222s] Copying ../../build/camara/camara.egg-info to /home/ajdj/Workspaces/turtlebot3_ws/turtlebot3_modulo2/install/camara/lib/python3.10/site-packages/camara-0.0.0-py3.10.egg-info
[5.229s] running install_scripts
[5.375s] Installing camara_client script to /home/ajdj/Workspaces/turtlebot3_ws/turtlebot3_modulo2/install/camara/lib/camara
[5.378s] Installing camara_server script to /home/ajdj/Workspaces/turtlebot3_ws/turtlebot3_modulo2/install/camara/lib/camara
[5.379s] writing list of installed files to '/home/ajdj/Workspaces/turtlebot3_ws/turtlebot3_modulo2/build/camara/install.log'
[6.232s] Invoked command in '/home/ajdj/Workspaces/turtlebot3_ws/turtlebot3_modulo2/src/camara' returned '0': PYTHONPATH=/home/ajdj/Workspaces/turtlebot3_ws/turtlebot3_modulo2/build/camara/prefix_override:/usr/lib/python3/dist-packages/colcon_core/task/python/colcon_distutils_commands:/home/ajdj/Workspaces/turtlebot3_ws/turtlebot3_modulo2/install/camara/lib/python3.10/site-packages:${PYTHONPATH} /usr/bin/python3 -W ignore:setup.py install is deprecated setup.py egg_info --egg-base ../../build/camara build --build-base /home/ajdj/Workspaces/turtlebot3_ws/turtlebot3_modulo2/build/camara/build install --record /home/ajdj/Workspaces/turtlebot3_ws/turtlebot3_modulo2/build/camara/install.log --single-version-externally-managed install_data
