[2.386s] Invoking command in '/home/ajdj/Workspaces/turtlebot3_ws/turtlebot3_modulo2/src/interface_turtlebot': PYTHONPATH=/home/ajdj/Workspaces/turtlebot3_ws/turtlebot3_modulo2/build/interface_turtlebot/prefix_override:/usr/lib/python3/dist-packages/colcon_core/task/python/colcon_distutils_commands:/home/ajdj/Workspaces/turtlebot3_ws/turtlebot3_modulo2/install/interface_turtlebot/lib/python3.10/site-packages:${PYTHONPATH} /usr/bin/python3 -W ignore:setup.py install is deprecated setup.py egg_info --egg-base ../../build/interface_turtlebot build --build-base /home/ajdj/Workspaces/turtlebot3_ws/turtlebot3_modulo2/build/interface_turtlebot/build install --record /home/ajdj/Workspaces/turtlebot3_ws/turtlebot3_modulo2/build/interface_turtlebot/install.log --single-version-externally-managed install_data
[2.850s] running egg_info
[2.852s] writing ../../build/interface_turtlebot/interface_turtlebot.egg-info/PKG-INFO
[2.854s] writing dependency_links to ../../build/interface_turtlebot/interface_turtlebot.egg-info/dependency_links.txt
[2.854s] writing entry points to ../../build/interface_turtlebot/interface_turtlebot.egg-info/entry_points.txt
[2.855s] writing requirements to ../../build/interface_turtlebot/interface_turtlebot.egg-info/requires.txt
[2.856s] writing top-level names to ../../build/interface_turtlebot/interface_turtlebot.egg-info/top_level.txt
[2.864s] reading manifest file '../../build/interface_turtlebot/interface_turtlebot.egg-info/SOURCES.txt'
[2.864s] writing manifest file '../../build/interface_turtlebot/interface_turtlebot.egg-info/SOURCES.txt'
[2.864s] running build
[2.864s] running build_py
[2.864s] copying interface_turtlebot/interface.py -> /home/ajdj/Workspaces/turtlebot3_ws/turtlebot3_modulo2/build/interface_turtlebot/build/lib/interface_turtlebot
[2.865s] running install
[2.866s] running install_lib
[2.872s] copying /home/ajdj/Workspaces/turtlebot3_ws/turtlebot3_modulo2/build/interface_turtlebot/build/lib/interface_turtlebot/interface.py -> /home/ajdj/Workspaces/turtlebot3_ws/turtlebot3_modulo2/install/interface_turtlebot/lib/python3.10/site-packages/interface_turtlebot
[2.875s] byte-compiling /home/ajdj/Workspaces/turtlebot3_ws/turtlebot3_modulo2/install/interface_turtlebot/lib/python3.10/site-packages/interface_turtlebot/interface.py to interface.cpython-310.pyc
[2.877s] running install_data
[2.878s] running install_egg_info
[2.882s] removing '/home/ajdj/Workspaces/turtlebot3_ws/turtlebot3_modulo2/install/interface_turtlebot/lib/python3.10/site-packages/interface_turtlebot-0.0.0-py3.10.egg-info' (and everything under it)
[2.885s] Copying ../../build/interface_turtlebot/interface_turtlebot.egg-info to /home/ajdj/Workspaces/turtlebot3_ws/turtlebot3_modulo2/install/interface_turtlebot/lib/python3.10/site-packages/interface_turtlebot-0.0.0-py3.10.egg-info
[2.887s] running install_scripts
[2.927s] Installing interface script to /home/ajdj/Workspaces/turtlebot3_ws/turtlebot3_modulo2/install/interface_turtlebot/lib/interface_turtlebot
[2.928s] writing list of installed files to '/home/ajdj/Workspaces/turtlebot3_ws/turtlebot3_modulo2/build/interface_turtlebot/install.log'
[3.060s] Invoked command in '/home/ajdj/Workspaces/turtlebot3_ws/turtlebot3_modulo2/src/interface_turtlebot' returned '0': PYTHONPATH=/home/ajdj/Workspaces/turtlebot3_ws/turtlebot3_modulo2/build/interface_turtlebot/prefix_override:/usr/lib/python3/dist-packages/colcon_core/task/python/colcon_distutils_commands:/home/ajdj/Workspaces/turtlebot3_ws/turtlebot3_modulo2/install/interface_turtlebot/lib/python3.10/site-packages:${PYTHONPATH} /usr/bin/python3 -W ignore:setup.py install is deprecated setup.py egg_info --egg-base ../../build/interface_turtlebot build --build-base /home/ajdj/Workspaces/turtlebot3_ws/turtlebot3_modulo2/build/interface_turtlebot/build install --record /home/ajdj/Workspaces/turtlebot3_ws/turtlebot3_modulo2/build/interface_turtlebot/install.log --single-version-externally-managed install_data
