[2.413s] Invoking command in '/home/ajdj/Workspaces/turtlebot3_ws/turtlebot3_modulo2/src/turtlebot3_poi_navigation': PYTHONPATH=/home/ajdj/Workspaces/turtlebot3_ws/turtlebot3_modulo2/build/turtlebot3_poi_navigation/prefix_override:/usr/lib/python3/dist-packages/colcon_core/task/python/colcon_distutils_commands:/home/ajdj/Workspaces/turtlebot3_ws/turtlebot3_modulo2/install/turtlebot3_poi_navigation/lib/python3.10/site-packages:${PYTHONPATH} /usr/bin/python3 -W ignore:setup.py install is deprecated setup.py egg_info --egg-base ../../build/turtlebot3_poi_navigation build --build-base /home/ajdj/Workspaces/turtlebot3_ws/turtlebot3_modulo2/build/turtlebot3_poi_navigation/build install --record /home/ajdj/Workspaces/turtlebot3_ws/turtlebot3_modulo2/build/turtlebot3_poi_navigation/install.log --single-version-externally-managed install_data
[2.938s] running egg_info
[2.939s] writing ../../build/turtlebot3_poi_navigation/turtlebot3_poi_navigation.egg-info/PKG-INFO
[2.940s] writing dependency_links to ../../build/turtlebot3_poi_navigation/turtlebot3_poi_navigation.egg-info/dependency_links.txt
[2.940s] writing entry points to ../../build/turtlebot3_poi_navigation/turtlebot3_poi_navigation.egg-info/entry_points.txt
[2.941s] writing requirements to ../../build/turtlebot3_poi_navigation/turtlebot3_poi_navigation.egg-info/requires.txt
[2.942s] writing top-level names to ../../build/turtlebot3_poi_navigation/turtlebot3_poi_navigation.egg-info/top_level.txt
[2.950s] reading manifest file '../../build/turtlebot3_poi_navigation/turtlebot3_poi_navigation.egg-info/SOURCES.txt'
[2.953s] writing manifest file '../../build/turtlebot3_poi_navigation/turtlebot3_poi_navigation.egg-info/SOURCES.txt'
[2.953s] running build
[2.955s] running build_py
[2.955s] running install
[2.956s] running install_lib
[2.957s] running install_data
[2.957s] running install_egg_info
[2.965s] removing '/home/ajdj/Workspaces/turtlebot3_ws/turtlebot3_modulo2/install/turtlebot3_poi_navigation/lib/python3.10/site-packages/turtlebot3_poi_navigation-0.0.0-py3.10.egg-info' (and everything under it)
[2.965s] Copying ../../build/turtlebot3_poi_navigation/turtlebot3_poi_navigation.egg-info to /home/ajdj/Workspaces/turtlebot3_ws/turtlebot3_modulo2/install/turtlebot3_poi_navigation/lib/python3.10/site-packages/turtlebot3_poi_navigation-0.0.0-py3.10.egg-info
[2.969s] running install_scripts
[3.024s] Installing poi_manager script to /home/ajdj/Workspaces/turtlebot3_ws/turtlebot3_modulo2/install/turtlebot3_poi_navigation/lib/turtlebot3_poi_navigation
[3.024s] writing list of installed files to '/home/ajdj/Workspaces/turtlebot3_ws/turtlebot3_modulo2/build/turtlebot3_poi_navigation/install.log'
[3.135s] Invoked command in '/home/ajdj/Workspaces/turtlebot3_ws/turtlebot3_modulo2/src/turtlebot3_poi_navigation' returned '0': PYTHONPATH=/home/ajdj/Workspaces/turtlebot3_ws/turtlebot3_modulo2/build/turtlebot3_poi_navigation/prefix_override:/usr/lib/python3/dist-packages/colcon_core/task/python/colcon_distutils_commands:/home/ajdj/Workspaces/turtlebot3_ws/turtlebot3_modulo2/install/turtlebot3_poi_navigation/lib/python3.10/site-packages:${PYTHONPATH} /usr/bin/python3 -W ignore:setup.py install is deprecated setup.py egg_info --egg-base ../../build/turtlebot3_poi_navigation build --build-base /home/ajdj/Workspaces/turtlebot3_ws/turtlebot3_modulo2/build/turtlebot3_poi_navigation/build install --record /home/ajdj/Workspaces/turtlebot3_ws/turtlebot3_modulo2/build/turtlebot3_poi_navigation/install.log --single-version-externally-managed install_data
