[3.005s] Invoking command in '/home/ajdj/Workspaces/turtlebot3_ws/turtlebot3_modulo2/src/turtlebot3_poi_navigation': PYTHONPATH=/home/ajdj/Workspaces/turtlebot3_ws/turtlebot3_modulo2/build/turtlebot3_poi_navigation/prefix_override:/usr/lib/python3/dist-packages/colcon_core/task/python/colcon_distutils_commands:/home/ajdj/Workspaces/turtlebot3_ws/turtlebot3_modulo2/install/turtlebot3_poi_navigation/lib/python3.10/site-packages:${PYTHONPATH} /usr/bin/python3 -W ignore:setup.py install is deprecated setup.py egg_info --egg-base ../../build/turtlebot3_poi_navigation build --build-base /home/ajdj/Workspaces/turtlebot3_ws/turtlebot3_modulo2/build/turtlebot3_poi_navigation/build install --record /home/ajdj/Workspaces/turtlebot3_ws/turtlebot3_modulo2/build/turtlebot3_poi_navigation/install.log --single-version-externally-managed install_data
[3.515s] running egg_info
[3.517s] writing ../../build/turtlebot3_poi_navigation/turtlebot3_poi_navigation.egg-info/PKG-INFO
[3.527s] writing dependency_links to ../../build/turtlebot3_poi_navigation/turtlebot3_poi_navigation.egg-info/dependency_links.txt
[3.531s] writing entry points to ../../build/turtlebot3_poi_navigation/turtlebot3_poi_navigation.egg-info/entry_points.txt
[3.557s] writing requirements to ../../build/turtlebot3_poi_navigation/turtlebot3_poi_navigation.egg-info/requires.txt
[3.558s] writing top-level names to ../../build/turtlebot3_poi_navigation/turtlebot3_poi_navigation.egg-info/top_level.txt
[3.576s] reading manifest file '../../build/turtlebot3_poi_navigation/turtlebot3_poi_navigation.egg-info/SOURCES.txt'
[3.580s] writing manifest file '../../build/turtlebot3_poi_navigation/turtlebot3_poi_navigation.egg-info/SOURCES.txt'
[3.621s] running build
[3.621s] running build_py
[3.621s] running install
[3.622s] running install_lib
[3.633s] running install_data
[3.633s] running install_egg_info
[3.655s] removing '/home/ajdj/Workspaces/turtlebot3_ws/turtlebot3_modulo2/install/turtlebot3_poi_navigation/lib/python3.10/site-packages/turtlebot3_poi_navigation-0.0.0-py3.10.egg-info' (and everything under it)
[3.657s] Copying ../../build/turtlebot3_poi_navigation/turtlebot3_poi_navigation.egg-info to /home/ajdj/Workspaces/turtlebot3_ws/turtlebot3_modulo2/install/turtlebot3_poi_navigation/lib/python3.10/site-packages/turtlebot3_poi_navigation-0.0.0-py3.10.egg-info
[3.663s] running install_scripts
[3.718s] Installing poi_manager script to /home/ajdj/Workspaces/turtlebot3_ws/turtlebot3_modulo2/install/turtlebot3_poi_navigation/lib/turtlebot3_poi_navigation
[3.725s] writing list of installed files to '/home/ajdj/Workspaces/turtlebot3_ws/turtlebot3_modulo2/build/turtlebot3_poi_navigation/install.log'
[3.829s] Invoked command in '/home/ajdj/Workspaces/turtlebot3_ws/turtlebot3_modulo2/src/turtlebot3_poi_navigation' returned '0': PYTHONPATH=/home/ajdj/Workspaces/turtlebot3_ws/turtlebot3_modulo2/build/turtlebot3_poi_navigation/prefix_override:/usr/lib/python3/dist-packages/colcon_core/task/python/colcon_distutils_commands:/home/ajdj/Workspaces/turtlebot3_ws/turtlebot3_modulo2/install/turtlebot3_poi_navigation/lib/python3.10/site-packages:${PYTHONPATH} /usr/bin/python3 -W ignore:setup.py install is deprecated setup.py egg_info --egg-base ../../build/turtlebot3_poi_navigation build --build-base /home/ajdj/Workspaces/turtlebot3_ws/turtlebot3_modulo2/build/turtlebot3_poi_navigation/build install --record /home/ajdj/Workspaces/turtlebot3_ws/turtlebot3_modulo2/build/turtlebot3_poi_navigation/install.log --single-version-externally-managed install_data
