[1.732s] Invoking command in '/home/ajdj/Workspaces/turtlebot3_ws/turtlebot3_modulo2/src/interface_turtlebot': PYTHONPATH=/home/ajdj/Workspaces/turtlebot3_ws/turtlebot3_modulo2/build/interface_turtlebot/prefix_override:/usr/lib/python3/dist-packages/colcon_core/task/python/colcon_distutils_commands:/home/ajdj/Workspaces/turtlebot3_ws/turtlebot3_modulo2/install/interface_turtlebot/lib/python3.10/site-packages:${PYTHONPATH} /usr/bin/python3 -W ignore:setup.py install is deprecated setup.py egg_info --egg-base ../../build/interface_turtlebot build --build-base /home/ajdj/Workspaces/turtlebot3_ws/turtlebot3_modulo2/build/interface_turtlebot/build install --record /home/ajdj/Workspaces/turtlebot3_ws/turtlebot3_modulo2/build/interface_turtlebot/install.log --single-version-externally-managed install_data
[2.095s] running egg_info
[2.097s] writing ../../build/interface_turtlebot/interface_turtlebot.egg-info/PKG-INFO
[2.098s] writing dependency_links to ../../build/interface_turtlebot/interface_turtlebot.egg-info/dependency_links.txt
[2.098s] writing entry points to ../../build/interface_turtlebot/interface_turtlebot.egg-info/entry_points.txt
[2.099s] writing requirements to ../../build/interface_turtlebot/interface_turtlebot.egg-info/requires.txt
[2.099s] writing top-level names to ../../build/interface_turtlebot/interface_turtlebot.egg-info/top_level.txt
[2.106s] reading manifest file '../../build/interface_turtlebot/interface_turtlebot.egg-info/SOURCES.txt'
[2.109s] writing manifest file '../../build/interface_turtlebot/interface_turtlebot.egg-info/SOURCES.txt'
[2.109s] running build
[2.110s] running build_py
[2.111s] running install
[2.112s] running install_lib
[2.115s] running install_data
[2.117s] running install_egg_info
[2.119s] removing '/home/ajdj/Workspaces/turtlebot3_ws/turtlebot3_modulo2/install/interface_turtlebot/lib/python3.10/site-packages/interface_turtlebot-0.0.0-py3.10.egg-info' (and everything under it)
[2.120s] Copying ../../build/interface_turtlebot/interface_turtlebot.egg-info to /home/ajdj/Workspaces/turtlebot3_ws/turtlebot3_modulo2/install/interface_turtlebot/lib/python3.10/site-packages/interface_turtlebot-0.0.0-py3.10.egg-info
[2.121s] running install_scripts
[2.154s] Installing interface script to /home/ajdj/Workspaces/turtlebot3_ws/turtlebot3_modulo2/install/interface_turtlebot/lib/interface_turtlebot
[2.155s] Installing interface_bot script to /home/ajdj/Workspaces/turtlebot3_ws/turtlebot3_modulo2/install/interface_turtlebot/lib/interface_turtlebot
[2.156s] writing list of installed files to '/home/ajdj/Workspaces/turtlebot3_ws/turtlebot3_modulo2/build/interface_turtlebot/install.log'
[2.233s] Invoked command in '/home/ajdj/Workspaces/turtlebot3_ws/turtlebot3_modulo2/src/interface_turtlebot' returned '0': PYTHONPATH=/home/ajdj/Workspaces/turtlebot3_ws/turtlebot3_modulo2/build/interface_turtlebot/prefix_override:/usr/lib/python3/dist-packages/colcon_core/task/python/colcon_distutils_commands:/home/ajdj/Workspaces/turtlebot3_ws/turtlebot3_modulo2/install/interface_turtlebot/lib/python3.10/site-packages:${PYTHONPATH} /usr/bin/python3 -W ignore:setup.py install is deprecated setup.py egg_info --egg-base ../../build/interface_turtlebot build --build-base /home/ajdj/Workspaces/turtlebot3_ws/turtlebot3_modulo2/build/interface_turtlebot/build install --record /home/ajdj/Workspaces/turtlebot3_ws/turtlebot3_modulo2/build/interface_turtlebot/install.log --single-version-externally-managed install_data
