[3.039s] Invoking command in '/home/ajdj/Workspaces/turtlebot3_ws/turtlebot3_modulo2/src/laser_scan_adjuster': PYTHONPATH=/home/ajdj/Workspaces/turtlebot3_ws/turtlebot3_modulo2/build/laser_scan_adjuster/prefix_override:/usr/lib/python3/dist-packages/colcon_core/task/python/colcon_distutils_commands:/home/ajdj/Workspaces/turtlebot3_ws/turtlebot3_modulo2/install/laser_scan_adjuster/lib/python3.10/site-packages:${PYTHONPATH} /usr/bin/python3 -W ignore:setup.py install is deprecated setup.py egg_info --egg-base ../../build/laser_scan_adjuster build --build-base /home/ajdj/Workspaces/turtlebot3_ws/turtlebot3_modulo2/build/laser_scan_adjuster/build install --record /home/ajdj/Workspaces/turtlebot3_ws/turtlebot3_modulo2/build/laser_scan_adjuster/install.log --single-version-externally-managed install_data
[3.680s] running egg_info
[3.680s] writing ../../build/laser_scan_adjuster/laser_scan_adjuster.egg-info/PKG-INFO
[3.693s] writing dependency_links to ../../build/laser_scan_adjuster/laser_scan_adjuster.egg-info/dependency_links.txt
[3.694s] writing entry points to ../../build/laser_scan_adjuster/laser_scan_adjuster.egg-info/entry_points.txt
[3.694s] writing requirements to ../../build/laser_scan_adjuster/laser_scan_adjuster.egg-info/requires.txt
[3.694s] writing top-level names to ../../build/laser_scan_adjuster/laser_scan_adjuster.egg-info/top_level.txt
[3.704s] reading manifest file '../../build/laser_scan_adjuster/laser_scan_adjuster.egg-info/SOURCES.txt'
[3.718s] writing manifest file '../../build/laser_scan_adjuster/laser_scan_adjuster.egg-info/SOURCES.txt'
[3.718s] running build
[3.718s] running build_py
[3.797s] running install
[3.798s] running install_lib
[3.811s] running install_data
[3.815s] running install_egg_info
[3.831s] removing '/home/ajdj/Workspaces/turtlebot3_ws/turtlebot3_modulo2/install/laser_scan_adjuster/lib/python3.10/site-packages/laser_scan_adjuster-0.0.0-py3.10.egg-info' (and everything under it)
[3.832s] Copying ../../build/laser_scan_adjuster/laser_scan_adjuster.egg-info to /home/ajdj/Workspaces/turtlebot3_ws/turtlebot3_modulo2/install/laser_scan_adjuster/lib/python3.10/site-packages/laser_scan_adjuster-0.0.0-py3.10.egg-info
[3.860s] running install_scripts
[3.985s] Installing adjust_scan script to /home/ajdj/Workspaces/turtlebot3_ws/turtlebot3_modulo2/install/laser_scan_adjuster/lib/laser_scan_adjuster
[4.009s] writing list of installed files to '/home/ajdj/Workspaces/turtlebot3_ws/turtlebot3_modulo2/build/laser_scan_adjuster/install.log'
[4.139s] Invoked command in '/home/ajdj/Workspaces/turtlebot3_ws/turtlebot3_modulo2/src/laser_scan_adjuster' returned '0': PYTHONPATH=/home/ajdj/Workspaces/turtlebot3_ws/turtlebot3_modulo2/build/laser_scan_adjuster/prefix_override:/usr/lib/python3/dist-packages/colcon_core/task/python/colcon_distutils_commands:/home/ajdj/Workspaces/turtlebot3_ws/turtlebot3_modulo2/install/laser_scan_adjuster/lib/python3.10/site-packages:${PYTHONPATH} /usr/bin/python3 -W ignore:setup.py install is deprecated setup.py egg_info --egg-base ../../build/laser_scan_adjuster build --build-base /home/ajdj/Workspaces/turtlebot3_ws/turtlebot3_modulo2/build/laser_scan_adjuster/build install --record /home/ajdj/Workspaces/turtlebot3_ws/turtlebot3_modulo2/build/laser_scan_adjuster/install.log --single-version-externally-managed install_data
