[0.635s] Invoking command in '/home/ajdj/Workspaces/turtlebot3_ws/turtlebot3_modulo2/build/explore_cpp': CMAKE_PREFIX_PATH=/opt/ros/humble /usr/bin/cmake --build /home/ajdj/Workspaces/turtlebot3_ws/turtlebot3_modulo2/build/explore_cpp -- -j4 -l4
[4.061s] [100%] Built target explore_node
[4.080s] Invoked command in '/home/ajdj/Workspaces/turtlebot3_ws/turtlebot3_modulo2/build/explore_cpp' returned '0': CMAKE_PREFIX_PATH=/opt/ros/humble /usr/bin/cmake --build /home/ajdj/Workspaces/turtlebot3_ws/turtlebot3_modulo2/build/explore_cpp -- -j4 -l4
[4.141s] Invoking command in '/home/ajdj/Workspaces/turtlebot3_ws/turtlebot3_modulo2/build/explore_cpp': CMAKE_PREFIX_PATH=/opt/ros/humble /usr/bin/cmake --install /home/ajdj/Workspaces/turtlebot3_ws/turtlebot3_modulo2/build/explore_cpp
[4.158s] -- Install configuration: ""
[4.200s] -- Up-to-date: /home/ajdj/Workspaces/turtlebot3_ws/turtlebot3_modulo2/install/explore_cpp/lib/explore_cpp/explore_node
[4.201s] -- Up-to-date: /home/ajdj/Workspaces/turtlebot3_ws/turtlebot3_modulo2/install/explore_cpp/share/explore_cpp/package.xml
[4.219s] -- Up-to-date: /home/ajdj/Workspaces/turtlebot3_ws/turtlebot3_modulo2/install/explore_cpp/share/ament_index/resource_index/package_run_dependencies/explore_cpp
[4.244s] -- Up-to-date: /home/ajdj/Workspaces/turtlebot3_ws/turtlebot3_modulo2/install/explore_cpp/share/ament_index/resource_index/parent_prefix_path/explore_cpp
[4.245s] -- Up-to-date: /home/ajdj/Workspaces/turtlebot3_ws/turtlebot3_modulo2/install/explore_cpp/share/explore_cpp/environment/ament_prefix_path.sh
[4.245s] -- Up-to-date: /home/ajdj/Workspaces/turtlebot3_ws/turtlebot3_modulo2/install/explore_cpp/share/explore_cpp/environment/ament_prefix_path.dsv
[4.245s] -- Up-to-date: /home/ajdj/Workspaces/turtlebot3_ws/turtlebot3_modulo2/install/explore_cpp/share/explore_cpp/environment/path.sh
[4.246s] -- Up-to-date: /home/ajdj/Workspaces/turtlebot3_ws/turtlebot3_modulo2/install/explore_cpp/share/explore_cpp/environment/path.dsv
[4.246s] -- Up-to-date: /home/ajdj/Workspaces/turtlebot3_ws/turtlebot3_modulo2/install/explore_cpp/share/explore_cpp/local_setup.bash
[4.246s] -- Up-to-date: /home/ajdj/Workspaces/turtlebot3_ws/turtlebot3_modulo2/install/explore_cpp/share/explore_cpp/local_setup.sh
[4.246s] -- Up-to-date: /home/ajdj/Workspaces/turtlebot3_ws/turtlebot3_modulo2/install/explore_cpp/share/explore_cpp/local_setup.zsh
[4.246s] -- Up-to-date: /home/ajdj/Workspaces/turtlebot3_ws/turtlebot3_modulo2/install/explore_cpp/share/explore_cpp/local_setup.dsv
[4.247s] -- Installing: /home/ajdj/Workspaces/turtlebot3_ws/turtlebot3_modulo2/install/explore_cpp/share/explore_cpp/package.dsv
[4.270s] -- Up-to-date: /home/ajdj/Workspaces/turtlebot3_ws/turtlebot3_modulo2/install/explore_cpp/share/ament_index/resource_index/packages/explore_cpp
[4.291s] -- Up-to-date: /home/ajdj/Workspaces/turtlebot3_ws/turtlebot3_modulo2/install/explore_cpp/share/explore_cpp/cmake/explore_cppConfig.cmake
[4.291s] -- Up-to-date: /home/ajdj/Workspaces/turtlebot3_ws/turtlebot3_modulo2/install/explore_cpp/share/explore_cpp/cmake/explore_cppConfig-version.cmake
[4.291s] -- Up-to-date: /home/ajdj/Workspaces/turtlebot3_ws/turtlebot3_modulo2/install/explore_cpp/share/explore_cpp/package.xml
[4.295s] Invoked command in '/home/ajdj/Workspaces/turtlebot3_ws/turtlebot3_modulo2/build/explore_cpp' returned '0': CMAKE_PREFIX_PATH=/opt/ros/humble /usr/bin/cmake --install /home/ajdj/Workspaces/turtlebot3_ws/turtlebot3_modulo2/build/explore_cpp
