[1.966s] Invoking command in '/home/ajdj/Workspaces/turtlebot3_ws/turtlebot3_modulo2/src/turtlebot3_explore': PYTHONPATH=/home/ajdj/Workspaces/turtlebot3_ws/turtlebot3_modulo2/build/turtlebot3_explore/prefix_override:/usr/lib/python3/dist-packages/colcon_core/task/python/colcon_distutils_commands:/home/ajdj/Workspaces/turtlebot3_ws/turtlebot3_modulo2/install/turtlebot3_explore/lib/python3.10/site-packages:${PYTHONPATH} /usr/bin/python3 -W ignore:setup.py install is deprecated setup.py egg_info --egg-base ../../build/turtlebot3_explore build --build-base /home/ajdj/Workspaces/turtlebot3_ws/turtlebot3_modulo2/build/turtlebot3_explore/build install --record /home/ajdj/Workspaces/turtlebot3_ws/turtlebot3_modulo2/build/turtlebot3_explore/install.log --single-version-externally-managed install_data
[2.577s] running egg_info
[2.580s] writing ../../build/turtlebot3_explore/turtlebot3_explore.egg-info/PKG-INFO
[2.581s] writing dependency_links to ../../build/turtlebot3_explore/turtlebot3_explore.egg-info/dependency_links.txt
[2.581s] writing entry points to ../../build/turtlebot3_explore/turtlebot3_explore.egg-info/entry_points.txt
[2.582s] writing requirements to ../../build/turtlebot3_explore/turtlebot3_explore.egg-info/requires.txt
[2.583s] writing top-level names to ../../build/turtlebot3_explore/turtlebot3_explore.egg-info/top_level.txt
[2.587s] reading manifest file '../../build/turtlebot3_explore/turtlebot3_explore.egg-info/SOURCES.txt'
[2.589s] writing manifest file '../../build/turtlebot3_explore/turtlebot3_explore.egg-info/SOURCES.txt'
[2.590s] running build
[2.590s] running build_py
[2.591s] running install
[2.591s] running install_lib
[2.603s] running install_data
[2.607s] running install_egg_info
[2.616s] removing '/home/ajdj/Workspaces/turtlebot3_ws/turtlebot3_modulo2/install/turtlebot3_explore/lib/python3.10/site-packages/turtlebot3_explore-0.0.1-py3.10.egg-info' (and everything under it)
[2.617s] Copying ../../build/turtlebot3_explore/turtlebot3_explore.egg-info to /home/ajdj/Workspaces/turtlebot3_ws/turtlebot3_modulo2/install/turtlebot3_explore/lib/python3.10/site-packages/turtlebot3_explore-0.0.1-py3.10.egg-info
[2.620s] running install_scripts
[2.676s] Installing explore script to /home/ajdj/Workspaces/turtlebot3_ws/turtlebot3_modulo2/install/turtlebot3_explore/lib/turtlebot3_explore
[2.678s] writing list of installed files to '/home/ajdj/Workspaces/turtlebot3_ws/turtlebot3_modulo2/build/turtlebot3_explore/install.log'
[2.788s] Invoked command in '/home/ajdj/Workspaces/turtlebot3_ws/turtlebot3_modulo2/src/turtlebot3_explore' returned '0': PYTHONPATH=/home/ajdj/Workspaces/turtlebot3_ws/turtlebot3_modulo2/build/turtlebot3_explore/prefix_override:/usr/lib/python3/dist-packages/colcon_core/task/python/colcon_distutils_commands:/home/ajdj/Workspaces/turtlebot3_ws/turtlebot3_modulo2/install/turtlebot3_explore/lib/python3.10/site-packages:${PYTHONPATH} /usr/bin/python3 -W ignore:setup.py install is deprecated setup.py egg_info --egg-base ../../build/turtlebot3_explore build --build-base /home/ajdj/Workspaces/turtlebot3_ws/turtlebot3_modulo2/build/turtlebot3_explore/build install --record /home/ajdj/Workspaces/turtlebot3_ws/turtlebot3_modulo2/build/turtlebot3_explore/install.log --single-version-externally-managed install_data
