-- The C compiler identification is GNU 11.4.0
-- The CXX compiler identification is GNU 11.4.0
-- Detecting C compiler ABI info
-- Detecting C compiler ABI info - done
-- Check for working C compiler: /usr/bin/cc - skipped
-- Detecting C compile features
-- Detecting C compile features - done
-- Detecting CXX compiler ABI info
-- Detecting CXX compiler ABI info - done
-- Check for working CXX compiler: /usr/bin/c++ - skipped
-- Detecting CXX compile features
-- Detecting CXX compile features - done
-- Found ament_cmake: 1.3.10 (/opt/ros/humble/share/ament_cmake/cmake)
-- Found Python3: /usr/bin/python3 (found version "3.10.12") found components: Interpreter 
-- Found rclcpp: 16.0.10 (/opt/ros/humble/share/rclcpp/cmake)
-- Found rosidl_generator_c: 3.1.5 (/opt/ros/humble/share/rosidl_generator_c/cmake)
-- Found rosidl_adapter: 3.1.5 (/opt/ros/humble/share/rosidl_adapter/cmake)
-- Found rosidl_generator_cpp: 3.1.5 (/opt/ros/humble/share/rosidl_generator_cpp/cmake)
-- Using all available rosidl_typesupport_c: rosidl_typesupport_fastrtps_c;rosidl_typesupport_introspection_c
-- Using all available rosidl_typesupport_cpp: rosidl_typesupport_fastrtps_cpp;rosidl_typesupport_introspection_cpp
-- Found rmw_implementation_cmake: 6.1.2 (/opt/ros/humble/share/rmw_implementation_cmake/cmake)
-- Found rmw_fastrtps_cpp: 6.2.7 (/opt/ros/humble/share/rmw_fastrtps_cpp/cmake)
-- Found OpenSSL: /usr/lib/x86_64-linux-gnu/libcrypto.so (found version "3.0.2")  
-- Found FastRTPS: /opt/ros/humble/include  
-- Using RMW implementation 'rmw_fastrtps_cpp' as default
-- Looking for pthread.h
-- Looking for pthread.h - found
-- Performing Test CMAKE_HAVE_LIBC_PTHREAD
-- Performing Test CMAKE_HAVE_LIBC_PTHREAD - Success
-- Found Threads: TRUE  
-- Found geometry_msgs: 4.2.4 (/opt/ros/humble/share/geometry_msgs/cmake)
-- Found image_geometry: 3.2.1 (/opt/ros/humble/share/image_geometry/cmake)
-- Found map_msgs: 2.1.0 (/opt/ros/humble/share/map_msgs/cmake)
-- Found tf2_geometry_msgs: 0.25.8 (/opt/ros/humble/share/tf2_geometry_msgs/cmake)
-- Found eigen3_cmake_module: 0.1.1 (/opt/ros/humble/share/eigen3_cmake_module/cmake)
-- Found Eigen3: TRUE (found version "3.4.0") 
-- Ensuring Eigen3 include directory is part of orocos-kdl CMake target
-- Found Boost: /usr/lib/x86_64-linux-gnu/cmake/Boost-1.74.0/BoostConfig.cmake (found version "1.74.0") found components: thread 
-- Found OpenCV: /usr (found version "4.5.4") 
-- Found ament_lint_auto: 0.12.11 (/opt/ros/humble/share/ament_lint_auto/cmake)
-- Found ament_cmake_gtest: 1.3.10 (/opt/ros/humble/share/ament_cmake_gtest/cmake)
--2024-11-25 21:21:38--  https://raw.githubusercontent.com/hrnr/m-explore-extra/master/map_merge/hector_maps/map00.pgm
Resolving raw.githubusercontent.com (raw.githubusercontent.com)... 185.199.108.133, 185.199.111.133, 185.199.110.133, ...
Connecting to raw.githubusercontent.com (raw.githubusercontent.com)|185.199.108.133|:443... connected.
HTTP request sent, awaiting response... 200 OK
Length: 4194362 (4.0M) [application/octet-stream]
Saving to: ‘/home/ajdj/Workspaces/turtlebot3_ws/turtlebot3_modulo2/build/multirobot_map_merge/map00.pgm’

     0K .......... .......... .......... .......... ..........  1% 1.18M 3s
    50K .......... .......... .......... .......... ..........  2% 1.33M 3s
   100K .......... .......... .......... .......... ..........  3% 5.24M 2s
   150K .......... .......... .......... .......... ..........  4% 6.89M 2s
   200K .......... .......... .......... .......... ..........  6% 2.42M 2s
   250K .......... .......... .......... .......... ..........  7% 8.22M 2s
   300K .......... .......... .......... .......... ..........  8% 10.2M 1s
   350K .......... .......... .......... .......... ..........  9% 8.38M 1s
   400K .......... .......... .......... .......... .......... 10% 13.0M 1s
   450K .......... .......... .......... .......... .......... 12% 15.9M 1s
   500K .......... .......... .......... .......... .......... 13% 3.15M 1s
   550K .......... .......... .......... .......... .......... 14% 12.9M 1s
   600K .......... .......... .......... .......... .......... 15% 21.8M 1s
   650K .......... .......... .......... .......... .......... 17% 23.0M 1s
   700K .......... .......... .......... .......... .......... 18% 19.9M 1s
   750K .......... .......... .......... .......... .......... 19% 12.7M 1s
   800K .......... .......... .......... .......... .......... 20% 24.6M 1s
   850K .......... .......... .......... .......... .......... 21% 13.8M 1s
   900K .......... .......... .......... .......... .......... 23% 19.4M 1s
   950K .......... .......... .......... .......... .......... 24% 11.8M 1s
  1000K .......... .......... .......... .......... .......... 25% 62.0M 1s
  1050K .......... .......... .......... .......... .......... 26% 4.42M 1s
  1100K .......... .......... .......... .......... .......... 28%  157M 0s
  1150K .......... .......... .......... .......... .......... 29% 13.7M 0s
  1200K .......... .......... .......... .......... .......... 30% 12.2M 0s
  1250K .......... .......... .......... .......... .......... 31% 47.8M 0s
  1300K .......... .......... .......... .......... .......... 32%  345M 0s
  1350K .......... .......... .......... .......... .......... 34% 60.7M 0s
  1400K .......... .......... .......... .......... .......... 35%  141M 0s
  1450K .......... .......... .......... .......... .......... 36% 87.9M 0s
  1500K .......... .......... .......... .......... .......... 37% 46.7M 0s
  1550K .......... .......... .......... .......... .......... 39% 34.0M 0s
  1600K .......... .......... .......... .......... .......... 40% 36.9M 0s
  1650K .......... .......... .......... .......... .......... 41% 40.4M 0s
  1700K .......... .......... .......... .......... .......... 42% 5.84M 0s
  1750K .......... .......... .......... .......... .......... 43% 39.8M 0s
  1800K .......... .......... .......... .......... .......... 45% 49.3M 0s
  1850K .......... .......... .......... .......... .......... 46% 44.9M 0s
  1900K .......... .......... .......... .......... .......... 47% 52.0M 0s
  1950K .......... .......... .......... .......... .......... 48% 22.6M 0s
  2000K .......... .......... .......... .......... .......... 50% 44.5M 0s
  2050K .......... .......... .......... .......... .......... 51% 49.3M 0s
  2100K .......... .......... .......... .......... .......... 52% 45.7M 0s
  2150K .......... .......... .......... .......... .......... 53% 9.74M 0s
  2200K .......... .......... .......... .......... .......... 54% 27.3M 0s
  2250K .......... .......... .......... .......... .......... 56%  132M 0s
  2300K .......... .......... .......... .......... .......... 57% 50.4M 0s
  2350K .......... .......... .......... .......... .......... 58% 22.8M 0s
  2400K .......... .......... .......... .......... .......... 59% 4.59M 0s
  2450K .......... .......... .......... .......... .......... 61% 50.0M 0s
  2500K .......... .......... .......... .......... .......... 62% 46.2M 0s
  2550K .......... .......... .......... .......... .......... 63% 36.9M 0s
  2600K .......... .......... .......... .......... .......... 64% 30.5M 0s
  2650K .......... .......... .......... .......... .......... 65% 47.9M 0s
  2700K .......... .......... .......... .......... .......... 67% 47.9M 0s
  2750K .......... .......... .......... .......... .......... 68% 34.2M 0s
  2800K .......... .......... .......... .......... .......... 69% 50.3M 0s
  2850K .......... .......... .......... .......... .......... 70% 26.7M 0s
  2900K .......... .......... .......... .......... .......... 72% 49.9M 0s
  2950K .......... .......... .......... .......... .......... 73% 44.9M 0s
  3000K .......... .......... .......... .......... .......... 74% 50.0M 0s
  3050K .......... .......... .......... .......... .......... 75% 44.8M 0s
  3100K .......... .......... .......... .......... .......... 76% 50.3M 0s
  3150K .......... .......... .......... .......... .......... 78% 27.3M 0s
  3200K .......... .......... .......... .......... .......... 79% 50.1M 0s
  3250K .......... .......... .......... .......... .......... 80% 44.8M 0s
  3300K .......... .......... .......... .......... .......... 81% 45.4M 0s
  3350K .......... .......... .......... .......... .......... 83% 48.9M 0s
  3400K .......... .......... .......... .......... .......... 84% 31.0M 0s
  3450K .......... .......... .......... .......... .......... 85% 54.2M 0s
  3500K .......... .......... .......... .......... .......... 86% 45.6M 0s
  3550K .......... .......... .......... .......... .......... 87% 37.9M 0s
  3600K .......... .......... .......... .......... .......... 89% 45.0M 0s
  3650K .......... .......... .......... .......... .......... 90% 48.7M 0s
  3700K .......... .......... .......... .......... .......... 91% 20.9M 0s
  3750K .......... .......... .......... .......... .......... 92% 44.7M 0s
  3800K .......... .......... .......... .......... .......... 93% 49.5M 0s
  3850K .......... .......... .......... .......... .......... 95% 44.6M 0s
  3900K .......... .......... .......... .......... .......... 96% 50.7M 0s
  3950K .......... .......... .......... .......... .......... 97% 28.3M 0s
  4000K .......... .......... .......... .......... .......... 98% 50.6M 0s
  4050K .......... .......... .......... .......... ......    100% 55.5M=0.3s

2024-11-25 21:21:39 (14.0 MB/s) - ‘/home/ajdj/Workspaces/turtlebot3_ws/turtlebot3_modulo2/build/multirobot_map_merge/map00.pgm’ saved [4194362/4194362]

Checking MD5 sum of /home/ajdj/Workspaces/turtlebot3_ws/turtlebot3_modulo2/build/multirobot_map_merge/map00.pgm
/home/ajdj/Workspaces/turtlebot3_ws/turtlebot3_modulo2/build/multirobot_map_merge/map00.pgm: OK
--2024-11-25 21:21:40--  https://raw.githubusercontent.com/hrnr/m-explore-extra/master/map_merge/hector_maps/map05.pgm
Resolving raw.githubusercontent.com (raw.githubusercontent.com)... 185.199.108.133, 185.199.111.133, 185.199.109.133, ...
Connecting to raw.githubusercontent.com (raw.githubusercontent.com)|185.199.108.133|:443... connected.
HTTP request sent, awaiting response... 200 OK
Length: 4194362 (4.0M) [application/octet-stream]
Saving to: ‘/home/ajdj/Workspaces/turtlebot3_ws/turtlebot3_modulo2/build/multirobot_map_merge/map05.pgm’

     0K .......... .......... .......... .......... ..........  1% 1.08M 4s
    50K .......... .......... .......... .......... ..........  2% 1.47M 3s
   100K .......... .......... .......... .......... ..........  3% 5.08M 2s
   150K .......... .......... .......... .......... ..........  4% 7.24M 2s
   200K .......... .......... .......... .......... ..........  6% 2.40M 2s
   250K .......... .......... .......... .......... ..........  7% 7.22M 2s
   300K .......... .......... .......... .......... ..........  8% 10.4M 1s
   350K .......... .......... .......... .......... ..........  9% 12.5M 1s
   400K .......... .......... .......... .......... .......... 10% 9.44M 1s
   450K .......... .......... .......... .......... .......... 12% 3.22M 1s
   500K .......... .......... .......... .......... .......... 13% 19.7M 1s
   550K .......... .......... .......... .......... .......... 14% 9.66M 1s
   600K .......... .......... .......... .......... .......... 15% 19.7M 1s
   650K .......... .......... .......... .......... .......... 17% 17.8M 1s
   700K .......... .......... .......... .......... .......... 18% 21.2M 1s
   750K .......... .......... .......... .......... .......... 19% 23.4M 1s
   800K .......... .......... .......... .......... .......... 20% 19.9M 1s
   850K .......... .......... .......... .......... .......... 21% 24.0M 1s
   900K .......... .......... .......... .......... .......... 23% 22.6M 1s
   950K .......... .......... .......... .......... .......... 24% 44.8M 1s
  1000K .......... .......... .......... .......... .......... 25% 3.84M 1s
  1050K .......... .......... .......... .......... .......... 26% 17.6M 1s
  1100K .......... .......... .......... .......... .......... 28% 28.3M 0s
  1150K .......... .......... .......... .......... .......... 29% 19.1M 0s
  1200K .......... .......... .......... .......... .......... 30% 33.6M 0s
  1250K .......... .......... .......... .......... .......... 31% 17.0M 0s
  1300K .......... .......... .......... .......... .......... 32% 42.0M 0s
  1350K .......... .......... .......... .......... .......... 34% 42.4M 0s
  1400K .......... .......... .......... .......... .......... 35% 43.8M 0s
  1450K .......... .......... .......... .......... .......... 36% 17.3M 0s
  1500K .......... .......... .......... .......... .......... 37%  144M 0s
  1550K .......... .......... .......... .......... .......... 39% 54.9M 0s
  1600K .......... .......... .......... .......... .......... 40% 33.0M 0s
  1650K .......... .......... .......... .......... .......... 41% 24.4M 0s
  1700K .......... .......... .......... .......... .......... 42% 49.9M 0s
  1750K .......... .......... .......... .......... .......... 43% 45.3M 0s
  1800K .......... .......... .......... .......... .......... 45% 48.8M 0s
  1850K .......... .......... .......... .......... .......... 46% 45.2M 0s
  1900K .......... .......... .......... .......... .......... 47% 49.9M 0s
  1950K .......... .......... .......... .......... .......... 48% 25.6M 0s
  2000K .......... .......... .......... .......... .......... 50% 35.0M 0s
  2050K .......... .......... .......... .......... .......... 51% 7.57M 0s
  2100K .......... .......... .......... .......... .......... 52% 45.1M 0s
  2150K .......... .......... .......... .......... .......... 53% 44.9M 0s
  2200K .......... .......... .......... .......... .......... 54% 18.9M 0s
  2250K .......... .......... .......... .......... .......... 56% 32.3M 0s
  2300K .......... .......... .......... .......... .......... 57% 48.3M 0s
  2350K .......... .......... .......... .......... .......... 58% 12.0M 0s
  2400K .......... .......... .......... .......... .......... 59% 34.8M 0s
  2450K .......... .......... .......... .......... .......... 61%  963K 0s
  2500K .......... .......... .......... .......... .......... 62%  174M 0s
  2550K .......... .......... .......... .......... .......... 63%  165M 0s
  2600K .......... .......... .......... .......... .......... 64%  160M 0s
  2650K .......... .......... .......... .......... .......... 65%  180M 0s
  2700K .......... .......... .......... .......... .......... 67%  165M 0s
  2750K .......... .......... .......... .......... .......... 68%  181M 0s
  2800K .......... .......... .......... .......... .......... 69%  154M 0s
  2850K .......... .......... .......... .......... .......... 70% 63.3M 0s
  2900K .......... .......... .......... .......... .......... 72%  387M 0s
  2950K .......... .......... .......... .......... .......... 73%  341M 0s
  3000K .......... .......... .......... .......... .......... 74%  374M 0s
  3050K .......... .......... .......... .......... .......... 75%  407M 0s
  3100K .......... .......... .......... .......... .......... 76%  365M 0s
  3150K .......... .......... .......... .......... .......... 78%  322M 0s
  3200K .......... .......... .......... .......... .......... 79%  300M 0s
  3250K .......... .......... .......... .......... .......... 80%  400M 0s
  3300K .......... .......... .......... .......... .......... 81%  391M 0s
  3350K .......... .......... .......... .......... .......... 83%  383M 0s
  3400K .......... .......... .......... .......... .......... 84%  361M 0s
  3450K .......... .......... .......... .......... .......... 85%  341M 0s
  3500K .......... .......... .......... .......... .......... 86%  410M 0s
  3550K .......... .......... .......... .......... .......... 87%  172M 0s
  3600K .......... .......... .......... .......... .......... 89%  215M 0s
  3650K .......... .......... .......... .......... .......... 90%  339M 0s
  3700K .......... .......... .......... .......... .......... 91%  334M 0s
  3750K .......... .......... .......... .......... .......... 92%  304M 0s
  3800K .......... .......... .......... .......... .......... 93%  304M 0s
  3850K .......... .......... .......... .......... .......... 95%  339M 0s
  3900K .......... .......... .......... .......... .......... 96%  338M 0s
  3950K .......... .......... .......... .......... .......... 97%  307M 0s
  4000K .......... .......... .......... .......... .......... 98%  265M 0s
  4050K .......... .......... .......... .......... ......    100%  293M=0.3s

2024-11-25 21:21:41 (13.5 MB/s) - ‘/home/ajdj/Workspaces/turtlebot3_ws/turtlebot3_modulo2/build/multirobot_map_merge/map05.pgm’ saved [4194362/4194362]

Checking MD5 sum of /home/ajdj/Workspaces/turtlebot3_ws/turtlebot3_modulo2/build/multirobot_map_merge/map05.pgm
/home/ajdj/Workspaces/turtlebot3_ws/turtlebot3_modulo2/build/multirobot_map_merge/map05.pgm: OK
--2024-11-25 21:21:41--  https://raw.githubusercontent.com/hrnr/m-explore-extra/master/map_merge/gmapping_maps/2011-08-09-12-22-52.pgm
Resolving raw.githubusercontent.com (raw.githubusercontent.com)... 185.199.110.133, 185.199.108.133, 185.199.109.133, ...
Connecting to raw.githubusercontent.com (raw.githubusercontent.com)|185.199.110.133|:443... connected.
HTTP request sent, awaiting response... 200 OK
Length: 16000058 (15M) [application/octet-stream]
Saving to: ‘/home/ajdj/Workspaces/turtlebot3_ws/turtlebot3_modulo2/build/multirobot_map_merge/2011-08-09-12-22-52.pgm’

     0K .......... .......... .......... .......... ..........  0% 1.10M 14s
    50K .......... .......... .......... .......... ..........  0% 1.56M 12s
   100K .......... .......... .......... .......... ..........  0% 5.03M 9s
   150K .......... .......... .......... .......... ..........  1% 6.25M 7s
   200K .......... .......... .......... .......... ..........  1% 2.27M 7s
   250K .......... .......... .......... .......... ..........  1% 8.92M 6s
   300K .......... .......... .......... .......... ..........  2% 10.9M 5s
   350K .......... .......... .......... .......... ..........  2% 8.39M 5s
   400K .......... .......... .......... .......... ..........  2% 9.19M 5s
   450K .......... .......... .......... .......... ..........  3% 17.1M 4s
   500K .......... .......... .......... .......... ..........  3% 3.35M 4s
   550K .......... .......... .......... .......... ..........  3% 4.87M 4s
   600K .......... .......... .......... .......... ..........  4%  148M 4s
   650K .......... .......... .......... .......... ..........  4%  156M 3s
   700K .......... .......... .......... .......... ..........  4%  154M 3s
   750K .......... .......... .......... .......... ..........  5% 19.5M 3s
   800K .......... .......... .......... .......... ..........  5% 23.8M 3s
   850K .......... .......... .......... .......... ..........  5% 15.5M 3s
   900K .......... .......... .......... .......... ..........  6% 17.7M 3s
   950K .......... .......... .......... .......... ..........  6% 49.5M 3s
  1000K .......... .......... .......... .......... ..........  6% 17.8M 2s
  1050K .......... .......... .......... .......... ..........  7% 4.20M 3s
  1100K .......... .......... .......... .......... ..........  7% 24.9M 2s
  1150K .......... .......... .......... .......... ..........  7% 4.74M 2s
  1200K .......... .......... .......... .......... ..........  7% 44.4M 2s
  1250K .......... .......... .......... .......... ..........  8% 42.4M 2s
  1300K .......... .......... .......... .......... ..........  8% 53.3M 2s
  1350K .......... .......... .......... .......... ..........  8% 15.0M 2s
  1400K .......... .......... .......... .......... ..........  9% 69.3M 2s
  1450K .......... .......... .......... .......... ..........  9% 60.3M 2s
  1500K .......... .......... .......... .......... ..........  9% 49.2M 2s
  1550K .......... .......... .......... .......... .......... 10% 34.6M 2s
  1600K .......... .......... .......... .......... .......... 10% 15.9M 2s
  1650K .......... .......... .......... .......... .......... 10% 47.4M 2s
  1700K .......... .......... .......... .......... .......... 11% 43.4M 2s
  1750K .......... .......... .......... .......... .......... 11% 29.1M 2s
  1800K .......... .......... .......... .......... .......... 11%  110M 2s
  1850K .......... .......... .......... .......... .......... 12% 34.1M 2s
  1900K .......... .......... .......... .......... .......... 12% 49.2M 2s
  1950K .......... .......... .......... .......... .......... 12% 34.0M 2s
  2000K .......... .......... .......... .......... .......... 13% 41.7M 1s
  2050K .......... .......... .......... .......... .......... 13% 55.1M 1s
  2100K .......... .......... .......... .......... .......... 13% 20.5M 1s
  2150K .......... .......... .......... .......... .......... 14% 40.0M 1s
  2200K .......... .......... .......... .......... .......... 14% 49.7M 1s
  2250K .......... .......... .......... .......... .......... 14% 43.4M 1s
  2300K .......... .......... .......... .......... .......... 15% 29.0M 1s
  2350K .......... .......... .......... .......... .......... 15% 4.15M 1s
  2400K .......... .......... .......... .......... .......... 15% 50.5M 1s
  2450K .......... .......... .......... .......... .......... 15% 45.1M 1s
  2500K .......... .......... .......... .......... .......... 16% 50.3M 1s
  2550K .......... .......... .......... .......... .......... 16% 23.8M 1s
  2600K .......... .......... .......... .......... .......... 16% 43.0M 1s
  2650K .......... .......... .......... .......... .......... 17% 49.7M 1s
  2700K .......... .......... .......... .......... .......... 17% 46.1M 1s
  2750K .......... .......... .......... .......... .......... 17% 39.2M 1s
  2800K .......... .......... .......... .......... .......... 18% 18.8M 1s
  2850K .......... .......... .......... .......... .......... 18% 56.5M 1s
  2900K .......... .......... .......... .......... .......... 18% 45.1M 1s
  2950K .......... .......... .......... .......... .......... 19% 8.17M 1s
  3000K .......... .......... .......... .......... .......... 19% 43.3M 1s
  3050K .......... .......... .......... .......... .......... 19% 48.8M 1s
  3100K .......... .......... .......... .......... .......... 20% 39.8M 1s
  3150K .......... .......... .......... .......... .......... 20% 12.2M 1s
  3200K .......... .......... .......... .......... .......... 20%  284M 1s
  3250K .......... .......... .......... .......... .......... 21% 49.6M 1s
  3300K .......... .......... .......... .......... .......... 21% 16.4M 1s
  3350K .......... .......... .......... .......... .......... 21% 40.4M 1s
  3400K .......... .......... .......... .......... .......... 22% 58.5M 1s
  3450K .......... .......... .......... .......... .......... 22% 47.9M 1s
  3500K .......... .......... .......... .......... .......... 22% 45.0M 1s
  3550K .......... .......... .......... .......... .......... 23% 17.1M 1s
  3600K .......... .......... .......... .......... .......... 23% 49.7M 1s
  3650K .......... .......... .......... .......... .......... 23% 45.6M 1s
  3700K .......... .......... .......... .......... .......... 23% 33.3M 1s
  3750K .......... .......... .......... .......... .......... 24% 75.4M 1s
  3800K .......... .......... .......... .......... .......... 24% 51.1M 1s
  3850K .......... .......... .......... .......... .......... 24% 24.2M 1s
  3900K .......... .......... .......... .......... .......... 25% 60.8M 1s
  3950K .......... .......... .......... .......... .......... 25% 28.2M 1s
  4000K .......... .......... .......... .......... .......... 25% 64.2M 1s
  4050K .......... .......... .......... .......... .......... 26% 49.9M 1s
  4100K .......... .......... .......... .......... .......... 26% 20.8M 1s
  4150K .......... .......... .......... .......... .......... 26% 50.0M 1s
  4200K .......... .......... .......... .......... .......... 27% 42.9M 1s
  4250K .......... .......... .......... .......... .......... 27% 49.8M 1s
  4300K .......... .......... .......... .......... .......... 27% 45.2M 1s
  4350K .......... .......... .......... .......... .......... 28% 49.9M 1s
  4400K .......... .......... .......... .......... .......... 28% 25.9M 1s
  4450K .......... .......... .......... .......... .......... 28% 45.0M 1s
  4500K .......... .......... .......... .......... .......... 29% 50.4M 1s
  4550K .......... .......... .......... .......... .......... 29% 44.1M 1s
  4600K .......... .......... .......... .......... .......... 29% 43.4M 1s
  4650K .......... .......... .......... .......... .......... 30% 31.2M 1s
  4700K .......... .......... .......... .......... .......... 30% 26.6M 1s
  4750K .......... .......... .......... .......... .......... 30%  213M 1s
  4800K .......... .......... .......... .......... .......... 31% 35.6M 1s
  4850K .......... .......... .......... .......... .......... 31% 36.6M 1s
  4900K .......... .......... .......... .......... .......... 31% 49.7M 1s
  4950K .......... .......... .......... .......... .......... 31% 44.3M 1s
  5000K .......... .......... .......... .......... .......... 32% 49.5M 1s
  5050K .......... .......... .......... .......... .......... 32% 44.6M 1s
  5100K .......... .......... .......... .......... .......... 32% 49.4M 1s
  5150K .......... .......... .......... .......... .......... 33% 20.8M 1s
  5200K .......... .......... .......... .......... .......... 33% 38.1M 1s
  5250K .......... .......... .......... .......... .......... 33% 45.6M 1s
  5300K .......... .......... .......... .......... .......... 34% 43.8M 1s
  5350K .......... .......... .......... .......... .......... 34% 49.7M 1s
  5400K .......... .......... .......... .......... .......... 34% 19.6M 1s
  5450K .......... .......... .......... .......... .......... 35% 51.2M 1s
  5500K .......... .......... .......... .......... .......... 35% 45.0M 1s
  5550K .......... .......... .......... .......... .......... 35% 37.3M 1s
  5600K .......... .......... .......... .......... .......... 36%  795K 1s
  5650K .......... .......... .......... .......... .......... 36%  225M 1s
  5700K .......... .......... .......... .......... .......... 36%  255M 1s
  5750K .......... .......... .......... .......... .......... 37%  283M 1s
  5800K .......... .......... .......... .......... .......... 37%  250M 1s
  5850K .......... .......... .......... .......... .......... 37%  289M 1s
  5900K .......... .......... .......... .......... .......... 38%  260M 1s
  5950K .......... .......... .......... .......... .......... 38%  283M 1s
  6000K .......... .......... .......... .......... .......... 38%  132M 1s
  6050K .......... .......... .......... .......... .......... 39%  167M 1s
  6100K .......... .......... .......... .......... .......... 39%  157M 1s
  6150K .......... .......... .......... .......... .......... 39%  152M 1s
  6200K .......... .......... .......... .......... .......... 39%  135M 1s
  6250K .......... .......... .......... .......... .......... 40%  157M 1s
  6300K .......... .......... .......... .......... .......... 40% 1.35M 1s
  6350K .......... .......... .......... .......... .......... 40%  162M 1s
  6400K .......... .......... .......... .......... .......... 41%  125M 1s
  6450K .......... .......... .......... .......... .......... 41%  146M 1s
  6500K .......... .......... .......... .......... .......... 41%  174M 1s
  6550K .......... .......... .......... .......... .......... 42%  178M 1s
  6600K .......... .......... .......... .......... .......... 42%  143M 1s
  6650K .......... .......... .......... .......... .......... 42%  132M 1s
  6700K .......... .......... .......... .......... .......... 43%  178M 1s
  6750K .......... .......... .......... .......... .......... 43%  182M 1s
  6800K .......... .......... .......... .......... .......... 43%  129M 1s
  6850K .......... .......... .......... .......... .......... 44%  176M 1s
  6900K .......... .......... .......... .......... .......... 44%  174M 1s
  6950K .......... .......... .......... .......... .......... 44%  161M 1s
  7000K .......... .......... .......... .......... .......... 45%  116M 1s
  7050K .......... .......... .......... .......... .......... 45%  151M 1s
  7100K .......... .......... .......... .......... .......... 45% 26.5M 1s
  7150K .......... .......... .......... .......... .......... 46% 47.5M 1s
  7200K .......... .......... .......... .......... .......... 46% 30.5M 1s
  7250K .......... .......... .......... .......... .......... 46% 39.3M 1s
  7300K .......... .......... .......... .......... .......... 47% 33.3M 1s
  7350K .......... .......... .......... .......... .......... 47% 45.2M 0s
  7400K .......... .......... .......... .......... .......... 47% 32.5M 0s
  7450K .......... .......... .......... .......... .......... 47% 15.2M 0s
  7500K .......... .......... .......... .......... .......... 48% 3.40M 0s
  7550K .......... .......... .......... .......... .......... 48% 43.6M 0s
  7600K .......... .......... .......... .......... .......... 48% 38.4M 0s
  7650K .......... .......... .......... .......... .......... 49% 46.5M 0s
  7700K .......... .......... .......... .......... .......... 49% 6.92M 0s
  7750K .......... .......... .......... .......... .......... 49% 43.9M 0s
  7800K .......... .......... .......... .......... .......... 50% 49.9M 0s
  7850K .......... .......... .......... .......... .......... 50% 45.1M 0s
  7900K .......... .......... .......... .......... .......... 50% 51.3M 0s
  7950K .......... .......... .......... .......... .......... 51% 12.1M 0s
  8000K .......... .......... .......... .......... .......... 51% 23.0M 0s
  8050K .......... .......... .......... .......... .......... 51% 27.4M 0s
  8100K .......... .......... .......... .......... .......... 52%  122M 0s
  8150K .......... .......... .......... .......... .......... 52% 49.0M 0s
  8200K .......... .......... .......... .......... .......... 52% 23.3M 0s
  8250K .......... .......... .......... .......... .......... 53% 51.7M 0s
  8300K .......... .......... .......... .......... .......... 53% 13.7M 0s
  8350K .......... .......... .......... .......... .......... 53%  759K 0s
  8400K .......... .......... .......... .......... .......... 54% 39.5M 0s
  8450K .......... .......... .......... .......... .......... 54%  209M 0s
  8500K .......... .......... .......... .......... .......... 54%  249M 0s
  8550K .......... .......... .......... .......... .......... 55%  227M 0s
  8600K .......... .......... .......... .......... .......... 55%  210M 0s
  8650K .......... .......... .......... .......... .......... 55%  218M 0s
  8700K .......... .......... .......... .......... .......... 55%  254M 0s
  8750K .......... .......... .......... .......... .......... 56%  256M 0s
  8800K .......... .......... .......... .......... .......... 56%  200M 0s
  8850K .......... .......... .......... .......... .......... 56%  251M 0s
  8900K .......... .......... .......... .......... .......... 57%  236M 0s
  8950K .......... .......... .......... .......... .......... 57%  298M 0s
  9000K .......... .......... .......... .......... .......... 57%  273M 0s
  9050K .......... .......... .......... .......... .......... 58%  293M 0s
  9100K .......... .......... .......... .......... .......... 58%  304M 0s
  9150K .......... .......... .......... .......... .......... 58%  271M 0s
  9200K .......... .......... .......... .......... .......... 59%  196M 0s
  9250K .......... .......... .......... .......... .......... 59%  289M 0s
  9300K .......... .......... .......... .......... .......... 59%  210M 0s
  9350K .......... .......... .......... .......... .......... 60%  275M 0s
  9400K .......... .......... .......... .......... .......... 60%  241M 0s
  9450K .......... .......... .......... .......... .......... 60%  252M 0s
  9500K .......... .......... .......... .......... .......... 61%  268M 0s
  9550K .......... .......... .......... .......... .......... 61%  227M 0s
  9600K .......... .......... .......... .......... .......... 61%  228M 0s
  9650K .......... .......... .......... .......... .......... 62%  293M 0s
  9700K .......... .......... .......... .......... .......... 62%  248M 0s
  9750K .......... .......... .......... .......... .......... 62%  286M 0s
  9800K .......... .......... .......... .......... .......... 63%  256M 0s
  9850K .......... .......... .......... .......... .......... 63%  306M 0s
  9900K .......... .......... .......... .......... .......... 63%  300M 0s
  9950K .......... .......... .......... .......... .......... 63%  293M 0s
 10000K .......... .......... .......... .......... .......... 64%  217M 0s
 10050K .......... .......... .......... .......... .......... 64%  297M 0s
 10100K .......... .......... .......... .......... .......... 64% 26.1M 0s
 10150K .......... .......... .......... .......... .......... 65% 45.5M 0s
 10200K .......... .......... .......... .......... .......... 65% 44.7M 0s
 10250K .......... .......... .......... .......... .......... 65% 44.9M 0s
 10300K .......... .......... .......... .......... .......... 66% 22.5M 0s
 10350K .......... .......... .......... .......... .......... 66% 42.2M 0s
 10400K .......... .......... .......... .......... .......... 66% 36.3M 0s
 10450K .......... .......... .......... .......... .......... 67% 45.1M 0s
 10500K .......... .......... .......... .......... .......... 67% 49.6M 0s
 10550K .......... .......... .......... .......... .......... 67% 22.6M 0s
 10600K .......... .......... .......... .......... .......... 68% 64.3M 0s
 10650K .......... .......... .......... .......... .......... 68% 48.7M 0s
 10700K .......... .......... .......... .......... .......... 68% 38.0M 0s
 10750K .......... .......... .......... .......... .......... 69% 41.6M 0s
 10800K .......... .......... .......... .......... .......... 69% 29.9M 0s
 10850K .......... .......... .......... .......... .......... 69% 67.6M 0s
 10900K .......... .......... .......... .......... .......... 70% 9.73M 0s
 10950K .......... .......... .......... .......... .......... 70% 37.6M 0s
 11000K .......... .......... .......... .......... .......... 70% 17.7M 0s
 11050K .......... .......... .......... .......... .......... 71% 46.7M 0s
 11100K .......... .......... .......... .......... .......... 71% 12.2M 0s
 11150K .......... .......... .......... .......... .......... 71% 11.1M 0s
 11200K .......... .......... .......... .......... .......... 71% 36.1M 0s
 11250K .......... .......... .......... .......... .......... 72% 13.3M 0s
 11300K .......... .......... .......... .......... .......... 72% 25.4M 0s
 11350K .......... .......... .......... .......... .......... 72%  168M 0s
 11400K .......... .......... .......... .......... .......... 73% 2.90M 0s
 11450K .......... .......... .......... .......... .......... 73% 20.8M 0s
 11500K .......... .......... .......... .......... .......... 73% 25.9M 0s
 11550K .......... .......... .......... .......... .......... 74% 20.5M 0s
 11600K .......... .......... .......... .......... .......... 74% 12.0M 0s
 11650K .......... .......... .......... .......... .......... 74% 43.5M 0s
 11700K .......... .......... .......... .......... .......... 75% 46.7M 0s
 11750K .......... .......... .......... .......... .......... 75% 22.5M 0s
 11800K .......... .......... .......... .......... .......... 75% 32.1M 0s
 11850K .......... .......... .......... .......... .......... 76% 55.2M 0s
 11900K .......... .......... .......... .......... .......... 76% 24.8M 0s
 11950K .......... .......... .......... .......... .......... 76% 26.8M 0s
 12000K .......... .......... .......... .......... .......... 77% 21.1M 0s
 12050K .......... .......... .......... .......... .......... 77%  225M 0s
 12100K .......... .......... .......... .......... .......... 77% 43.6M 0s
 12150K .......... .......... .......... .......... .......... 78% 47.6M 0s
 12200K .......... .......... .......... .......... .......... 78% 27.6M 0s
 12250K .......... .......... .......... .......... .......... 78% 32.2M 0s
 12300K .......... .......... .......... .......... .......... 79% 24.3M 0s
 12350K .......... .......... .......... .......... .......... 79%  113M 0s
 12400K .......... .......... .......... .......... .......... 79% 24.8M 0s
 12450K .......... .......... .......... .......... .......... 79% 49.4M 0s
 12500K .......... .......... .......... .......... .......... 80% 21.5M 0s
 12550K .......... .......... .......... .......... .......... 80% 23.4M 0s
 12600K .......... .......... .......... .......... .......... 80% 39.3M 0s
 12650K .......... .......... .......... .......... .......... 81% 4.97M 0s
 12700K .......... .......... .......... .......... .......... 81% 71.1M 0s
 12750K .......... .......... .......... .......... .......... 81%  262M 0s
 12800K .......... .......... .......... .......... .......... 82% 6.83M 0s
 12850K .......... .......... .......... .......... .......... 82%  183M 0s
 12900K .......... .......... .......... .......... .......... 82%  283M 0s
 12950K .......... .......... .......... .......... .......... 83%  213M 0s
 13000K .......... .......... .......... .......... .......... 83%  212M 0s
 13050K .......... .......... .......... .......... .......... 83% 26.7M 0s
 13100K .......... .......... .......... .......... .......... 84% 46.7M 0s
 13150K .......... .......... .......... .......... .......... 84% 16.7M 0s
 13200K .......... .......... .......... .......... .......... 84% 10.7M 0s
 13250K .......... .......... .......... .......... .......... 85% 52.7M 0s
 13300K .......... .......... .......... .......... .......... 85% 42.1M 0s
 13350K .......... .......... .......... .......... .......... 85% 17.3M 0s
 13400K .......... .......... .......... .......... .......... 86% 44.1M 0s
 13450K .......... .......... .......... .......... .......... 86% 21.3M 0s
 13500K .......... .......... .......... .......... .......... 86% 55.0M 0s
 13550K .......... .......... .......... .......... .......... 87% 80.8M 0s
 13600K .......... .......... .......... .......... .......... 87% 35.1M 0s
 13650K .......... .......... .......... .......... .......... 87% 40.9M 0s
 13700K .......... .......... .......... .......... .......... 87% 20.9M 0s
 13750K .......... .......... .......... .......... .......... 88% 52.7M 0s
 13800K .......... .......... .......... .......... .......... 88% 44.0M 0s
 13850K .......... .......... .......... .......... .......... 88% 22.4M 0s
 13900K .......... .......... .......... .......... .......... 89% 40.8M 0s
 13950K .......... .......... .......... .......... .......... 89% 11.7M 0s
 14000K .......... .......... .......... .......... .......... 89% 18.3M 0s
 14050K .......... .......... .......... .......... .......... 90% 42.1M 0s
 14100K .......... .......... .......... .......... .......... 90% 44.3M 0s
 14150K .......... .......... .......... .......... .......... 90% 25.5M 0s
 14200K .......... .......... .......... .......... .......... 91% 39.2M 0s
 14250K .......... .......... .......... .......... .......... 91% 22.5M 0s
 14300K .......... .......... .......... .......... .......... 91% 44.2M 0s
 14350K .......... .......... .......... .......... .......... 92% 40.8M 0s
 14400K .......... .......... .......... .......... .......... 92% 3.20M 0s
 14450K .......... .......... .......... .......... .......... 92% 19.7M 0s
 14500K .......... .......... .......... .......... .......... 93% 46.0M 0s
 14550K .......... .......... .......... .......... .......... 93% 44.5M 0s
 14600K .......... .......... .......... .......... .......... 93% 17.2M 0s
 14650K .......... .......... .......... .......... .......... 94% 30.6M 0s
 14700K .......... .......... .......... .......... .......... 94% 81.9M 0s
 14750K .......... .......... .......... .......... .......... 94% 44.8M 0s
 14800K .......... .......... .......... .......... .......... 95% 19.5M 0s
 14850K .......... .......... .......... .......... .......... 95% 44.5M 0s
 14900K .......... .......... .......... .......... .......... 95% 45.3M 0s
 14950K .......... .......... .......... .......... .......... 95% 41.3M 0s
 15000K .......... .......... .......... .......... .......... 96% 21.0M 0s
 15050K .......... .......... .......... .......... .......... 96% 44.6M 0s
 15100K .......... .......... .......... .......... .......... 96% 44.9M 0s
 15150K .......... .......... .......... .......... .......... 97% 30.1M 0s
 15200K .......... .......... .......... .......... .......... 97% 20.4M 0s
 15250K .......... .......... .......... .......... .......... 97% 21.9M 0s
 15300K .......... .......... .......... .......... .......... 98% 22.4M 0s
 15350K .......... .......... .......... .......... .......... 98% 20.3M 0s
 15400K .......... .......... .......... .......... .......... 98% 22.8M 0s
 15450K .......... .......... .......... .......... .......... 99% 27.5M 0s
 15500K .......... .......... .......... .......... .......... 99% 46.9M 0s
 15550K .......... .......... .......... .......... .......... 99% 16.7M 0s
 15600K .......... .......... .....                           100% 70.8M=0.8s

2024-11-25 21:21:42 (19.2 MB/s) - ‘/home/ajdj/Workspaces/turtlebot3_ws/turtlebot3_modulo2/build/multirobot_map_merge/2011-08-09-12-22-52.pgm’ saved [16000058/16000058]

Checking MD5 sum of /home/ajdj/Workspaces/turtlebot3_ws/turtlebot3_modulo2/build/multirobot_map_merge/2011-08-09-12-22-52.pgm
/home/ajdj/Workspaces/turtlebot3_ws/turtlebot3_modulo2/build/multirobot_map_merge/2011-08-09-12-22-52.pgm: OK
--2024-11-25 21:21:42--  https://raw.githubusercontent.com/hrnr/m-explore-extra/master/map_merge/gmapping_maps/2012-01-28-11-12-01.pgm
Resolving raw.githubusercontent.com (raw.githubusercontent.com)... 185.199.110.133, 185.199.109.133, 185.199.111.133, ...
Connecting to raw.githubusercontent.com (raw.githubusercontent.com)|185.199.110.133|:443... connected.
HTTP request sent, awaiting response... 200 OK
Length: 16000058 (15M) [application/octet-stream]
Saving to: ‘/home/ajdj/Workspaces/turtlebot3_ws/turtlebot3_modulo2/build/multirobot_map_merge/2012-01-28-11-12-01.pgm’

     0K .......... .......... .......... .......... ..........  0% 1.15M 13s
    50K .......... .......... .......... .......... ..........  0% 1.44M 12s
   100K .......... .......... .......... .......... ..........  0% 5.50M 9s
   150K .......... .......... .......... .......... ..........  1% 5.27M 7s
   200K .......... .......... .......... .......... ..........  1% 2.48M 7s
   250K .......... .......... .......... .......... ..........  1% 6.43M 6s
   300K .......... .......... .......... .......... ..........  2% 15.8M 5s
   350K .......... .......... .......... .......... ..........  2% 11.5M 5s
   400K .......... .......... .......... .......... ..........  2% 10.0M 5s
   450K .......... .......... .......... .......... ..........  3% 16.0M 4s
   500K .......... .......... .......... .......... ..........  3% 3.00M 4s
   550K .......... .......... .......... .......... ..........  3% 21.5M 4s
   600K .......... .......... .......... .......... ..........  4% 11.3M 4s
   650K .......... .......... .......... .......... ..........  4% 13.9M 3s
   700K .......... .......... .......... .......... ..........  4% 44.8M 3s
   750K .......... .......... .......... .......... ..........  5% 22.1M 3s
   800K .......... .......... .......... .......... ..........  5% 17.6M 3s
   850K .......... .......... .......... .......... ..........  5% 43.2M 3s
   900K .......... .......... .......... .......... ..........  6% 25.2M 3s
   950K .......... .......... .......... .......... ..........  6% 20.7M 3s
  1000K .......... .......... .......... .......... ..........  6% 24.7M 2s
  1050K .......... .......... .......... .......... ..........  7% 3.20M 3s
  1100K .......... .......... .......... .......... ..........  7% 34.8M 2s
  1150K .......... .......... .......... .......... ..........  7% 16.0M 2s
  1200K .......... .......... .......... .......... ..........  7% 61.4M 2s
  1250K .......... .......... .......... .......... ..........  8% 48.1M 2s
  1300K .......... .......... .......... .......... ..........  8% 20.6M 2s
  1350K .......... .......... .......... .......... ..........  8% 43.0M 2s
  1400K .......... .......... .......... .......... ..........  9% 33.4M 2s
  1450K .......... .......... .......... .......... ..........  9% 27.6M 2s
  1500K .......... .......... .......... .......... ..........  9% 50.5M 2s
  1550K .......... .......... .......... .......... .......... 10% 27.1M 2s
  1600K .......... .......... .......... .......... .......... 10% 14.9M 2s
  1650K .......... .......... .......... .......... .......... 10%  243M 2s
  1700K .......... .......... .......... .......... .......... 11% 52.4M 2s
  1750K .......... .......... .......... .......... .......... 11% 47.2M 2s
  1800K .......... .......... .......... .......... .......... 11% 34.8M 2s
  1850K .......... .......... .......... .......... .......... 12% 26.5M 2s
  1900K .......... .......... .......... .......... .......... 12% 23.2M 2s
  1950K .......... .......... .......... .......... .......... 12% 16.5M 2s
  2000K .......... .......... .......... .......... .......... 13% 49.0M 1s
  2050K .......... .......... .......... .......... .......... 13% 45.3M 1s
  2100K .......... .......... .......... .......... .......... 13% 48.0M 1s
  2150K .......... .......... .......... .......... .......... 14% 1.46M 2s
  2200K .......... .......... .......... .......... .......... 14% 32.8M 2s
  2250K .......... .......... .......... .......... .......... 14% 16.8M 2s
  2300K .......... .......... .......... .......... .......... 15% 11.4M 2s
  2350K .......... .......... .......... .......... .......... 15% 48.8M 1s
  2400K .......... .......... .......... .......... .......... 15% 39.7M 1s
  2450K .......... .......... .......... .......... .......... 15% 50.9M 1s
  2500K .......... .......... .......... .......... .......... 16% 11.9M 1s
  2550K .......... .......... .......... .......... .......... 16% 16.6M 1s
  2600K .......... .......... .......... .......... .......... 16% 36.5M 1s
  2650K .......... .......... .......... .......... .......... 17% 50.6M 1s
  2700K .......... .......... .......... .......... .......... 17% 48.5M 1s
  2750K .......... .......... .......... .......... .......... 17% 21.7M 1s
  2800K .......... .......... .......... .......... .......... 18% 49.1M 1s
  2850K .......... .......... .......... .......... .......... 18% 43.9M 1s
  2900K .......... .......... .......... .......... .......... 18% 22.4M 1s
  2950K .......... .......... .......... .......... .......... 19% 50.4M 1s
  3000K .......... .......... .......... .......... .......... 19% 34.1M 1s
  3050K .......... .......... .......... .......... .......... 19% 21.4M 1s
  3100K .......... .......... .......... .......... .......... 20% 50.0M 1s
  3150K .......... .......... .......... .......... .......... 20% 41.5M 1s
  3200K .......... .......... .......... .......... .......... 20% 27.9M 1s
  3250K .......... .......... .......... .......... .......... 21% 29.5M 1s
  3300K .......... .......... .......... .......... .......... 21% 40.9M 1s
  3350K .......... .......... .......... .......... .......... 21% 26.7M 1s
  3400K .......... .......... .......... .......... .......... 22% 34.2M 1s
  3450K .......... .......... .......... .......... .......... 22% 19.2M 1s
  3500K .......... .......... .......... .......... .......... 22% 12.1M 1s
  3550K .......... .......... .......... .......... .......... 23% 39.4M 1s
  3600K .......... .......... .......... .......... .......... 23% 42.7M 1s
  3650K .......... .......... .......... .......... .......... 23% 16.2M 1s
  3700K .......... .......... .......... .......... .......... 23% 46.1M 1s
  3750K .......... .......... .......... .......... .......... 24% 56.6M 1s
  3800K .......... .......... .......... .......... .......... 24% 11.9M 1s
  3850K .......... .......... .......... .......... .......... 24% 11.4M 1s
  3900K .......... .......... .......... .......... .......... 25%  177M 1s
  3950K .......... .......... .......... .......... .......... 25%  146M 1s
  4000K .......... .......... .......... .......... .......... 25% 18.7M 1s
  4050K .......... .......... .......... .......... .......... 26% 33.6M 1s
  4100K .......... .......... .......... .......... .......... 26% 22.8M 1s
  4150K .......... .......... .......... .......... .......... 26% 51.0M 1s
  4200K .......... .......... .......... .......... .......... 27% 35.1M 1s
  4250K .......... .......... .......... .......... .......... 27% 44.9M 1s
  4300K .......... .......... .......... .......... .......... 27% 18.3M 1s
  4350K .......... .......... .......... .......... .......... 28% 56.3M 1s
  4400K .......... .......... .......... .......... .......... 28% 41.7M 1s
  4450K .......... .......... .......... .......... .......... 28% 11.9M 1s
  4500K .......... .......... .......... .......... .......... 29%  166M 1s
  4550K .......... .......... .......... .......... .......... 29%  213M 1s
  4600K .......... .......... .......... .......... .......... 29% 43.6M 1s
  4650K .......... .......... .......... .......... .......... 30% 64.1M 1s
  4700K .......... .......... .......... .......... .......... 30% 32.3M 1s
  4750K .......... .......... .......... .......... .......... 30% 32.3M 1s
  4800K .......... .......... .......... .......... .......... 31% 18.2M 1s
  4850K .......... .......... .......... .......... .......... 31%  206M 1s
  4900K .......... .......... .......... .......... .......... 31% 39.5M 1s
  4950K .......... .......... .......... .......... .......... 31% 13.2M 1s
  5000K .......... .......... .......... .......... .......... 32% 10.2M 1s
  5050K .......... .......... .......... .......... .......... 32% 24.1M 1s
  5100K .......... .......... .......... .......... .......... 32%  273M 1s
  5150K .......... .......... .......... .......... .......... 33% 13.5M 1s
  5200K .......... .......... .......... .......... .......... 33% 23.3M 1s
  5250K .......... .......... .......... .......... .......... 33%  239M 1s
  5300K .......... .......... .......... .......... .......... 34% 14.2M 1s
  5350K .......... .......... .......... .......... .......... 34% 35.9M 1s
  5400K .......... .......... .......... .......... .......... 34% 17.0M 1s
  5450K .......... .......... .......... .......... .......... 35% 78.6M 1s
  5500K .......... .......... .......... .......... .......... 35% 44.6M 1s
  5550K .......... .......... .......... .......... .......... 35% 49.6M 1s
  5600K .......... .......... .......... .......... .......... 36% 27.2M 1s
  5650K .......... .......... .......... .......... .......... 36% 44.2M 1s
  5700K .......... .......... .......... .......... .......... 36% 15.0M 1s
  5750K .......... .......... .......... .......... .......... 37%  294M 1s
  5800K .......... .......... .......... .......... .......... 37% 15.5M 1s
  5850K .......... .......... .......... .......... .......... 37%  326M 1s
  5900K .......... .......... .......... .......... .......... 38%  364M 1s
  5950K .......... .......... .......... .......... .......... 38% 15.1M 1s
  6000K .......... .......... .......... .......... .......... 38% 40.5M 1s
  6050K .......... .......... .......... .......... .......... 39% 38.5M 1s
  6100K .......... .......... .......... .......... .......... 39% 36.7M 1s
  6150K .......... .......... .......... .......... .......... 39% 49.0M 1s
  6200K .......... .......... .......... .......... .......... 39% 13.6M 1s
  6250K .......... .......... .......... .......... .......... 40%  226M 1s
  6300K .......... .......... .......... .......... .......... 40%  338M 1s
  6350K .......... .......... .......... .......... .......... 40% 52.6M 1s
  6400K .......... .......... .......... .......... .......... 41% 44.0M 1s
  6450K .......... .......... .......... .......... .......... 41% 11.6M 1s
  6500K .......... .......... .......... .......... .......... 41% 55.6M 1s
  6550K .......... .......... .......... .......... .......... 42% 45.4M 1s
  6600K .......... .......... .......... .......... .......... 42% 80.8M 1s
  6650K .......... .......... .......... .......... .......... 42% 17.4M 1s
  6700K .......... .......... .......... .......... .......... 43%  215M 1s
  6750K .......... .......... .......... .......... .......... 43% 43.6M 1s
  6800K .......... .......... .......... .......... .......... 43% 15.2M 1s
  6850K .......... .......... .......... .......... .......... 44% 61.6M 1s
  6900K .......... .......... .......... .......... .......... 44% 21.6M 1s
  6950K .......... .......... .......... .......... .......... 44% 21.3M 1s
  7000K .......... .......... .......... .......... .......... 45% 31.9M 1s
  7050K .......... .......... .......... .......... .......... 45% 20.2M 1s
  7100K .......... .......... .......... .......... .......... 45% 17.4M 1s
  7150K .......... .......... .......... .......... .......... 46%  332M 1s
  7200K .......... .......... .......... .......... .......... 46% 50.9M 0s
  7250K .......... .......... .......... .......... .......... 46% 55.4M 0s
  7300K .......... .......... .......... .......... .......... 47% 43.2M 0s
  7350K .......... .......... .......... .......... .......... 47% 3.62M 0s
  7400K .......... .......... .......... .......... .......... 47%  256M 0s
  7450K .......... .......... .......... .......... .......... 47%  340M 0s
  7500K .......... .......... .......... .......... .......... 48% 11.9M 0s
  7550K .......... .......... .......... .......... .......... 48% 14.7M 0s
  7600K .......... .......... .......... .......... .......... 48% 68.7M 0s
  7650K .......... .......... .......... .......... .......... 49% 12.3M 0s
  7700K .......... .......... .......... .......... .......... 49%  273M 0s
  7750K .......... .......... .......... .......... .......... 49%  313M 0s
  7800K .......... .......... .......... .......... .......... 50% 12.1M 0s
  7850K .......... .......... .......... .......... .......... 50%  205M 0s
  7900K .......... .......... .......... .......... .......... 50%  340M 0s
  7950K .......... .......... .......... .......... .......... 51%  324M 0s
  8000K .......... .......... .......... .......... .......... 51%  306M 0s
  8050K .......... .......... .......... .......... .......... 51%  337M 0s
  8100K .......... .......... .......... .......... .......... 52%  308M 0s
  8150K .......... .......... .......... .......... .......... 52%  345M 0s
  8200K .......... .......... .......... .......... .......... 52%  269M 0s
  8250K .......... .......... .......... .......... .......... 53%  358M 0s
  8300K .......... .......... .......... .......... .......... 53%  307M 0s
  8350K .......... .......... .......... .......... .......... 53%  348M 0s
  8400K .......... .......... .......... .......... .......... 54% 19.6M 0s
  8450K .......... .......... .......... .......... .......... 54%  142M 0s
  8500K .......... .......... .......... .......... .......... 54% 78.8M 0s
  8550K .......... .......... .......... .......... .......... 55% 13.7M 0s
  8600K .......... .......... .......... .......... .......... 55% 31.3M 0s
  8650K .......... .......... .......... .......... .......... 55% 12.0M 0s
  8700K .......... .......... .......... .......... .......... 55%  147M 0s
  8750K .......... .......... .......... .......... .......... 56%  293M 0s
  8800K .......... .......... .......... .......... .......... 56% 7.14M 0s
  8850K .......... .......... .......... .......... .......... 56% 39.9M 0s
  8900K .......... .......... .......... .......... .......... 57%  145M 0s
  8950K .......... .......... .......... .......... .......... 57% 16.8M 0s
  9000K .......... .......... .......... .......... .......... 57%  113M 0s
  9050K .......... .......... .......... .......... .......... 58% 34.6M 0s
  9100K .......... .......... .......... .......... .......... 58% 19.1M 0s
  9150K .......... .......... .......... .......... .......... 58%  312M 0s
  9200K .......... .......... .......... .......... .......... 59% 27.5M 0s
  9250K .......... .......... .......... .......... .......... 59% 10.5M 0s
  9300K .......... .......... .......... .......... .......... 59% 16.8M 0s
  9350K .......... .......... .......... .......... .......... 60%  319M 0s
  9400K .......... .......... .......... .......... .......... 60%  154M 0s
  9450K .......... .......... .......... .......... .......... 60% 32.5M 0s
  9500K .......... .......... .......... .......... .......... 61% 18.1M 0s
  9550K .......... .......... .......... .......... .......... 61%  290M 0s
  9600K .......... .......... .......... .......... .......... 61% 40.8M 0s
  9650K .......... .......... .......... .......... .......... 62% 18.1M 0s
  9700K .......... .......... .......... .......... .......... 62% 47.9M 0s
  9750K .......... .......... .......... .......... .......... 62% 18.8M 0s
  9800K .......... .......... .......... .......... .......... 63% 15.5M 0s
  9850K .......... .......... .......... .......... .......... 63%  296M 0s
  9900K .......... .......... .......... .......... .......... 63%  306M 0s
  9950K .......... .......... .......... .......... .......... 63% 10.7M 0s
 10000K .......... .......... .......... .......... .......... 64% 44.7M 0s
 10050K .......... .......... .......... .......... .......... 64% 64.8M 0s
 10100K .......... .......... .......... .......... .......... 64%  329M 0s
 10150K .......... .......... .......... .......... .......... 65% 38.5M 0s
 10200K .......... .......... .......... .......... .......... 65% 19.7M 0s
 10250K .......... .......... .......... .......... .......... 65%  278M 0s
 10300K .......... .......... .......... .......... .......... 66% 7.18M 0s
 10350K .......... .......... .......... .......... .......... 66%  281M 0s
 10400K .......... .......... .......... .......... .......... 66%  289M 0s
 10450K .......... .......... .......... .......... .......... 67%  319M 0s
 10500K .......... .......... .......... .......... .......... 67%  350M 0s
 10550K .......... .......... .......... .......... .......... 67% 8.55M 0s
 10600K .......... .......... .......... .......... .......... 68%  232M 0s
 10650K .......... .......... .......... .......... .......... 68%  277M 0s
 10700K .......... .......... .......... .......... .......... 68%  321M 0s
 10750K .......... .......... .......... .......... .......... 69% 61.9M 0s
 10800K .......... .......... .......... .......... .......... 69% 17.2M 0s
 10850K .......... .......... .......... .......... .......... 69%  329M 0s
 10900K .......... .......... .......... .......... .......... 70% 8.15M 0s
 10950K .......... .......... .......... .......... .......... 70%  278M 0s
 11000K .......... .......... .......... .......... .......... 70%  284M 0s
 11050K .......... .......... .......... .......... .......... 71%  324M 0s
 11100K .......... .......... .......... .......... .......... 71%  310M 0s
 11150K .......... .......... .......... .......... .......... 71% 40.4M 0s
 11200K .......... .......... .......... .......... .......... 71% 7.48M 0s
 11250K .......... .......... .......... .......... .......... 72% 11.8M 0s
 11300K .......... .......... .......... .......... .......... 72%  141M 0s
 11350K .......... .......... .......... .......... .......... 72%  177M 0s
 11400K .......... .......... .......... .......... .......... 73% 33.5M 0s
 11450K .......... .......... .......... .......... .......... 73% 33.1M 0s
 11500K .......... .......... .......... .......... .......... 73% 20.5M 0s
 11550K .......... .......... .......... .......... .......... 74% 70.6M 0s
 11600K .......... .......... .......... .......... .......... 74% 40.6M 0s
 11650K .......... .......... .......... .......... .......... 74% 46.2M 0s
 11700K .......... .......... .......... .......... .......... 75% 46.1M 0s
 11750K .......... .......... .......... .......... .......... 75% 97.3M 0s
 11800K .......... .......... .......... .......... .......... 75% 9.00M 0s
 11850K .......... .......... .......... .......... .......... 76%  240M 0s
 11900K .......... .......... .......... .......... .......... 76%  336M 0s
 11950K .......... .......... .......... .......... .......... 76% 44.1M 0s
 12000K .......... .......... .......... .......... .......... 77% 10.4M 0s
 12050K .......... .......... .......... .......... .......... 77% 15.9M 0s
 12100K .......... .......... .......... .......... .......... 77%  109M 0s
 12150K .......... .......... .......... .......... .......... 78%  189M 0s
 12200K .......... .......... .......... .......... .......... 78%  151M 0s
 12250K .......... .......... .......... .......... .......... 78%  209M 0s
 12300K .......... .......... .......... .......... .......... 79%  268M 0s
 12350K .......... .......... .......... .......... .......... 79% 50.5M 0s
 12400K .......... .......... .......... .......... .......... 79% 49.6M 0s
 12450K .......... .......... .......... .......... .......... 79% 45.9M 0s
 12500K .......... .......... .......... .......... .......... 80% 26.7M 0s
 12550K .......... .......... .......... .......... .......... 80% 77.9M 0s
 12600K .......... .......... .......... .......... .......... 80% 12.9M 0s
 12650K .......... .......... .......... .......... .......... 81%  205M 0s
 12700K .......... .......... .......... .......... .......... 81% 51.6M 0s
 12750K .......... .......... .......... .......... .......... 81% 45.1M 0s
 12800K .......... .......... .......... .......... .......... 82% 48.7M 0s
 12850K .......... .......... .......... .......... .......... 82% 9.68M 0s
 12900K .......... .......... .......... .......... .......... 82%  255M 0s
 12950K .......... .......... .......... .......... .......... 83% 13.5M 0s
 13000K .......... .......... .......... .......... .......... 83% 44.6M 0s
 13050K .......... .......... .......... .......... .......... 83% 63.0M 0s
 13100K .......... .......... .......... .......... .......... 84%  121M 0s
 13150K .......... .......... .......... .......... .......... 84% 10.5M 0s
 13200K .......... .......... .......... .......... .......... 84%  116M 0s
 13250K .......... .......... .......... .......... .......... 85% 21.4M 0s
 13300K .......... .......... .......... .......... .......... 85%  254M 0s
 13350K .......... .......... .......... .......... .......... 85%  160M 0s
 13400K .......... .......... .......... .......... .......... 86% 38.2M 0s
 13450K .......... .......... .......... .......... .......... 86% 45.7M 0s
 13500K .......... .......... .......... .......... .......... 86% 21.6M 0s
 13550K .......... .......... .......... .......... .......... 87% 52.2M 0s
 13600K .......... .......... .......... .......... .......... 87% 14.3M 0s
 13650K .......... .......... .......... .......... .......... 87%  184M 0s
 13700K .......... .......... .......... .......... .......... 87% 31.7M 0s
 13750K .......... .......... .......... .......... .......... 88%  251M 0s
 13800K .......... .......... .......... .......... .......... 88% 45.8M 0s
 13850K .......... .......... .......... .......... .......... 88% 18.0M 0s
 13900K .......... .......... .......... .......... .......... 89% 23.4M 0s
 13950K .......... .......... .......... .......... .......... 89%  300M 0s
 14000K .......... .......... .......... .......... .......... 89% 57.4M 0s
 14050K .......... .......... .......... .......... .......... 90% 13.6M 0s
 14100K .......... .......... .......... .......... .......... 90% 41.5M 0s
 14150K .......... .......... .......... .......... .......... 90%  204M 0s
 14200K .......... .......... .......... .......... .......... 91% 28.5M 0s
 14250K .......... .......... .......... .......... .......... 91% 98.1M 0s
 14300K .......... .......... .......... .......... .......... 91% 44.5M 0s
 14350K .......... .......... .......... .......... .......... 92% 50.9M 0s
 14400K .......... .......... .......... .......... .......... 92% 27.3M 0s
 14450K .......... .......... .......... .......... .......... 92% 49.0M 0s
 14500K .......... .......... .......... .......... .......... 93% 16.5M 0s
 14550K .......... .......... .......... .......... .......... 93%  256M 0s
 14600K .......... .......... .......... .......... .......... 93% 43.4M 0s
 14650K .......... .......... .......... .......... .......... 94% 26.5M 0s
 14700K .......... .......... .......... .......... .......... 94% 41.2M 0s
 14750K .......... .......... .......... .......... .......... 94% 47.5M 0s
 14800K .......... .......... .......... .......... .......... 95% 13.1M 0s
 14850K .......... .......... .......... .......... .......... 95% 18.3M 0s
 14900K .......... .......... .......... .......... .......... 95% 30.8M 0s
 14950K .......... .......... .......... .......... .......... 95% 49.4M 0s
 15000K .......... .......... .......... .......... .......... 96% 16.0M 0s
 15050K .......... .......... .......... .......... .......... 96%  210M 0s
 15100K .......... .......... .......... .......... .......... 96% 57.1M 0s
 15150K .......... .......... .......... .......... .......... 97% 28.3M 0s
 15200K .......... .......... .......... .......... .......... 97% 37.4M 0s
 15250K .......... .......... .......... .......... .......... 97% 60.1M 0s
 15300K .......... .......... .......... .......... .......... 98% 45.3M 0s
 15350K .......... .......... .......... .......... .......... 98% 36.5M 0s
 15400K .......... .......... .......... .......... .......... 98% 29.8M 0s
 15450K .......... .......... .......... .......... .......... 99% 45.8M 0s
 15500K .......... .......... .......... .......... .......... 99% 48.7M 0s
 15550K .......... .......... .......... .......... .......... 99% 14.2M 0s
 15600K .......... .......... .....                           100%  160M=0.7s

2024-11-25 21:21:44 (22.2 MB/s) - ‘/home/ajdj/Workspaces/turtlebot3_ws/turtlebot3_modulo2/build/multirobot_map_merge/2012-01-28-11-12-01.pgm’ saved [16000058/16000058]

Checking MD5 sum of /home/ajdj/Workspaces/turtlebot3_ws/turtlebot3_modulo2/build/multirobot_map_merge/2012-01-28-11-12-01.pgm
/home/ajdj/Workspaces/turtlebot3_ws/turtlebot3_modulo2/build/multirobot_map_merge/2012-01-28-11-12-01.pgm: OK
-- Found gtest sources under '/opt/ros/humble/src/gtest_vendor': C++ tests using 'Google Test' will be built
-- Added test 'cppcheck' to perform static code analysis on C / C++ code
-- Configured cppcheck include dirs: /home/ajdj/Workspaces/turtlebot3_ws/turtlebot3_modulo2/src/map_merge/include;$<BUILD_INTERFACE:/home/ajdj/Workspaces/turtlebot3_ws/turtlebot3_modulo2/src/map_merge/include>
-- Configured cppcheck exclude dirs and/or files: 
-- Added test 'flake8' to check Python code syntax and style conventions
-- Added test 'lint_cmake' to check CMake code style
-- Added test 'pep257' to check Python code against some of the docstring style conventions in PEP 257
-- Added test 'uncrustify' to check C / C++ code style
-- Configured uncrustify additional arguments: 
-- Added test 'xmllint' to check XML markup files
-- Configuring done
-- Generating done
-- Build files have been written to: /home/ajdj/Workspaces/turtlebot3_ws/turtlebot3_modulo2/build/multirobot_map_merge
[  8%] [32mBuilding CXX object CMakeFiles/combine_grids.dir/src/combine_grids/grid_compositor.cpp.o[0m
[ 16%] [32mBuilding CXX object CMakeFiles/combine_grids.dir/src/combine_grids/grid_warper.cpp.o[0m
[ 25%] [32mBuilding CXX object CMakeFiles/combine_grids.dir/src/combine_grids/merging_pipeline.cpp.o[0m
[ 33%] [32m[1mLinking CXX static library libcombine_grids.a[0m
[ 33%] Built target combine_grids
[ 41%] [32mBuilding CXX object gtest/CMakeFiles/gtest.dir/src/gtest-all.cc.o[0m
[ 50%] [32m[1mLinking CXX static library libgtest.a[0m
[ 50%] Built target gtest
[ 58%] [32mBuilding CXX object CMakeFiles/map_merge.dir/src/map_merge.cpp.o[0m
In file included from [01m[K/home/ajdj/Workspaces/turtlebot3_ws/turtlebot3_modulo2/src/map_merge/src/map_merge.cpp:44[m[K:
[01m[K/opt/ros/humble/include/tf2_geometry_msgs/tf2_geometry_msgs/tf2_geometry_msgs.h:35:2:[m[K [01;35m[Kwarning: [m[K#warning This header is obsolete, please include tf2_geometry_msgs/tf2_geometry_msgs.hpp instead [[01;35m[K]8;;https://gcc.gnu.org/onlinedocs/gcc/Warning-Options.html#index-Wcpp-Wcpp]8;;[m[K]
   35 | #[01;35m[Kwarning[m[K This header is obsolete, please include tf2_geometry_msgs/tf2_geometry_msgs.hpp instead
      |  [01;35m[K^~~~~~~[m[K
[ 66%] [32m[1mLinking CXX executable map_merge[0m
[ 66%] Built target map_merge
[ 75%] [32mBuilding CXX object gtest/CMakeFiles/gtest_main.dir/src/gtest_main.cc.o[0m
[ 83%] [32m[1mLinking CXX static library libgtest_main.a[0m
[ 83%] Built target gtest_main
[ 91%] [32mBuilding CXX object CMakeFiles/test_merging_pipeline.dir/test/test_merging_pipeline.cpp.o[0m
In file included from [01m[K/home/ajdj/Workspaces/turtlebot3_ws/turtlebot3_modulo2/src/map_merge/test/testing_helpers.h:7[m[K,
                 from [01m[K/home/ajdj/Workspaces/turtlebot3_ws/turtlebot3_modulo2/src/map_merge/test/test_merging_pipeline.cpp:42[m[K:
[01m[K/opt/ros/humble/include/tf2_geometry_msgs/tf2_geometry_msgs/tf2_geometry_msgs.h:35:2:[m[K [01;35m[Kwarning: [m[K#warning This header is obsolete, please include tf2_geometry_msgs/tf2_geometry_msgs.hpp instead [[01;35m[K]8;;https://gcc.gnu.org/onlinedocs/gcc/Warning-Options.html#index-Wcpp-Wcpp]8;;[m[K]
   35 | #[01;35m[Kwarning[m[K This header is obsolete, please include tf2_geometry_msgs/tf2_geometry_msgs.hpp instead
      |  [01;35m[K^~~~~~~[m[K
[100%] [32m[1mLinking CXX executable test_merging_pipeline[0m
[100%] Built target test_merging_pipeline
