[1.837s] Invoking command in '/home/ajdj/Workspaces/turtlebot3_ws/turtlebot3_modulo2/src/turtlebot3_poi_navigation': PYTHONPATH=/home/ajdj/Workspaces/turtlebot3_ws/turtlebot3_modulo2/build/turtlebot3_poi_navigation/prefix_override:/usr/lib/python3/dist-packages/colcon_core/task/python/colcon_distutils_commands:/home/ajdj/Workspaces/turtlebot3_ws/turtlebot3_modulo2/install/turtlebot3_poi_navigation/lib/python3.10/site-packages:${PYTHONPATH} /usr/bin/python3 -W ignore:setup.py install is deprecated setup.py egg_info --egg-base ../../build/turtlebot3_poi_navigation build --build-base /home/ajdj/Workspaces/turtlebot3_ws/turtlebot3_modulo2/build/turtlebot3_poi_navigation/build install --record /home/ajdj/Workspaces/turtlebot3_ws/turtlebot3_modulo2/build/turtlebot3_poi_navigation/install.log --single-version-externally-managed install_data
[2.345s] running egg_info
[2.350s] writing ../../build/turtlebot3_poi_navigation/turtlebot3_poi_navigation.egg-info/PKG-INFO
[2.350s] writing dependency_links to ../../build/turtlebot3_poi_navigation/turtlebot3_poi_navigation.egg-info/dependency_links.txt
[2.351s] writing entry points to ../../build/turtlebot3_poi_navigation/turtlebot3_poi_navigation.egg-info/entry_points.txt
[2.351s] writing requirements to ../../build/turtlebot3_poi_navigation/turtlebot3_poi_navigation.egg-info/requires.txt
[2.351s] writing top-level names to ../../build/turtlebot3_poi_navigation/turtlebot3_poi_navigation.egg-info/top_level.txt
[2.357s] reading manifest file '../../build/turtlebot3_poi_navigation/turtlebot3_poi_navigation.egg-info/SOURCES.txt'
[2.360s] writing manifest file '../../build/turtlebot3_poi_navigation/turtlebot3_poi_navigation.egg-info/SOURCES.txt'
[2.360s] running build
[2.360s] running build_py
[2.361s] running install
[2.362s] running install_lib
[2.370s] running install_data
[2.370s] running install_egg_info
[2.375s] removing '/home/ajdj/Workspaces/turtlebot3_ws/turtlebot3_modulo2/install/turtlebot3_poi_navigation/lib/python3.10/site-packages/turtlebot3_poi_navigation-0.0.0-py3.10.egg-info' (and everything under it)
[2.377s] Copying ../../build/turtlebot3_poi_navigation/turtlebot3_poi_navigation.egg-info to /home/ajdj/Workspaces/turtlebot3_ws/turtlebot3_modulo2/install/turtlebot3_poi_navigation/lib/python3.10/site-packages/turtlebot3_poi_navigation-0.0.0-py3.10.egg-info
[2.378s] running install_scripts
[2.433s] Installing poi_manager script to /home/ajdj/Workspaces/turtlebot3_ws/turtlebot3_modulo2/install/turtlebot3_poi_navigation/lib/turtlebot3_poi_navigation
[2.436s] writing list of installed files to '/home/ajdj/Workspaces/turtlebot3_ws/turtlebot3_modulo2/build/turtlebot3_poi_navigation/install.log'
[2.507s] Invoked command in '/home/ajdj/Workspaces/turtlebot3_ws/turtlebot3_modulo2/src/turtlebot3_poi_navigation' returned '0': PYTHONPATH=/home/ajdj/Workspaces/turtlebot3_ws/turtlebot3_modulo2/build/turtlebot3_poi_navigation/prefix_override:/usr/lib/python3/dist-packages/colcon_core/task/python/colcon_distutils_commands:/home/ajdj/Workspaces/turtlebot3_ws/turtlebot3_modulo2/install/turtlebot3_poi_navigation/lib/python3.10/site-packages:${PYTHONPATH} /usr/bin/python3 -W ignore:setup.py install is deprecated setup.py egg_info --egg-base ../../build/turtlebot3_poi_navigation build --build-base /home/ajdj/Workspaces/turtlebot3_ws/turtlebot3_modulo2/build/turtlebot3_poi_navigation/build install --record /home/ajdj/Workspaces/turtlebot3_ws/turtlebot3_modulo2/build/turtlebot3_poi_navigation/install.log --single-version-externally-managed install_data
