[1.836s] Invoking command in '/home/ajdj/Workspaces/turtlebot3_ws/turtlebot3_modulo2/src/joint_state_publisher_custom': PYTHONPATH=/home/ajdj/Workspaces/turtlebot3_ws/turtlebot3_modulo2/build/joint_state_publisher_custom/prefix_override:/usr/lib/python3/dist-packages/colcon_core/task/python/colcon_distutils_commands:/home/ajdj/Workspaces/turtlebot3_ws/turtlebot3_modulo2/install/joint_state_publisher_custom/lib/python3.10/site-packages:${PYTHONPATH} /usr/bin/python3 -W ignore:setup.py install is deprecated setup.py egg_info --egg-base ../../build/joint_state_publisher_custom build --build-base /home/ajdj/Workspaces/turtlebot3_ws/turtlebot3_modulo2/build/joint_state_publisher_custom/build install --record /home/ajdj/Workspaces/turtlebot3_ws/turtlebot3_modulo2/build/joint_state_publisher_custom/install.log --single-version-externally-managed
[2.275s] running egg_info
[2.276s] writing ../../build/joint_state_publisher_custom/joint_state_publisher_custom.egg-info/PKG-INFO
[2.277s] writing dependency_links to ../../build/joint_state_publisher_custom/joint_state_publisher_custom.egg-info/dependency_links.txt
[2.278s] writing entry points to ../../build/joint_state_publisher_custom/joint_state_publisher_custom.egg-info/entry_points.txt
[2.279s] writing requirements to ../../build/joint_state_publisher_custom/joint_state_publisher_custom.egg-info/requires.txt
[2.279s] writing top-level names to ../../build/joint_state_publisher_custom/joint_state_publisher_custom.egg-info/top_level.txt
[2.285s] reading manifest file '../../build/joint_state_publisher_custom/joint_state_publisher_custom.egg-info/SOURCES.txt'
[2.286s] writing manifest file '../../build/joint_state_publisher_custom/joint_state_publisher_custom.egg-info/SOURCES.txt'
[2.286s] running build
[2.288s] running build_py
[2.288s] running install
[2.289s] running install_lib
[2.300s] running install_egg_info
[2.307s] removing '/home/ajdj/Workspaces/turtlebot3_ws/turtlebot3_modulo2/install/joint_state_publisher_custom/lib/python3.10/site-packages/joint_state_publisher_custom-0.0.0-py3.10.egg-info' (and everything under it)
[2.311s] Copying ../../build/joint_state_publisher_custom/joint_state_publisher_custom.egg-info to /home/ajdj/Workspaces/turtlebot3_ws/turtlebot3_modulo2/install/joint_state_publisher_custom/lib/python3.10/site-packages/joint_state_publisher_custom-0.0.0-py3.10.egg-info
[2.311s] running install_scripts
[2.351s] Installing joint_state_publisher script to /home/ajdj/Workspaces/turtlebot3_ws/turtlebot3_modulo2/install/joint_state_publisher_custom/lib/joint_state_publisher_custom
[2.351s] writing list of installed files to '/home/ajdj/Workspaces/turtlebot3_ws/turtlebot3_modulo2/build/joint_state_publisher_custom/install.log'
[2.774s] Invoked command in '/home/ajdj/Workspaces/turtlebot3_ws/turtlebot3_modulo2/src/joint_state_publisher_custom' returned '0': PYTHONPATH=/home/ajdj/Workspaces/turtlebot3_ws/turtlebot3_modulo2/build/joint_state_publisher_custom/prefix_override:/usr/lib/python3/dist-packages/colcon_core/task/python/colcon_distutils_commands:/home/ajdj/Workspaces/turtlebot3_ws/turtlebot3_modulo2/install/joint_state_publisher_custom/lib/python3.10/site-packages:${PYTHONPATH} /usr/bin/python3 -W ignore:setup.py install is deprecated setup.py egg_info --egg-base ../../build/joint_state_publisher_custom build --build-base /home/ajdj/Workspaces/turtlebot3_ws/turtlebot3_modulo2/build/joint_state_publisher_custom/build install --record /home/ajdj/Workspaces/turtlebot3_ws/turtlebot3_modulo2/build/joint_state_publisher_custom/install.log --single-version-externally-managed
