[2.178s] Invoking command in '/home/ajdj/Workspaces/turtlebot3_ws/turtlebot3_modulo2/src/motor_position_controller': PYTHONPATH=/home/ajdj/Workspaces/turtlebot3_ws/turtlebot3_modulo2/build/motor_position_controller/prefix_override:/usr/lib/python3/dist-packages/colcon_core/task/python/colcon_distutils_commands:/home/ajdj/Workspaces/turtlebot3_ws/turtlebot3_modulo2/install/motor_position_controller/lib/python3.10/site-packages:${PYTHONPATH} /usr/bin/python3 -W ignore:setup.py install is deprecated setup.py egg_info --egg-base ../../build/motor_position_controller build --build-base /home/ajdj/Workspaces/turtlebot3_ws/turtlebot3_modulo2/build/motor_position_controller/build install --record /home/ajdj/Workspaces/turtlebot3_ws/turtlebot3_modulo2/build/motor_position_controller/install.log --single-version-externally-managed install_data
[2.961s] running egg_info
[2.962s] writing ../../build/motor_position_controller/motor_position_controller.egg-info/PKG-INFO
[2.968s] writing dependency_links to ../../build/motor_position_controller/motor_position_controller.egg-info/dependency_links.txt
[2.969s] writing entry points to ../../build/motor_position_controller/motor_position_controller.egg-info/entry_points.txt
[2.969s] writing requirements to ../../build/motor_position_controller/motor_position_controller.egg-info/requires.txt
[2.969s] writing top-level names to ../../build/motor_position_controller/motor_position_controller.egg-info/top_level.txt
[2.972s] reading manifest file '../../build/motor_position_controller/motor_position_controller.egg-info/SOURCES.txt'
[2.973s] writing manifest file '../../build/motor_position_controller/motor_position_controller.egg-info/SOURCES.txt'
[2.973s] running build
[2.973s] running build_py
[2.975s] running install
[2.978s] running install_lib
[2.985s] running install_data
[2.985s] running install_egg_info
[2.989s] removing '/home/ajdj/Workspaces/turtlebot3_ws/turtlebot3_modulo2/install/motor_position_controller/lib/python3.10/site-packages/motor_position_controller-0.0.0-py3.10.egg-info' (and everything under it)
[2.991s] Copying ../../build/motor_position_controller/motor_position_controller.egg-info to /home/ajdj/Workspaces/turtlebot3_ws/turtlebot3_modulo2/install/motor_position_controller/lib/python3.10/site-packages/motor_position_controller-0.0.0-py3.10.egg-info
[2.992s] running install_scripts
[3.060s] Installing motor_position_controller script to /home/ajdj/Workspaces/turtlebot3_ws/turtlebot3_modulo2/install/motor_position_controller/lib/motor_position_controller
[3.060s] writing list of installed files to '/home/ajdj/Workspaces/turtlebot3_ws/turtlebot3_modulo2/build/motor_position_controller/install.log'
[3.162s] Invoked command in '/home/ajdj/Workspaces/turtlebot3_ws/turtlebot3_modulo2/src/motor_position_controller' returned '0': PYTHONPATH=/home/ajdj/Workspaces/turtlebot3_ws/turtlebot3_modulo2/build/motor_position_controller/prefix_override:/usr/lib/python3/dist-packages/colcon_core/task/python/colcon_distutils_commands:/home/ajdj/Workspaces/turtlebot3_ws/turtlebot3_modulo2/install/motor_position_controller/lib/python3.10/site-packages:${PYTHONPATH} /usr/bin/python3 -W ignore:setup.py install is deprecated setup.py egg_info --egg-base ../../build/motor_position_controller build --build-base /home/ajdj/Workspaces/turtlebot3_ws/turtlebot3_modulo2/build/motor_position_controller/build install --record /home/ajdj/Workspaces/turtlebot3_ws/turtlebot3_modulo2/build/motor_position_controller/install.log --single-version-externally-managed install_data
