[3.244s] Invoking command in '/home/ajdj/Workspaces/turtlebot3_ws/turtlebot3_modulo2/src/joint_state_publisher_custom': PYTHONPATH=/home/ajdj/Workspaces/turtlebot3_ws/turtlebot3_modulo2/build/joint_state_publisher_custom/prefix_override:/usr/lib/python3/dist-packages/colcon_core/task/python/colcon_distutils_commands:/home/ajdj/Workspaces/turtlebot3_ws/turtlebot3_modulo2/install/joint_state_publisher_custom/lib/python3.10/site-packages:${PYTHONPATH} /usr/bin/python3 -W ignore:setup.py install is deprecated setup.py egg_info --egg-base ../../build/joint_state_publisher_custom build --build-base /home/ajdj/Workspaces/turtlebot3_ws/turtlebot3_modulo2/build/joint_state_publisher_custom/build install --record /home/ajdj/Workspaces/turtlebot3_ws/turtlebot3_modulo2/build/joint_state_publisher_custom/install.log --single-version-externally-managed
[4.023s] running egg_info
[4.027s] writing ../../build/joint_state_publisher_custom/joint_state_publisher_custom.egg-info/PKG-INFO
[4.028s] writing dependency_links to ../../build/joint_state_publisher_custom/joint_state_publisher_custom.egg-info/dependency_links.txt
[4.029s] writing entry points to ../../build/joint_state_publisher_custom/joint_state_publisher_custom.egg-info/entry_points.txt
[4.031s] writing requirements to ../../build/joint_state_publisher_custom/joint_state_publisher_custom.egg-info/requires.txt
[4.037s] writing top-level names to ../../build/joint_state_publisher_custom/joint_state_publisher_custom.egg-info/top_level.txt
[4.044s] reading manifest file '../../build/joint_state_publisher_custom/joint_state_publisher_custom.egg-info/SOURCES.txt'
[4.051s] writing manifest file '../../build/joint_state_publisher_custom/joint_state_publisher_custom.egg-info/SOURCES.txt'
[4.052s] running build
[4.052s] running build_py
[4.053s] running install
[4.054s] running install_lib
[4.060s] running install_egg_info
[4.067s] removing '/home/ajdj/Workspaces/turtlebot3_ws/turtlebot3_modulo2/install/joint_state_publisher_custom/lib/python3.10/site-packages/joint_state_publisher_custom-0.0.0-py3.10.egg-info' (and everything under it)
[4.077s] Copying ../../build/joint_state_publisher_custom/joint_state_publisher_custom.egg-info to /home/ajdj/Workspaces/turtlebot3_ws/turtlebot3_modulo2/install/joint_state_publisher_custom/lib/python3.10/site-packages/joint_state_publisher_custom-0.0.0-py3.10.egg-info
[4.078s] running install_scripts
[4.169s] Installing joint_state_publisher script to /home/ajdj/Workspaces/turtlebot3_ws/turtlebot3_modulo2/install/joint_state_publisher_custom/lib/joint_state_publisher_custom
[4.170s] writing list of installed files to '/home/ajdj/Workspaces/turtlebot3_ws/turtlebot3_modulo2/build/joint_state_publisher_custom/install.log'
[4.364s] Invoked command in '/home/ajdj/Workspaces/turtlebot3_ws/turtlebot3_modulo2/src/joint_state_publisher_custom' returned '0': PYTHONPATH=/home/ajdj/Workspaces/turtlebot3_ws/turtlebot3_modulo2/build/joint_state_publisher_custom/prefix_override:/usr/lib/python3/dist-packages/colcon_core/task/python/colcon_distutils_commands:/home/ajdj/Workspaces/turtlebot3_ws/turtlebot3_modulo2/install/joint_state_publisher_custom/lib/python3.10/site-packages:${PYTHONPATH} /usr/bin/python3 -W ignore:setup.py install is deprecated setup.py egg_info --egg-base ../../build/joint_state_publisher_custom build --build-base /home/ajdj/Workspaces/turtlebot3_ws/turtlebot3_modulo2/build/joint_state_publisher_custom/build install --record /home/ajdj/Workspaces/turtlebot3_ws/turtlebot3_modulo2/build/joint_state_publisher_custom/install.log --single-version-externally-managed
