[3.624s] Invoking command in '/home/ajdj/Workspaces/turtlebot3_ws/turtlebot3_modulo2/src/camara': PYTHONPATH=/home/ajdj/Workspaces/turtlebot3_ws/turtlebot3_modulo2/build/camara/prefix_override:/usr/lib/python3/dist-packages/colcon_core/task/python/colcon_distutils_commands:/home/ajdj/Workspaces/turtlebot3_ws/turtlebot3_modulo2/install/camara/lib/python3.10/site-packages:${PYTHONPATH} /usr/bin/python3 -W ignore:setup.py install is deprecated setup.py egg_info --egg-base ../../build/camara build --build-base /home/ajdj/Workspaces/turtlebot3_ws/turtlebot3_modulo2/build/camara/build install --record /home/ajdj/Workspaces/turtlebot3_ws/turtlebot3_modulo2/build/camara/install.log --single-version-externally-managed install_data
[4.143s] running egg_info
[4.148s] writing ../../build/camara/camara.egg-info/PKG-INFO
[4.149s] writing dependency_links to ../../build/camara/camara.egg-info/dependency_links.txt
[4.149s] writing entry points to ../../build/camara/camara.egg-info/entry_points.txt
[4.149s] writing requirements to ../../build/camara/camara.egg-info/requires.txt
[4.149s] writing top-level names to ../../build/camara/camara.egg-info/top_level.txt
[4.151s] reading manifest file '../../build/camara/camara.egg-info/SOURCES.txt'
[4.154s] writing manifest file '../../build/camara/camara.egg-info/SOURCES.txt'
[4.154s] running build
[4.155s] running build_py
[4.155s] running install
[4.156s] running install_lib
[4.158s] running install_data
[4.159s] running install_egg_info
[4.166s] removing '/home/ajdj/Workspaces/turtlebot3_ws/turtlebot3_modulo2/install/camara/lib/python3.10/site-packages/camara-0.0.0-py3.10.egg-info' (and everything under it)
[4.167s] Copying ../../build/camara/camara.egg-info to /home/ajdj/Workspaces/turtlebot3_ws/turtlebot3_modulo2/install/camara/lib/python3.10/site-packages/camara-0.0.0-py3.10.egg-info
[4.169s] running install_scripts
[4.214s] Installing camara_client script to /home/ajdj/Workspaces/turtlebot3_ws/turtlebot3_modulo2/install/camara/lib/camara
[4.214s] Installing camara_server script to /home/ajdj/Workspaces/turtlebot3_ws/turtlebot3_modulo2/install/camara/lib/camara
[4.214s] writing list of installed files to '/home/ajdj/Workspaces/turtlebot3_ws/turtlebot3_modulo2/build/camara/install.log'
[4.307s] Invoked command in '/home/ajdj/Workspaces/turtlebot3_ws/turtlebot3_modulo2/src/camara' returned '0': PYTHONPATH=/home/ajdj/Workspaces/turtlebot3_ws/turtlebot3_modulo2/build/camara/prefix_override:/usr/lib/python3/dist-packages/colcon_core/task/python/colcon_distutils_commands:/home/ajdj/Workspaces/turtlebot3_ws/turtlebot3_modulo2/install/camara/lib/python3.10/site-packages:${PYTHONPATH} /usr/bin/python3 -W ignore:setup.py install is deprecated setup.py egg_info --egg-base ../../build/camara build --build-base /home/ajdj/Workspaces/turtlebot3_ws/turtlebot3_modulo2/build/camara/build install --record /home/ajdj/Workspaces/turtlebot3_ws/turtlebot3_modulo2/build/camara/install.log --single-version-externally-managed install_data
