[1.184s] Invoking command in '/home/ajdj/Workspaces/turtlebot3_ws/turtlebot3_modulo2/src/interface_turtlebot': PYTHONPATH=/home/ajdj/Workspaces/turtlebot3_ws/turtlebot3_modulo2/build/interface_turtlebot/prefix_override:/usr/lib/python3/dist-packages/colcon_core/task/python/colcon_distutils_commands:/home/ajdj/Workspaces/turtlebot3_ws/turtlebot3_modulo2/install/interface_turtlebot/lib/python3.10/site-packages:${PYTHONPATH} /usr/bin/python3 -W ignore:setup.py install is deprecated setup.py egg_info --egg-base ../../build/interface_turtlebot build --build-base /home/ajdj/Workspaces/turtlebot3_ws/turtlebot3_modulo2/build/interface_turtlebot/build install --record /home/ajdj/Workspaces/turtlebot3_ws/turtlebot3_modulo2/build/interface_turtlebot/install.log --single-version-externally-managed install_data
[1.538s] running egg_info
[1.539s] writing ../../build/interface_turtlebot/interface_turtlebot.egg-info/PKG-INFO
[1.540s] writing dependency_links to ../../build/interface_turtlebot/interface_turtlebot.egg-info/dependency_links.txt
[1.540s] writing entry points to ../../build/interface_turtlebot/interface_turtlebot.egg-info/entry_points.txt
[1.540s] writing requirements to ../../build/interface_turtlebot/interface_turtlebot.egg-info/requires.txt
[1.541s] writing top-level names to ../../build/interface_turtlebot/interface_turtlebot.egg-info/top_level.txt
[1.543s] reading manifest file '../../build/interface_turtlebot/interface_turtlebot.egg-info/SOURCES.txt'
[1.544s] writing manifest file '../../build/interface_turtlebot/interface_turtlebot.egg-info/SOURCES.txt'
[1.545s] running build
[1.545s] running build_py
[1.545s] copying interface_turtlebot/interface_final.py -> /home/ajdj/Workspaces/turtlebot3_ws/turtlebot3_modulo2/build/interface_turtlebot/build/lib/interface_turtlebot
[1.545s] copying interface_turtlebot/interface_final2.py -> /home/ajdj/Workspaces/turtlebot3_ws/turtlebot3_modulo2/build/interface_turtlebot/build/lib/interface_turtlebot
[1.546s] running install
[1.546s] running install_lib
[1.549s] copying /home/ajdj/Workspaces/turtlebot3_ws/turtlebot3_modulo2/build/interface_turtlebot/build/lib/interface_turtlebot/interface_final.py -> /home/ajdj/Workspaces/turtlebot3_ws/turtlebot3_modulo2/install/interface_turtlebot/lib/python3.10/site-packages/interface_turtlebot
[1.549s] copying /home/ajdj/Workspaces/turtlebot3_ws/turtlebot3_modulo2/build/interface_turtlebot/build/lib/interface_turtlebot/interface_final2.py -> /home/ajdj/Workspaces/turtlebot3_ws/turtlebot3_modulo2/install/interface_turtlebot/lib/python3.10/site-packages/interface_turtlebot
[1.550s] byte-compiling /home/ajdj/Workspaces/turtlebot3_ws/turtlebot3_modulo2/install/interface_turtlebot/lib/python3.10/site-packages/interface_turtlebot/interface_final.py to interface_final.cpython-310.pyc
[1.552s] byte-compiling /home/ajdj/Workspaces/turtlebot3_ws/turtlebot3_modulo2/install/interface_turtlebot/lib/python3.10/site-packages/interface_turtlebot/interface_final2.py to interface_final2.cpython-310.pyc
[1.555s] running install_data
[1.555s] running install_egg_info
[1.557s] removing '/home/ajdj/Workspaces/turtlebot3_ws/turtlebot3_modulo2/install/interface_turtlebot/lib/python3.10/site-packages/interface_turtlebot-0.0.0-py3.10.egg-info' (and everything under it)
[1.559s] Copying ../../build/interface_turtlebot/interface_turtlebot.egg-info to /home/ajdj/Workspaces/turtlebot3_ws/turtlebot3_modulo2/install/interface_turtlebot/lib/python3.10/site-packages/interface_turtlebot-0.0.0-py3.10.egg-info
[1.561s] running install_scripts
[1.590s] Installing interface script to /home/ajdj/Workspaces/turtlebot3_ws/turtlebot3_modulo2/install/interface_turtlebot/lib/interface_turtlebot
[1.590s] Installing interface_aj script to /home/ajdj/Workspaces/turtlebot3_ws/turtlebot3_modulo2/install/interface_turtlebot/lib/interface_turtlebot
[1.590s] Installing interface_bot script to /home/ajdj/Workspaces/turtlebot3_ws/turtlebot3_modulo2/install/interface_turtlebot/lib/interface_turtlebot
[1.590s] Installing interface_final script to /home/ajdj/Workspaces/turtlebot3_ws/turtlebot3_modulo2/install/interface_turtlebot/lib/interface_turtlebot
[1.591s] Installing map_saver_service script to /home/ajdj/Workspaces/turtlebot3_ws/turtlebot3_modulo2/install/interface_turtlebot/lib/interface_turtlebot
[1.591s] writing list of installed files to '/home/ajdj/Workspaces/turtlebot3_ws/turtlebot3_modulo2/build/interface_turtlebot/install.log'
[1.642s] Invoked command in '/home/ajdj/Workspaces/turtlebot3_ws/turtlebot3_modulo2/src/interface_turtlebot' returned '0': PYTHONPATH=/home/ajdj/Workspaces/turtlebot3_ws/turtlebot3_modulo2/build/interface_turtlebot/prefix_override:/usr/lib/python3/dist-packages/colcon_core/task/python/colcon_distutils_commands:/home/ajdj/Workspaces/turtlebot3_ws/turtlebot3_modulo2/install/interface_turtlebot/lib/python3.10/site-packages:${PYTHONPATH} /usr/bin/python3 -W ignore:setup.py install is deprecated setup.py egg_info --egg-base ../../build/interface_turtlebot build --build-base /home/ajdj/Workspaces/turtlebot3_ws/turtlebot3_modulo2/build/interface_turtlebot/build install --record /home/ajdj/Workspaces/turtlebot3_ws/turtlebot3_modulo2/build/interface_turtlebot/install.log --single-version-externally-managed install_data
