[6.062s] Invoking command in '/home/ajdj/Workspaces/turtlebot3_ws/turtlebot3_modulo2/src/camara': PYTHONPATH=/home/ajdj/Workspaces/turtlebot3_ws/turtlebot3_modulo2/build/camara/prefix_override:/usr/lib/python3/dist-packages/colcon_core/task/python/colcon_distutils_commands:/home/ajdj/Workspaces/turtlebot3_ws/turtlebot3_modulo2/install/camara/lib/python3.10/site-packages:${PYTHONPATH} /usr/bin/python3 -W ignore:setup.py install is deprecated setup.py egg_info --egg-base ../../build/camara build --build-base /home/ajdj/Workspaces/turtlebot3_ws/turtlebot3_modulo2/build/camara/build install --record /home/ajdj/Workspaces/turtlebot3_ws/turtlebot3_modulo2/build/camara/install.log --single-version-externally-managed install_data
[6.511s] running egg_info
[6.514s] writing ../../build/camara/camara.egg-info/PKG-INFO
[6.514s] writing dependency_links to ../../build/camara/camara.egg-info/dependency_links.txt
[6.517s] writing entry points to ../../build/camara/camara.egg-info/entry_points.txt
[6.517s] writing requirements to ../../build/camara/camara.egg-info/requires.txt
[6.518s] writing top-level names to ../../build/camara/camara.egg-info/top_level.txt
[6.520s] reading manifest file '../../build/camara/camara.egg-info/SOURCES.txt'
[6.541s] writing manifest file '../../build/camara/camara.egg-info/SOURCES.txt'
[6.541s] running build
[6.541s] running build_py
[6.616s] copying camara/camara_server.py -> /home/ajdj/Workspaces/turtlebot3_ws/turtlebot3_modulo2/build/camara/build/lib/camara
[6.616s] running install
[6.616s] running install_lib
[6.618s] copying /home/ajdj/Workspaces/turtlebot3_ws/turtlebot3_modulo2/build/camara/build/lib/camara/camara_server.py -> /home/ajdj/Workspaces/turtlebot3_ws/turtlebot3_modulo2/install/camara/lib/python3.10/site-packages/camara
[6.619s] byte-compiling /home/ajdj/Workspaces/turtlebot3_ws/turtlebot3_modulo2/install/camara/lib/python3.10/site-packages/camara/camara_server.py to camara_server.cpython-310.pyc
[6.636s] running install_data
[6.636s] running install_egg_info
[6.641s] removing '/home/ajdj/Workspaces/turtlebot3_ws/turtlebot3_modulo2/install/camara/lib/python3.10/site-packages/camara-0.0.0-py3.10.egg-info' (and everything under it)
[6.641s] Copying ../../build/camara/camara.egg-info to /home/ajdj/Workspaces/turtlebot3_ws/turtlebot3_modulo2/install/camara/lib/python3.10/site-packages/camara-0.0.0-py3.10.egg-info
[6.656s] running install_scripts
[6.698s] Installing camara_client script to /home/ajdj/Workspaces/turtlebot3_ws/turtlebot3_modulo2/install/camara/lib/camara
[6.699s] Installing camara_server script to /home/ajdj/Workspaces/turtlebot3_ws/turtlebot3_modulo2/install/camara/lib/camara
[6.699s] writing list of installed files to '/home/ajdj/Workspaces/turtlebot3_ws/turtlebot3_modulo2/build/camara/install.log'
[6.793s] Invoked command in '/home/ajdj/Workspaces/turtlebot3_ws/turtlebot3_modulo2/src/camara' returned '0': PYTHONPATH=/home/ajdj/Workspaces/turtlebot3_ws/turtlebot3_modulo2/build/camara/prefix_override:/usr/lib/python3/dist-packages/colcon_core/task/python/colcon_distutils_commands:/home/ajdj/Workspaces/turtlebot3_ws/turtlebot3_modulo2/install/camara/lib/python3.10/site-packages:${PYTHONPATH} /usr/bin/python3 -W ignore:setup.py install is deprecated setup.py egg_info --egg-base ../../build/camara build --build-base /home/ajdj/Workspaces/turtlebot3_ws/turtlebot3_modulo2/build/camara/build install --record /home/ajdj/Workspaces/turtlebot3_ws/turtlebot3_modulo2/build/camara/install.log --single-version-externally-managed install_data
