/home/ajdj/Workspaces/turtlebot3_ws/turtlebot3_modulo2/install/hazmat_marker/lib/python3.10/site-packages/hazmat_marker/hazmat_marker_al.py
/home/ajdj/Workspaces/turtlebot3_ws/turtlebot3_modulo2/install/hazmat_marker/lib/python3.10/site-packages/hazmat_marker/hazmat_marker_aj.py
/home/ajdj/Workspaces/turtlebot3_ws/turtlebot3_modulo2/install/hazmat_marker/lib/python3.10/site-packages/hazmat_marker/hazmat_marker.py
/home/ajdj/Workspaces/turtlebot3_ws/turtlebot3_modulo2/install/hazmat_marker/lib/python3.10/site-packages/hazmat_marker/__init__.py
/home/ajdj/Workspaces/turtlebot3_ws/turtlebot3_modulo2/install/hazmat_marker/lib/python3.10/site-packages/hazmat_marker/__pycache__/hazmat_marker_al.cpython-310.pyc
/home/ajdj/Workspaces/turtlebot3_ws/turtlebot3_modulo2/install/hazmat_marker/lib/python3.10/site-packages/hazmat_marker/__pycache__/hazmat_marker_aj.cpython-310.pyc
/home/ajdj/Workspaces/turtlebot3_ws/turtlebot3_modulo2/install/hazmat_marker/lib/python3.10/site-packages/hazmat_marker/__pycache__/hazmat_marker.cpython-310.pyc
/home/ajdj/Workspaces/turtlebot3_ws/turtlebot3_modulo2/install/hazmat_marker/lib/python3.10/site-packages/hazmat_marker/__pycache__/__init__.cpython-310.pyc
/home/ajdj/Workspaces/turtlebot3_ws/turtlebot3_modulo2/install/hazmat_marker/share/ament_index/resource_index/packages/hazmat_marker
/home/ajdj/Workspaces/turtlebot3_ws/turtlebot3_modulo2/install/hazmat_marker/share/hazmat_marker/package.xml
/home/ajdj/Workspaces/turtlebot3_ws/turtlebot3_modulo2/install/hazmat_marker/lib/python3.10/site-packages/hazmat_marker-0.1.0-py3.10.egg-info/PKG-INFO
/home/ajdj/Workspaces/turtlebot3_ws/turtlebot3_modulo2/install/hazmat_marker/lib/python3.10/site-packages/hazmat_marker-0.1.0-py3.10.egg-info/zip-safe
/home/ajdj/Workspaces/turtlebot3_ws/turtlebot3_modulo2/install/hazmat_marker/lib/python3.10/site-packages/hazmat_marker-0.1.0-py3.10.egg-info/SOURCES.txt
/home/ajdj/Workspaces/turtlebot3_ws/turtlebot3_modulo2/install/hazmat_marker/lib/python3.10/site-packages/hazmat_marker-0.1.0-py3.10.egg-info/dependency_links.txt
/home/ajdj/Workspaces/turtlebot3_ws/turtlebot3_modulo2/install/hazmat_marker/lib/python3.10/site-packages/hazmat_marker-0.1.0-py3.10.egg-info/entry_points.txt
/home/ajdj/Workspaces/turtlebot3_ws/turtlebot3_modulo2/install/hazmat_marker/lib/python3.10/site-packages/hazmat_marker-0.1.0-py3.10.egg-info/top_level.txt
/home/ajdj/Workspaces/turtlebot3_ws/turtlebot3_modulo2/install/hazmat_marker/lib/python3.10/site-packages/hazmat_marker-0.1.0-py3.10.egg-info/requires.txt
/home/ajdj/Workspaces/turtlebot3_ws/turtlebot3_modulo2/install/hazmat_marker/lib/hazmat_marker/hazmat_marker
/home/ajdj/Workspaces/turtlebot3_ws/turtlebot3_modulo2/install/hazmat_marker/lib/hazmat_marker/hazmat_marker_aj
/home/ajdj/Workspaces/turtlebot3_ws/turtlebot3_modulo2/install/hazmat_marker/lib/hazmat_marker/hazmat_marker_al
