[3.479s] Invoking command in '/home/ajdj/Workspaces/turtlebot3_ws/turtlebot3_modulo2/src/interface_turtlebot': PYTHONPATH=/home/ajdj/Workspaces/turtlebot3_ws/turtlebot3_modulo2/build/interface_turtlebot/prefix_override:/usr/lib/python3/dist-packages/colcon_core/task/python/colcon_distutils_commands:/home/ajdj/Workspaces/turtlebot3_ws/turtlebot3_modulo2/install/interface_turtlebot/lib/python3.10/site-packages:${PYTHONPATH} /usr/bin/python3 -W ignore:setup.py install is deprecated setup.py egg_info --egg-base ../../build/interface_turtlebot build --build-base /home/ajdj/Workspaces/turtlebot3_ws/turtlebot3_modulo2/build/interface_turtlebot/build install --record /home/ajdj/Workspaces/turtlebot3_ws/turtlebot3_modulo2/build/interface_turtlebot/install.log --single-version-externally-managed install_data
[6.439s] running egg_info
[6.442s] writing ../../build/interface_turtlebot/interface_turtlebot.egg-info/PKG-INFO
[6.443s] writing dependency_links to ../../build/interface_turtlebot/interface_turtlebot.egg-info/dependency_links.txt
[6.444s] writing entry points to ../../build/interface_turtlebot/interface_turtlebot.egg-info/entry_points.txt
[6.448s] writing requirements to ../../build/interface_turtlebot/interface_turtlebot.egg-info/requires.txt
[6.448s] writing top-level names to ../../build/interface_turtlebot/interface_turtlebot.egg-info/top_level.txt
[6.455s] reading manifest file '../../build/interface_turtlebot/interface_turtlebot.egg-info/SOURCES.txt'
[6.455s] writing manifest file '../../build/interface_turtlebot/interface_turtlebot.egg-info/SOURCES.txt'
[6.456s] running build
[6.456s] running build_py
[6.459s] running install
[6.462s] running install_lib
[6.474s] running install_data
[6.475s] running install_egg_info
[6.479s] removing '/home/ajdj/Workspaces/turtlebot3_ws/turtlebot3_modulo2/install/interface_turtlebot/lib/python3.10/site-packages/interface_turtlebot-0.0.0-py3.10.egg-info' (and everything under it)
[6.487s] Copying ../../build/interface_turtlebot/interface_turtlebot.egg-info to /home/ajdj/Workspaces/turtlebot3_ws/turtlebot3_modulo2/install/interface_turtlebot/lib/python3.10/site-packages/interface_turtlebot-0.0.0-py3.10.egg-info
[6.487s] running install_scripts
[6.593s] Installing interface script to /home/ajdj/Workspaces/turtlebot3_ws/turtlebot3_modulo2/install/interface_turtlebot/lib/interface_turtlebot
[6.594s] Installing interface_aj script to /home/ajdj/Workspaces/turtlebot3_ws/turtlebot3_modulo2/install/interface_turtlebot/lib/interface_turtlebot
[6.595s] Installing interface_bot script to /home/ajdj/Workspaces/turtlebot3_ws/turtlebot3_modulo2/install/interface_turtlebot/lib/interface_turtlebot
[6.597s] Installing map_saver_service script to /home/ajdj/Workspaces/turtlebot3_ws/turtlebot3_modulo2/install/interface_turtlebot/lib/interface_turtlebot
[6.598s] writing list of installed files to '/home/ajdj/Workspaces/turtlebot3_ws/turtlebot3_modulo2/build/interface_turtlebot/install.log'
[6.908s] Invoked command in '/home/ajdj/Workspaces/turtlebot3_ws/turtlebot3_modulo2/src/interface_turtlebot' returned '0': PYTHONPATH=/home/ajdj/Workspaces/turtlebot3_ws/turtlebot3_modulo2/build/interface_turtlebot/prefix_override:/usr/lib/python3/dist-packages/colcon_core/task/python/colcon_distutils_commands:/home/ajdj/Workspaces/turtlebot3_ws/turtlebot3_modulo2/install/interface_turtlebot/lib/python3.10/site-packages:${PYTHONPATH} /usr/bin/python3 -W ignore:setup.py install is deprecated setup.py egg_info --egg-base ../../build/interface_turtlebot build --build-base /home/ajdj/Workspaces/turtlebot3_ws/turtlebot3_modulo2/build/interface_turtlebot/build install --record /home/ajdj/Workspaces/turtlebot3_ws/turtlebot3_modulo2/build/interface_turtlebot/install.log --single-version-externally-managed install_data
