[1.575s] Invoking command in '/home/ajdj/Workspaces/turtlebot3_ws/turtlebot3_modulo2/src/joint_state_publisher_custom': PYTHONPATH=/home/ajdj/Workspaces/turtlebot3_ws/turtlebot3_modulo2/build/joint_state_publisher_custom/prefix_override:/usr/lib/python3/dist-packages/colcon_core/task/python/colcon_distutils_commands:/home/ajdj/Workspaces/turtlebot3_ws/turtlebot3_modulo2/install/joint_state_publisher_custom/lib/python3.10/site-packages:${PYTHONPATH} /usr/bin/python3 -W ignore:setup.py install is deprecated setup.py egg_info --egg-base ../../build/joint_state_publisher_custom build --build-base /home/ajdj/Workspaces/turtlebot3_ws/turtlebot3_modulo2/build/joint_state_publisher_custom/build install --record /home/ajdj/Workspaces/turtlebot3_ws/turtlebot3_modulo2/build/joint_state_publisher_custom/install.log --single-version-externally-managed
[1.919s] running egg_info
[1.919s] creating ../../build/joint_state_publisher_custom/joint_state_publisher_custom.egg-info
[1.919s] writing ../../build/joint_state_publisher_custom/joint_state_publisher_custom.egg-info/PKG-INFO
[1.920s] writing dependency_links to ../../build/joint_state_publisher_custom/joint_state_publisher_custom.egg-info/dependency_links.txt
[1.920s] writing entry points to ../../build/joint_state_publisher_custom/joint_state_publisher_custom.egg-info/entry_points.txt
[1.920s] writing requirements to ../../build/joint_state_publisher_custom/joint_state_publisher_custom.egg-info/requires.txt
[1.920s] writing top-level names to ../../build/joint_state_publisher_custom/joint_state_publisher_custom.egg-info/top_level.txt
[1.920s] writing manifest file '../../build/joint_state_publisher_custom/joint_state_publisher_custom.egg-info/SOURCES.txt'
[1.931s] reading manifest file '../../build/joint_state_publisher_custom/joint_state_publisher_custom.egg-info/SOURCES.txt'
[1.932s] writing manifest file '../../build/joint_state_publisher_custom/joint_state_publisher_custom.egg-info/SOURCES.txt'
[1.932s] running build
[1.932s] running build_py
[1.932s] creating /home/ajdj/Workspaces/turtlebot3_ws/turtlebot3_modulo2/build/joint_state_publisher_custom/build
[1.932s] creating /home/ajdj/Workspaces/turtlebot3_ws/turtlebot3_modulo2/build/joint_state_publisher_custom/build/lib
[1.932s] creating /home/ajdj/Workspaces/turtlebot3_ws/turtlebot3_modulo2/build/joint_state_publisher_custom/build/lib/joint_state_publisher_custom
[1.932s] copying joint_state_publisher_custom/joint_state_publisher.py -> /home/ajdj/Workspaces/turtlebot3_ws/turtlebot3_modulo2/build/joint_state_publisher_custom/build/lib/joint_state_publisher_custom
[1.970s] copying joint_state_publisher_custom/__init__.py -> /home/ajdj/Workspaces/turtlebot3_ws/turtlebot3_modulo2/build/joint_state_publisher_custom/build/lib/joint_state_publisher_custom
[1.970s] running install
[1.970s] running install_lib
[1.973s] creating /home/ajdj/Workspaces/turtlebot3_ws/turtlebot3_modulo2/install/joint_state_publisher_custom/lib/python3.10/site-packages/joint_state_publisher_custom
[1.973s] copying /home/ajdj/Workspaces/turtlebot3_ws/turtlebot3_modulo2/build/joint_state_publisher_custom/build/lib/joint_state_publisher_custom/joint_state_publisher.py -> /home/ajdj/Workspaces/turtlebot3_ws/turtlebot3_modulo2/install/joint_state_publisher_custom/lib/python3.10/site-packages/joint_state_publisher_custom
[1.973s] copying /home/ajdj/Workspaces/turtlebot3_ws/turtlebot3_modulo2/build/joint_state_publisher_custom/build/lib/joint_state_publisher_custom/__init__.py -> /home/ajdj/Workspaces/turtlebot3_ws/turtlebot3_modulo2/install/joint_state_publisher_custom/lib/python3.10/site-packages/joint_state_publisher_custom
[1.974s] byte-compiling /home/ajdj/Workspaces/turtlebot3_ws/turtlebot3_modulo2/install/joint_state_publisher_custom/lib/python3.10/site-packages/joint_state_publisher_custom/joint_state_publisher.py to joint_state_publisher.cpython-310.pyc
[1.974s] byte-compiling /home/ajdj/Workspaces/turtlebot3_ws/turtlebot3_modulo2/install/joint_state_publisher_custom/lib/python3.10/site-packages/joint_state_publisher_custom/__init__.py to __init__.cpython-310.pyc
[1.976s] running install_egg_info
[1.977s] Copying ../../build/joint_state_publisher_custom/joint_state_publisher_custom.egg-info to /home/ajdj/Workspaces/turtlebot3_ws/turtlebot3_modulo2/install/joint_state_publisher_custom/lib/python3.10/site-packages/joint_state_publisher_custom-0.0.0-py3.10.egg-info
[1.977s] running install_scripts
[2.004s] Installing joint_state_publisher script to /home/ajdj/Workspaces/turtlebot3_ws/turtlebot3_modulo2/install/joint_state_publisher_custom/lib/joint_state_publisher_custom
[2.004s] writing list of installed files to '/home/ajdj/Workspaces/turtlebot3_ws/turtlebot3_modulo2/build/joint_state_publisher_custom/install.log'
[2.685s] Invoked command in '/home/ajdj/Workspaces/turtlebot3_ws/turtlebot3_modulo2/src/joint_state_publisher_custom' returned '0': PYTHONPATH=/home/ajdj/Workspaces/turtlebot3_ws/turtlebot3_modulo2/build/joint_state_publisher_custom/prefix_override:/usr/lib/python3/dist-packages/colcon_core/task/python/colcon_distutils_commands:/home/ajdj/Workspaces/turtlebot3_ws/turtlebot3_modulo2/install/joint_state_publisher_custom/lib/python3.10/site-packages:${PYTHONPATH} /usr/bin/python3 -W ignore:setup.py install is deprecated setup.py egg_info --egg-base ../../build/joint_state_publisher_custom build --build-base /home/ajdj/Workspaces/turtlebot3_ws/turtlebot3_modulo2/build/joint_state_publisher_custom/build install --record /home/ajdj/Workspaces/turtlebot3_ws/turtlebot3_modulo2/build/joint_state_publisher_custom/install.log --single-version-externally-managed
